Model: base
Runtime: 576.12354826927185
FOLD
(t0 -> t1 -> t1) -> t1 -> list(t0) -> t1 	 #(lambda (lambda (#(lambda (lambda (fix1 $0 $1))) (lambda (lambda (if (empty? $0) $2 ($3 (car $0) ($1 (cdr $0)))))))))
UNFOLD
MAP
(t0 -> t1) -> list(t0) -> list(t1) 	 #(lambda (#(lambda (lambda (fix1 $0 $1))) (lambda (lambda (#(lambda (lambda (lambda (if (empty? $0) empty (cons $1 $2))))) ($1 (cdr $0)) ($2 (car $0)) $0)))))
FILTER
ZIP
(t0 -> t1 -> t2) -> list(t0) -> list(t1) -> list(t2) 	 #(lambda (lambda (lambda (#(lambda (lambda (#(lambda (lambda (lambda (fix1 $2 (lambda (lambda (if (empty? $0) $2 ($3 ($1 (cdr $0)) (car $0))))))))) $1 (lambda (lambda (cons ($2 $0) $1))) empty))) (#(#(lambda (lambda (lambda (#(lambda (lambda (lambda (lambda (fix1 $3 (lambda (lambda (if ($2 $0) empty (cons ($3 $0) ($1 ($4 $0))))))))))) $1 (lambda ($3 $0 1)) (lambda $0) (lambda (eq? $0 $1)))))) (lambda (lambda (+ $1 $0))) 0) (#(lambda (#(lambda (lambda (lambda (fix1 $2 (lambda (lambda (if (empty? $0) $2 ($3 ($1 (cdr $0)) (car $0))))))))) $0 (lambda (lambda (+ 1 $1))) 0)) $0)) (lambda ($3 (#(lambda (lambda (car (#(lambda (lambda (lambda (fix1 $2 (lambda (lambda (if (empty? $0) $2 ($3 ($1 (cdr $0)) (car $0))))))))) (#(#(lambda (lambda (lambda (#(lambda (lambda (lambda (lambda (fix1 $3 (lambda (lambda (if ($2 $0) empty (cons ($3 $0) ($1 ($4 $0))))))))))) $1 (lambda ($3 $0 1)) (lambda $0) (lambda (eq? $0 $1)))))) (lambda (lambda (+ $1 $0))) 0) $1) (lambda (lambda (cdr $1))) $0)))) $0 $2) (#(lambda (lambda (car (#(lambda (lambda (lambda (fix1 $2 (lambda (lambda (if (empty? $0) $2 ($3 ($1 (cdr $0)) (car $0))))))))) (#(#(lambda (lambda (lambda (#(lambda (lambda (lambda (lambda (fix1 $3 (lambda (lambda (if ($2 $0) empty (cons ($3 $0) ($1 ($4 $0))))))))))) $1 (lambda ($3 $0 1)) (lambda $0) (lambda (eq? $0 $1)))))) (lambda (lambda (+ $1 $0))) 0) $1) (lambda (lambda (cdr $1))) $0)))) $0 $1)))))))

Model: bayes
Runtime: 640.12503361701966
FOLD
(t0 -> t1 -> t1) -> t1 -> list(t0) -> t1 	 #(lambda (lambda (lambda (fix1 $0 (lambda (lambda (if (empty? $0) $3 ($4 (car $0) ($1 (cdr $0))))))))))
UNFOLD
MAP
(t0 -> t1) -> list(t0) -> list(t1) 	 #(lambda (lambda (fix1 $0 (lambda (lambda (#(lambda (lambda (lambda (if $0 empty (cons $1 $2))))) ($1 (cdr $0)) ($3 (car $0)) (empty? $0)))))))
FILTER
ZIP
(t0 -> t1 -> t2) -> list(t0) -> list(t1) -> list(t2) 	 #(lambda (lambda (lambda (#(lambda (lambda (#(lambda (lambda (lambda (fix1 $2 (lambda (lambda (if (empty? $0) $2 ($3 ($1 (cdr $0)) (car $0))))))))) $1 (lambda (lambda (cons ($2 $0) $1))) empty))) (#(#(lambda (lambda (lambda (#(lambda (lambda (lambda (lambda (fix1 $3 (lambda (lambda (if ($2 $0) empty (cons ($3 $0) ($1 ($4 $0))))))))))) $1 (lambda ($3 $0 1)) (lambda $0) (lambda (eq? $0 $1)))))) (lambda (lambda (+ $1 $0))) 0) (#(lambda (#(lambda (lambda (lambda (fix1 $2 (lambda (lambda (if (empty? $0) $2 ($3 ($1 (cdr $0)) (car $0))))))))) $0 (lambda (lambda (+ 1 $1))) 0)) $0)) (lambda ($3 (#(lambda (lambda (car (#(lambda (lambda (lambda (fix1 $2 (lambda (lambda (if (empty? $0) $2 ($3 ($1 (cdr $0)) (car $0))))))))) (#(#(lambda (lambda (lambda (#(lambda (lambda (lambda (lambda (fix1 $3 (lambda (lambda (if ($2 $0) empty (cons ($3 $0) ($1 ($4 $0))))))))))) $1 (lambda ($3 $0 1)) (lambda $0) (lambda (eq? $0 $1)))))) (lambda (lambda (+ $1 $0))) 0) $1) (lambda (lambda (cdr $1))) $0)))) $0 $2) (#(lambda (lambda (car (#(lambda (lambda (lambda (fix1 $2 (lambda (lambda (if (empty? $0) $2 ($3 ($1 (cdr $0)) (car $0))))))))) (#(#(lambda (lambda (lambda (#(lambda (lambda (lambda (lambda (fix1 $3 (lambda (lambda (if ($2 $0) empty (cons ($3 $0) ($1 ($4 $0))))))))))) $1 (lambda ($3 $0 1)) (lambda $0) (lambda (eq? $0 $1)))))) (lambda (lambda (+ $1 $0))) 0) $1) (lambda (lambda (cdr $1))) $0)))) $0 $1)))))))

Model: vs
Runtime: 2518.6441133022308
FOLD
t0 -> (t1 -> t0 -> t0) -> list(t1) -> t0 	 #(lambda (lambda (lambda (fix1 $0 (lambda (lambda ($3 (car $0) (if (empty? (cdr $0)) $4 ($1 (cdr $0))))))))))
UNFOLD
(t0 -> t0) -> (t0 -> t1) -> (t0 -> bool) -> t0 -> list(t1) 	 #(lambda (lambda (lambda (lambda (fix1 $0 (lambda (lambda (if ($3 $0) empty (cons ($4 $0) ($1 ($5 $0)))))))))))
MAP
(t0 -> t1) -> list(t0) -> list(t1) 	 #(lambda (#(lambda (lambda (lambda (lambda (fix1 $0 (lambda (lambda (if ($3 $0) empty (cons ($4 $0) ($1 ($5 $0))))))))))) cdr (lambda ($1 (car $0))) empty?))
FILTER
ZIP
(t0 -> t1 -> t2) -> list(t0) -> list(t1) -> list(t2) 	 #(lambda (lambda (lambda (#(lambda (lambda (#(lambda (lambda (lambda (fix1 $2 (lambda (lambda (if (empty? $0) $2 ($3 ($1 (cdr $0)) (car $0))))))))) $1 (lambda (lambda (cons ($2 $0) $1))) empty))) (#(#(lambda (lambda (lambda (#(lambda (lambda (lambda (lambda (fix1 $3 (lambda (lambda (if ($2 $0) empty (cons ($3 $0) ($1 ($4 $0))))))))))) $1 (lambda ($3 $0 1)) (lambda $0) (lambda (eq? $0 $1)))))) (lambda (lambda (+ $1 $0))) 0) (#(lambda (#(lambda (lambda (lambda (fix1 $2 (lambda (lambda (if (empty? $0) $2 ($3 ($1 (cdr $0)) (car $0))))))))) $0 (lambda (lambda (+ 1 $1))) 0)) $0)) (lambda ($3 (#(lambda (lambda (car (#(lambda (lambda (lambda (fix1 $2 (lambda (lambda (if (empty? $0) $2 ($3 ($1 (cdr $0)) (car $0))))))))) (#(#(lambda (lambda (lambda (#(lambda (lambda (lambda (lambda (fix1 $3 (lambda (lambda (if ($2 $0) empty (cons ($3 $0) ($1 ($4 $0))))))))))) $1 (lambda ($3 $0 1)) (lambda $0) (lambda (eq? $0 $1)))))) (lambda (lambda (+ $1 $0))) 0) $1) (lambda (lambda (cdr $1))) $0)))) $0 $2) (#(lambda (lambda (car (#(lambda (lambda (lambda (fix1 $2 (lambda (lambda (if (empty? $0) $2 ($3 ($1 (cdr $0)) (car $0))))))))) (#(#(lambda (lambda (lambda (#(lambda (lambda (lambda (lambda (fix1 $3 (lambda (lambda (if ($2 $0) empty (cons ($3 $0) ($1 ($4 $0))))))))))) $1 (lambda ($3 $0 1)) (lambda $0) (lambda (eq? $0 $1)))))) (lambda (lambda (+ $1 $0))) 0) $1) (lambda (lambda (cdr $1))) $0)))) $0 $1)))))))

Model: bayes_vs
Runtime: 2685.14713835716245
FOLD
t0 -> (t1 -> t0 -> t0) -> list(t1) -> t0 	 #(lambda (lambda (lambda (fix1 $0 (lambda (lambda ($3 (car $0) (if (empty? (cdr $0)) $4 ($1 (cdr $0))))))))))
UNFOLD
(t0 -> t0) -> (t0 -> t1) -> (t0 -> bool) -> t0 -> list(t1) 	 #(lambda (lambda (lambda (lambda (fix1 $0 (lambda (lambda (if ($3 $0) empty (cons ($4 $0) ($1 ($5 $0)))))))))))
MAP
(t0 -> t1) -> list(t0) -> list(t1) 	 #(lambda (#(lambda (lambda (lambda (fix1 $0 (lambda (lambda ($3 (car $0) (if (empty? (cdr $0)) $4 ($1 (cdr $0)))))))))) empty (lambda (lambda (cons ($2 $1) $0)))))
FILTER
(t0 -> bool) -> list(t0) -> list(t0) 	 #(lambda (lambda (#(lambda (lambda (lambda (fix1 $2 (lambda (lambda (if (empty? $0) $2 ($3 ($1 (cdr $0)) (car $0))))))))) $0 (lambda (lambda (if ($3 $0) $1 (cons $0 $1)))) empty)))
ZIP
(t0 -> t1 -> t2) -> list(t0) -> list(t1) -> list(t2) 	 #(lambda (lambda (lambda (#(lambda (lambda (#(lambda (lambda (lambda (fix1 $2 (lambda (lambda (if (empty? $0) $2 ($3 ($1 (cdr $0)) (car $0))))))))) $1 (lambda (lambda (cons ($2 $0) $1))) empty))) (#(#(lambda (lambda (lambda (#(lambda (lambda (lambda (lambda (fix1 $3 (lambda (lambda (if ($2 $0) empty (cons ($3 $0) ($1 ($4 $0))))))))))) $1 (lambda ($3 $0 1)) (lambda $0) (lambda (eq? $0 $1)))))) (lambda (lambda (+ $1 $0))) 0) (#(lambda (#(lambda (lambda (lambda (fix1 $2 (lambda (lambda (if (empty? $0) $2 ($3 ($1 (cdr $0)) (car $0))))))))) $0 (lambda (lambda (+ 1 $1))) 0)) $0)) (lambda ($3 (#(lambda (lambda (car (#(lambda (lambda (lambda (fix1 $2 (lambda (lambda (if (empty? $0) $2 ($3 ($1 (cdr $0)) (car $0))))))))) (#(#(lambda (lambda (lambda (#(lambda (lambda (lambda (lambda (fix1 $3 (lambda (lambda (if ($2 $0) empty (cons ($3 $0) ($1 ($4 $0))))))))))) $1 (lambda ($3 $0 1)) (lambda $0) (lambda (eq? $0 $1)))))) (lambda (lambda (+ $1 $0))) 0) $1) (lambda (lambda (cdr $1))) $0)))) $0 $2) (#(lambda (lambda (car (#(lambda (lambda (lambda (fix1 $2 (lambda (lambda (if (empty? $0) $2 ($3 ($1 (cdr $0)) (car $0))))))))) (#(#(lambda (lambda (lambda (#(lambda (lambda (lambda (lambda (fix1 $3 (lambda (lambda (if ($2 $0) empty (cons ($3 $0) ($1 ($4 $0))))))))))) $1 (lambda ($3 $0 1)) (lambda $0) (lambda (eq? $0 $1)))))) (lambda (lambda (+ $1 $0))) 0) $1) (lambda (lambda (cdr $1))) $0)))) $0 $1)))))))

