WARNING: Could not import torch. This is only okay when doing pypy compression.
WARNING: Could not import np. This is only okay when doing pypy compression.
Failure loading recognition - only acceptable if using pypy 
WARNING: Could not import torch. This is only okay when doing pypy compression.
WARNING: Could not import np. This is only okay when doing pypy compression.
Failure loading recognition - only acceptable if using pypy 
WARNING: Could not import torch. This is only okay when doing pypy compression.
WARNING: Could not import np. This is only okay when doing pypy compression.
Failure to load pregex. This is only acceptable if using pypy
Failure to load pregex. This is only acceptable if using pypy
WARNING: Could not import torch. This is only okay when doing pypy compression.
WARNING: Could not import torch. This is only okay when doing pypy compression.
WARNING: Could not import np. This is only okay when doing pypy compression.
WARNING: Could not import recognition. This is only okay when doing pypy compression.
WARNING: Could not import torch. This is only okay when doing pypy compression.
WARNING: Could not import np. This is only okay when doing pypy compression.
WARNING: Could not import torch. This is only okay when doing pypy compression.
WARNING: Could not import np. This is only okay when doing pypy compression.
DEPRECATION NOTICE: this module (dreamcoder.ec) will be deleted soon, please update your code to import from dreamcoder.dreamcoder instead



RUNNING 0 0
Inducing a grammar from 11 frontiers
-315.9426853647645 13.0
Starting grammar induction score -341.9426853647645
constructed 0-step version spaces in 0.0 seconds
Enumerated 377 distinct version spaces
-290.84694519484145 17.3
[32m 46 sec 1304 pops 22855 utility calculations best found so far:
	 (if (empty? ?1) empty (cons ?2 ?3)) : list(t0) -> t0 -> list(t1) -> list(t0) 
utility 11.090000000000009 (adjusted from 11.119999999999997) probabilistic score -322.14694519484146 structure penalty 17.3 [0m

-290.8591276592977 16.4
[32m 47 sec 1305 pops 22855 utility calculations best found so far:
	 (if (empty? ?1) ?1 (cons ?2 ?3)) : list(t0) -> t0 -> list(t0) -> list(t0) 
utility 11.090000000000009 (adjusted from 11.119999999999997) probabilistic score -321.2591276592977 structure penalty 16.4 [0m

-286.88883050922976 16.3
[32m 50 sec 1399 pops 24463 utility calculations best found so far:
	 (if ?1 empty (cons ?2 ?3)) : list(t0) -> t0 -> bool -> list(t0) 
utility 10.080000000000027 (adjusted from 10.109999999999998) probabilistic score -317.1888305092298 structure penalty 16.3 [0m

-319.9108916167935 14.2
[31m 53 sec 1476 pops 25756 utility calculations best found so far:
	 (lambda (fix1 $0 ?1)) : ((t0 -> t1) -> t0 -> t1) -> t0 -> t1 
utility -3.039999999999999 (adjusted from 8.189999999999996) probabilistic score -348.1108916167935 structure penalty 14.2 [0m

-304.1137590531985 15.2
[33m 54 sec 1492 pops 26022 utility calculations best found so far:
	 (if (empty? ?1) ?1) : list(t0) -> list(t0) -> list(t0) 
utility 8.080000000000034 (adjusted from 8.089999999999998) probabilistic score -333.3137590531985 structure penalty 15.2 [0m

-303.9997838402987 16.1
[33m 54 sec 1493 pops 26022 utility calculations best found so far:
	 (if (empty? ?1) empty) : list(t0) -> list(t1) -> list(t1) 
utility 8.080000000000034 (adjusted from 8.089999999999998) probabilistic score -334.0997838402987 structure penalty 16.1 [0m

-303.9997838402987 16.2
[33m 55 sec 1512 pops 26327 utility calculations best found so far:
	 (if (empty? ?1) empty ?2) : list(t0) -> list(t1) -> list(t0) 
utility 7.060000000000034 (adjusted from 7.079999999999998) probabilistic score -334.19978384029866 structure penalty 16.2 [0m

-304.1137590531985 15.3
[33m 55 sec 1513 pops 26327 utility calculations best found so far:
	 (if (empty? ?1) ?1 ?2) : list(t0) -> list(t0) -> list(t0) 
utility 7.060000000000034 (adjusted from 7.079999999999998) probabilistic score -333.41375905319853 structure penalty 15.3 [0m

-297.0594337499897 18.3
[33m 55 sec 1534 pops 26659 utility calculations best found so far:
	 (cons ?1 (if (empty? (cdr ?2)) empty ?3)) : list(t0) -> list(t1) -> t0 -> list(t0) 
utility 7.050000000000008 (adjusted from 7.079999999999991) probabilistic score -329.3594337499897 structure penalty 18.3 [0m

-311.2946222292674 18.3
[33m 56 sec 1536 pops 26676 utility calculations best found so far:
	 (if (empty? (cdr ?1)) empty (?2 (cdr ?3))) : list(t0) -> (list(t0) -> list(t1)) -> list(t2) -> list(t1) 
utility 1.9500000000000135 (adjusted from 7.079999999999988) probabilistic score -343.59462222926743 structure penalty 18.3 [0m

-299.5009391223917 18.7
[31m 56 sec 1537 pops 26676 utility calculations best found so far:
	 (lambda (fix1 $0 (lambda (lambda (if (empty? $0) ?1 (?2 (car $0) ($1 (cdr $0)))))))) : (t0 -> t1 -> t1) -> t1 -> list(t0) -> t1 
utility -0.03999999999996362 (adjusted from 6.099999999999998) probabilistic score -332.2009391223917 structure penalty 18.7 [0m

-325.71890653433667 16.3
[31m 56 sec 1541 pops 26727 utility calculations best found so far:
	 (if (empty? ?1) empty (?2 ?3)) : t0 -> (t0 -> list(t1)) -> list(t2) -> list(t1) 
utility -0.0799999999999983 (adjusted from 6.0699999999999985) probabilistic score -356.0189065343367 structure penalty 16.3 [0m

-325.49678198481257 15.4
[31m 57 sec 1542 pops 26727 utility calculations best found so far:
	 (if (empty? ?1) ?1 (?2 ?3)) : t0 -> (t0 -> list(t1)) -> list(t1) -> list(t1) 
utility -0.0799999999999983 (adjusted from 6.0699999999999985) probabilistic score -354.89678198481255 structure penalty 15.4 [0m

-315.77957159256647 15.1
[33m 57 sec 1544 pops 26744 utility calculations best found so far:
	 (if (empty? ?1)) : list(t0) -> t1 -> t1 -> t1 
utility 6.0600000000000325 (adjusted from 6.0699999999999985) probabilistic score -344.8795715925665 structure penalty 15.1 [0m

-305.8952046995574 17.1
[33m 57 sec 1556 pops 26921 utility calculations best found so far:
	 (if (empty? (cdr ?1)) empty) : list(t0) -> list(t1) -> list(t1) 
utility 6.060000000000043 (adjusted from 6.069999999999991) probabilistic score -336.9952046995574 structure penalty 17.1 [0m

-304.72952931721255 15.1
[33m 58 sec 1563 pops 27021 utility calculations best found so far:
	 (if ?1 empty) : bool -> list(t0) -> list(t0) 
utility 5.050000000000013 (adjusted from 5.059999999999999) probabilistic score -333.8295293172126 structure penalty 15.1 [0m

-315.77957159256647 15.2
[33m 58 sec 1564 pops 27021 utility calculations best found so far:
	 (if (empty? ?1) ?2) : t0 -> list(t1) -> t0 -> t0 
utility 5.040000000000033 (adjusted from 5.059999999999999) probabilistic score -344.97957159256646 structure penalty 15.2 [0m

-305.8952046995574 17.2
[33m 58 sec 1577 pops 27215 utility calculations best found so far:
	 (if (empty? (cdr ?1)) empty ?2) : list(t0) -> list(t1) -> list(t0) 
utility 5.040000000000044 (adjusted from 5.059999999999992) probabilistic score -337.09520469955737 structure penalty 17.2 [0m

-315.64083284451505 16.1
[33m 58 sec 1578 pops 27215 utility calculations best found so far:
	 (if (empty? (cdr ?1))) : list(t0) -> t1 -> t1 -> t1 
utility 5.050000000000033 (adjusted from 5.059999999999992) probabilistic score -345.74083284451507 structure penalty 16.1 [0m

-299.5009391223917 18.7
[31m 59 sec 1581 pops 27247 utility calculations best found so far:
	 (fix1 ?1 (lambda (lambda (if (empty? $0) ?2 (?3 (car $0) ($1 (cdr $0))))))) : (t0 -> t1 -> t1) -> t1 -> list(t0) -> t1 
utility -0.03999999999996362 (adjusted from 4.0699999999999985) probabilistic score -332.2009391223917 structure penalty 18.7 [0m

-321.6369379776503 17.6
[31m 59 sec 1582 pops 27247 utility calculations best found so far:
	 (lambda (lambda (if (empty? $0) ?1 (?2 (car $0) ($1 (cdr $0)))))) : (t0 -> t1 -> t2) -> t2 -> (list(t0) -> t1) -> list(t0) -> t2 
utility -6.149999999999979 (adjusted from 4.0699999999999985) probabilistic score -353.2369379776503 structure penalty 17.6 [0m

-304.72952931721255 15.2
[33m 59 sec 1584 pops 27263 utility calculations best found so far:
	 (if ?1 empty ?2) : list(t0) -> bool -> list(t0) 
utility 4.030000000000014 (adjusted from 4.049999999999999) probabilistic score -333.92952931721254 structure penalty 15.2 [0m

-315.77957159256647 15.3
[33m 59 sec 1585 pops 27263 utility calculations best found so far:
	 (if (empty? ?1) ?2 ?3) : t0 -> t0 -> list(t1) -> t0 
utility 4.020000000000033 (adjusted from 4.049999999999999) probabilistic score -345.0795715925665 structure penalty 15.3 [0m

-326.0097370173338 15.2
[31m 59 sec 1589 pops 27313 utility calculations best found so far:
	 (if (?1 ?2) empty) : t0 -> (t0 -> bool) -> list(t1) -> list(t1) 
utility -4.05999999999999 (adjusted from 4.049999999999999) probabilistic score -355.2097370173338 structure penalty 15.2 [0m

-301.9699523174131 18.3
[33m 60 sec 1599 pops 27459 utility calculations best found so far:
	 (if (empty? ?1) empty (cons (car ?2) ?3)) : list(t0) -> list(t0) -> list(t1) -> list(t0) 
utility 4.020000000000007 (adjusted from 4.049999999999995) probabilistic score -334.26995231741313 structure penalty 18.3 [0m

-301.97009202892923 17.4
[33m 61 sec 1600 pops 27459 utility calculations best found so far:
	 (if (empty? ?1) ?1 (cons (car ?2) ?3)) : list(t0) -> list(t0) -> list(t0) -> list(t0) 
utility 4.020000000000007 (adjusted from 4.049999999999995) probabilistic score -333.3700920289292 structure penalty 17.4 [0m

-315.64083284451505 16.2
[33m 61 sec 1607 pops 27556 utility calculations best found so far:
	 (if (empty? (cdr ?1)) ?2) : t0 -> list(t1) -> t0 -> t0 
utility 4.030000000000033 (adjusted from 4.049999999999992) probabilistic score -345.84083284451503 structure penalty 16.2 [0m

-304.459816048294 17.3
[33m 61 sec 1608 pops 27556 utility calculations best found so far:
	 (cons ?1 (if (empty? ?2) empty ?3)) : list(t0) -> list(t1) -> t0 -> list(t0) 
utility 4.020000000000044 (adjusted from 4.049999999999988) probabilistic score -335.759816048294 structure penalty 17.3 [0m

-323.35614944706305 17.3
[31m 61 sec 1609 pops 27556 utility calculations best found so far:
	 (if (empty? (cdr ?1)) empty (?2 ?3)) : t0 -> (t0 -> list(t1)) -> list(t2) -> list(t1) 
utility -1.0800000000000072 (adjusted from 4.049999999999988) probabilistic score -354.65614944706306 structure penalty 17.3 [0m

-325.9542424526752 17.7
[31m 62 sec 1611 pops 27574 utility calculations best found so far:
	 (?1 (lambda (lambda (if (empty? $0) ?2 (?3 (car $0) ($1 (cdr $0))))))) : (t0 -> t1 -> t2) -> t2 -> (((list(t0) -> t1) -> list(t0) -> t2) -> t3) -> t3 
utility -9.209999999999999 (adjusted from 3.059999999999997) probabilistic score -357.6542424526752 structure penalty 17.7 [0m

-326.0097370173338 15.3
[31m 62 sec 1613 pops 27591 utility calculations best found so far:
	 (if (?1 ?2) empty ?3) : list(t0) -> t1 -> (t1 -> bool) -> list(t0) 
utility -5.079999999999989 (adjusted from 3.039999999999999) probabilistic score -355.3097370173338 structure penalty 15.3 [0m

-326.299646911757 15.3
[31m 62 sec 1615 pops 27608 utility calculations best found so far:
	 (if ?1 empty (?2 ?3)) : t0 -> (t0 -> list(t1)) -> bool -> list(t1) 
utility -5.079999999999989 (adjusted from 3.039999999999999) probabilistic score -355.599646911757 structure penalty 15.3 [0m

-325.20102069167524 17.3
[31m 62 sec 1626 pops 27766 utility calculations best found so far:
	 (?1 (if (empty? (cdr ?2)) empty ?3)) : list(t0) -> list(t1) -> (list(t0) -> t2) -> t2 
utility -2.089999999999998 (adjusted from 3.039999999999992) probabilistic score -356.50102069167525 structure penalty 17.3 [0m

-315.64083284451505 16.3
[33m 62 sec 1627 pops 27766 utility calculations best found so far:
	 (if (empty? (cdr ?1)) ?2 ?3) : t0 -> t0 -> list(t1) -> t0 
utility 3.0100000000000335 (adjusted from 3.0399999999999867) probabilistic score -345.94083284451506 structure penalty 16.3 [0m

-314.09426386968244 15.0
[33m 63 sec 1630 pops 27798 utility calculations best found so far:
	 (+ 1) : int -> int 
utility 2.0300000000000207 (adjusted from 2.0299999999999994) probabilistic score -343.09426386968244 structure penalty 15.0 [0m

-305.2766929768783 17.3
[33m 63 sec 1632 pops 27814 utility calculations best found so far:
	 (if ?1 empty (cons (car ?2) ?3)) : list(t0) -> list(t0) -> bool -> list(t0) 
utility 2.0000000000000338 (adjusted from 2.0299999999999994) probabilistic score -336.5766929768783 structure penalty 17.3 [0m

-305.4983775525965 18.3
[33m 63 sec 1636 pops 27864 utility calculations best found so far:
	 (if (empty? ?1) empty (cons (car ?1) ?2)) : list(t0) -> list(t0) -> list(t0) 
utility 2.0100000000000247 (adjusted from 2.0299999999999994) probabilistic score -337.7983775525965 structure penalty 18.3 [0m

-305.4983737357978 17.4
[33m 63 sec 1637 pops 27864 utility calculations best found so far:
	 (if (empty? ?1) ?1 (cons (car ?1) ?2)) : list(t0) -> list(t0) -> list(t0) 
utility 2.0100000000000247 (adjusted from 2.0299999999999994) probabilistic score -336.8983737357978 structure penalty 17.4 [0m

-314.13703188402246 15.1
[33m 64 sec 1648 pops 28025 utility calculations best found so far:
	 (+ ?1 1) : int -> int 
utility 1.010000000000021 (adjusted from 1.0199999999999996) probabilistic score -343.2370318840225 structure penalty 15.1 [0m

-314.09426386968244 15.1
[33m 64 sec 1649 pops 28025 utility calculations best found so far:
	 (+ 1 ?1) : int -> int 
utility 1.010000000000021 (adjusted from 1.0199999999999996) probabilistic score -343.19426386968246 structure penalty 15.1 [0m

-317.1037212074509 15.2
[31m 64 sec 1652 pops 28057 utility calculations best found so far:
	 (cons (car ?1) ?2) : list(t0) -> list(t0) -> list(t0) 
utility -0.00999999999997847 (adjusted from 0.009999999999999787) probabilistic score -346.3037212074509 structure penalty 15.2 [0m

-314.75408741681895 16.1
[33m 64 sec 1655 pops 28089 utility calculations best found so far:
	 (if (empty? ?1) 0) : list(t0) -> int -> int 
utility 2.1316282072803006e-14 (adjusted from 0.009999999999999787) probabilistic score -344.85408741681897 structure penalty 16.1 [0m

-313.8123819002879 17.2
[31m 64 sec 1656 pops 28089 utility calculations best found so far:
	 (if (eq? 0 ?1) empty ?2) : list(t0) -> int -> list(t0) 
utility -0.009999999999996234 (adjusted from 0.009999999999999787) probabilistic score -345.0123819002879 structure penalty 17.2 [0m

-313.81444581397955 17.2
[31m 65 sec 1657 pops 28089 utility calculations best found so far:
	 (if (eq? ?1 0) empty ?2) : list(t0) -> int -> list(t0) 
utility -0.009999999999996234 (adjusted from 0.009999999999999787) probabilistic score -345.01444581397953 structure penalty 17.2 [0m

-286.88883050922976 16.3
Score can be improved to -317.1888305092298
New library function occurs in 8 MAP solutions:
countdown 	 (lambda (fix1 $0 (lambda (lambda (#(lambda (lambda (lambda (if $0 empty (cons $1 $2))))) ($1 (- $0 1)) (+ $0 1) (eq? 0 $0))))))
weird count 	 (lambda (fix1 $0 (lambda (lambda (#(lambda (lambda (lambda (if $0 empty (cons $1 $2))))) ($1 (+ $0 1)) (- 0 $0) (eq? 0 $0))))))
take every other 	 (lambda (fix1 $0 (lambda (lambda (#(lambda (lambda (lambda (if $0 empty (cons $1 $2))))) ($1 (cdr (cdr $0))) (car $0) (empty? $0))))))
drop last element 	 (lambda (fix1 $0 (lambda (lambda (#(lambda (lambda (lambda (if $0 empty (cons $1 $2))))) ($1 (cdr $0)) (car $0) (empty? (cdr $0)))))))
stutter 	 (lambda (fix1 $0 (lambda (lambda (#(lambda (lambda (lambda (if $0 empty (cons $1 $2))))) (cons (car $0) ($1 (cdr $0))) (car $0) (empty? $0))))))
map double 	 (lambda (fix1 $0 (lambda (lambda (#(lambda (lambda (lambda (if $0 empty (cons $1 $2))))) ($1 (cdr $0)) (+ (car $0) (car $0)) (empty? $0))))))
map increment 	 (lambda (fix1 $0 (lambda (lambda (#(lambda (lambda (lambda (if $0 empty (cons $1 $2))))) ($1 (cdr $0)) (+ (car $0) 1) (empty? $0))))))
map negation 	 (lambda (fix1 $0 (lambda (lambda (#(lambda (lambda (lambda (if $0 empty (cons $1 $2))))) ($1 (cdr $0)) (- 0 (car $0)) (empty? $0))))))

constructed 0-step version spaces in 0.0 seconds
Enumerated 387 distinct version spaces
-295.5175598681746 17.5
[31m 28 sec 1032 pops 19036 utility calculations best found so far:
	 (lambda (fix1 $0 ?1)) : ((t0 -> t1) -> t0 -> t1) -> t0 -> t1 
utility -3.039999999999999 (adjusted from 8.189999999999996) probabilistic score -328.0175598681746 structure penalty 17.5 [0m

-263.9028824612103 21.9
[32m 31 sec 1152 pops 21290 utility calculations best found so far:
	 (lambda (fix1 $0 (lambda (lambda (#(lambda (lambda (lambda (if $0 empty (cons $1 $2))))) ($1 (cdr $0)) (?1 (car $0)) (empty? $0)))))) : (t0 -> t1) -> list(t0) -> list(t1) 
utility 3.0199999999999996 (adjusted from 7.109999999999998) probabilistic score -300.8028824612103 structure penalty 21.9 [0m

-268.57793251142516 22.0
[31m 33 sec 1260 pops 23270 utility calculations best found so far:
	 (lambda (fix1 $0 (lambda (lambda (if (empty? $0) ?1 (?2 (car $0) ($1 (cdr $0)))))))) : (t0 -> t1 -> t1) -> t1 -> list(t0) -> t1 
utility -0.03999999999999204 (adjusted from 6.099999999999998) probabilistic score -305.57793251142516 structure penalty 22.0 [0m

-270.5376543462326 22.0
[31m 33 sec 1261 pops 23270 utility calculations best found so far:
	 (lambda (fix1 $0 (lambda (lambda (#(lambda (lambda (lambda (if $0 empty (cons $1 $2))))) ($1 (cdr $0)) (?1 ?2 (car $0)) (empty? $0)))))) : t0 -> (t0 -> t1 -> t2) -> list(t1) -> list(t2) 
utility -0.03999999999999204 (adjusted from 6.099999999999998) probabilistic score -307.5376543462326 structure penalty 22.0 [0m

-276.3848637002325 22.0
[31m 33 sec 1262 pops 23270 utility calculations best found so far:
	 (lambda (fix1 $0 (lambda (lambda (#(lambda (lambda (lambda (if $0 empty (cons $1 $2))))) ($1 (?1 $0 1)) (?2 $0) (eq? 0 $0)))))) : (int -> t0) -> (int -> int -> int) -> int -> list(t0) 
utility -2.0799999999999983 (adjusted from 6.099999999999998) probabilistic score -313.3848637002325 structure penalty 22.0 [0m

-268.5804159315203 23.0
[31m 37 sec 1386 pops 25529 utility calculations best found so far:
	 (lambda (fix1 $0 (lambda (lambda (?1 (car $0) (if (empty? (cdr $0)) ?2 ($1 (cdr $0)))))))) : t0 -> (t1 -> t0 -> t0) -> list(t1) -> t0 
utility -1.0499999999999918 (adjusted from 5.089999999999998) probabilistic score -306.5804159315203 structure penalty 23.0 [0m

-263.9028824483288 23.0
[33m 37 sec 1387 pops 25529 utility calculations best found so far:
	 (lambda (fix1 $0 (lambda (lambda (if (empty? $0) $0 (cons (?1 (car $0)) ($1 (cdr $0)))))))) : (t0 -> t0) -> list(t0) -> list(t0) 
utility 1.0 (adjusted from 5.089999999999998) probabilistic score -301.9028824483288 structure penalty 23.0 [0m

-283.07088999913503 22.1
[31m 37 sec 1388 pops 25529 utility calculations best found so far:
	 (lambda (fix1 $0 (lambda (lambda (#(lambda (lambda (lambda (if $0 empty (cons $1 $2))))) ($1 (?1 $0 1)) (?2 ?3 $0) (eq? 0 $0)))))) : t0 -> (t0 -> int -> t1) -> (int -> int -> int) -> int -> list(t1) 
utility -5.140000000000004 (adjusted from 5.089999999999998) probabilistic score -320.17088999913506 structure penalty 22.1 [0m

-263.9028824612103 21.9
[33m 38 sec 1420 pops 26129 utility calculations best found so far:
	 (fix1 ?1 (lambda (lambda (#(lambda (lambda (lambda (if $0 empty (cons $1 $2))))) ($1 (cdr $0)) (?2 (car $0)) (empty? $0))))) : (t0 -> t1) -> list(t0) -> list(t1) 
utility 3.0199999999999996 (adjusted from 5.079999999999998) probabilistic score -300.8028824612103 structure penalty 21.9 [0m

-285.2957060622631 20.8
[31m 38 sec 1421 pops 26129 utility calculations best found so far:
	 (lambda (lambda (#(lambda (lambda (lambda (if $0 empty (cons $1 $2))))) ($1 (cdr $0)) (?1 (car $0)) (empty? $0)))) : (t0 -> t1) -> (list(t0) -> list(t1)) -> list(t0) -> list(t1) 
utility -3.0899999999999874 (adjusted from 5.079999999999998) probabilistic score -321.0957060622631 structure penalty 20.8 [0m

-270.5376537057354 23.1
[31m 40 sec 1510 pops 27690 utility calculations best found so far:
	 (lambda (fix1 $0 (lambda (lambda (if (empty? $0) $0 (cons (?1 ?2 (car $0)) ($1 (cdr $0)))))))) : t0 -> (t0 -> t1 -> t1) -> list(t1) -> list(t1) 
utility -2.0599999999999916 (adjusted from 4.079999999999998) probabilistic score -308.63765370573543 structure penalty 23.1 [0m

-268.57793251142516 22.0
[31m 41 sec 1547 pops 28383 utility calculations best found so far:
	 (fix1 ?1 (lambda (lambda (if (empty? $0) ?2 (?3 (car $0) ($1 (cdr $0))))))) : (t0 -> t1 -> t1) -> t1 -> list(t0) -> t1 
utility -0.03999999999999204 (adjusted from 4.0699999999999985) probabilistic score -305.57793251142516 structure penalty 22.0 [0m

-290.53995957788567 20.9
[31m 41 sec 1548 pops 28383 utility calculations best found so far:
	 (lambda (lambda (if (empty? $0) ?1 (?2 (car $0) ($1 (cdr $0)))))) : (t0 -> t1 -> t2) -> t2 -> (list(t0) -> t1) -> list(t0) -> t2 
utility -6.149999999999979 (adjusted from 4.0699999999999985) probabilistic score -326.43995957788565 structure penalty 20.9 [0m

-296.1164026054383 20.9
[31m 41 sec 1549 pops 28383 utility calculations best found so far:
	 (?1 (lambda (lambda (#(lambda (lambda (lambda (if $0 empty (cons $1 $2))))) ($1 (cdr $0)) (?2 (car $0)) (empty? $0))))) : (t0 -> t1) -> (((list(t0) -> list(t1)) -> list(t0) -> list(t1)) -> t2) -> t2 
utility -6.149999999999979 (adjusted from 4.0699999999999985) probabilistic score -332.01640260543826 structure penalty 20.9 [0m

-270.5376543462326 22.0
[31m 41 sec 1550 pops 28383 utility calculations best found so far:
	 (fix1 ?1 (lambda (lambda (#(lambda (lambda (lambda (if $0 empty (cons $1 $2))))) ($1 (cdr $0)) (?2 ?3 (car $0)) (empty? $0))))) : t0 -> (t0 -> t1 -> t2) -> list(t1) -> list(t2) 
utility -0.03999999999999204 (adjusted from 4.0699999999999985) probabilistic score -307.5376543462326 structure penalty 22.0 [0m

-291.73134510287053 20.9
[31m 41 sec 1551 pops 28383 utility calculations best found so far:
	 (lambda (lambda (#(lambda (lambda (lambda (if $0 empty (cons $1 $2))))) ($1 (cdr $0)) (?1 ?2 (car $0)) (empty? $0)))) : t0 -> (t0 -> t1 -> t2) -> (list(t1) -> list(t2)) -> list(t1) -> list(t2) 
utility -6.149999999999979 (adjusted from 4.0699999999999985) probabilistic score -327.6313451028705 structure penalty 20.9 [0m

-276.3848637002325 22.0
[31m 41 sec 1552 pops 28383 utility calculations best found so far:
	 (fix1 ?1 (lambda (lambda (#(lambda (lambda (lambda (if $0 empty (cons $1 $2))))) ($1 (?2 $0 1)) (?3 $0) (eq? 0 $0))))) : (int -> t0) -> (int -> int -> int) -> int -> list(t0) 
utility -2.0799999999999983 (adjusted from 4.0699999999999985) probabilistic score -313.3848637002325 structure penalty 22.0 [0m

-294.215872606106 20.9
[31m 42 sec 1553 pops 28383 utility calculations best found so far:
	 (lambda (lambda (#(lambda (lambda (lambda (if $0 empty (cons $1 $2))))) ($1 (?1 $0 1)) (?2 $0) (eq? 0 $0)))) : (int -> t0) -> (int -> int -> t1) -> (t1 -> list(t0)) -> int -> list(t0) 
utility -8.19 (adjusted from 4.0699999999999985) probabilistic score -330.115872606106 structure penalty 20.9 [0m

-268.5804159315203 23.0
[31m 45 sec 1674 pops 30526 utility calculations best found so far:
	 (fix1 ?1 (lambda (lambda (?2 (car $0) (if (empty? (cdr $0)) ?3 ($1 (cdr $0))))))) : t0 -> (t1 -> t0 -> t0) -> list(t1) -> t0 
utility -1.0499999999999918 (adjusted from 3.0599999999999987) probabilistic score -306.5804159315203 structure penalty 23.0 [0m

-292.2953522300795 21.9
[31m 45 sec 1675 pops 30526 utility calculations best found so far:
	 (lambda (lambda (?1 (car $0) (if (empty? (cdr $0)) ?2 ($1 (cdr $0)))))) : t0 -> (t1 -> t0 -> t2) -> (list(t1) -> t0) -> list(t1) -> t2 
utility -7.159999999999979 (adjusted from 3.0599999999999987) probabilistic score -329.1953522300795 structure penalty 21.9 [0m

-263.9028824483288 23.0
[33m 45 sec 1676 pops 30526 utility calculations best found so far:
	 (fix1 ?1 (lambda (lambda (if (empty? $0) $0 (cons (?2 (car $0)) ($1 (cdr $0))))))) : (t0 -> t0) -> list(t0) -> list(t0) 
utility 1.0 (adjusted from 3.0599999999999987) probabilistic score -301.9028824483288 structure penalty 23.0 [0m

-285.29247771364174 21.9
[31m 45 sec 1677 pops 30526 utility calculations best found so far:
	 (lambda (lambda (if (empty? $0) $0 (cons (?1 (car $0)) ($1 (cdr $0)))))) : (t0 -> t0) -> (list(t0) -> list(t0)) -> list(t0) -> list(t0) 
utility -5.109999999999987 (adjusted from 3.0599999999999987) probabilistic score -322.1924777136417 structure penalty 21.9 [0m

-295.28232149866 21.0
[31m 46 sec 1697 pops 30879 utility calculations best found so far:
	 (?1 (lambda (lambda (if (empty? $0) ?2 (?3 (car $0) ($1 (cdr $0))))))) : (t0 -> t1 -> t2) -> t2 -> (((list(t0) -> t1) -> list(t0) -> t2) -> t3) -> t3 
utility -9.209999999999999 (adjusted from 3.059999999999997) probabilistic score -331.28232149866 structure penalty 21.0 [0m

-299.1029397071244 21.0
[31m 46 sec 1698 pops 30879 utility calculations best found so far:
	 (?1 (lambda (lambda (#(lambda (lambda (lambda (if $0 empty (cons $1 $2))))) ($1 (cdr $0)) (?2 ?3 (car $0)) (empty? $0))))) : t0 -> (t0 -> t1 -> t2) -> (((list(t1) -> list(t2)) -> list(t1) -> list(t2)) -> t3) -> t3 
utility -9.209999999999999 (adjusted from 3.059999999999997) probabilistic score -335.1029397071244 structure penalty 21.0 [0m

-295.4519427035331 21.0
[31m 46 sec 1699 pops 30879 utility calculations best found so far:
	 (?1 (lambda (lambda (#(lambda (lambda (lambda (if $0 empty (cons $1 $2))))) ($1 (?2 $0 1)) (?3 $0) (eq? 0 $0))))) : (int -> t0) -> (int -> int -> t1) -> (((t1 -> list(t0)) -> int -> list(t0)) -> t2) -> t2 
utility -11.149999999999997 (adjusted from 3.059999999999997) probabilistic score -331.4519427035331 structure penalty 21.0 [0m

-294.28095848181863 21.0
[31m 46 sec 1700 pops 30879 utility calculations best found so far:
	 (lambda (lambda (#(lambda (lambda (lambda (if $0 empty (cons $1 $2))))) ($1 (?1 $0 1)) (?2 ?3 $0) (eq? 0 $0)))) : t0 -> (t0 -> int -> t1) -> (int -> int -> t2) -> (t2 -> list(t1)) -> int -> list(t1) 
utility -11.149999999999997 (adjusted from 3.059999999999997) probabilistic score -330.28095848181863 structure penalty 21.0 [0m

-285.2957060622631 20.8
[31m 47 sec 1705 pops 30952 utility calculations best found so far:
	 (lambda (#(lambda (lambda (lambda (if $0 empty (cons $1 $2))))) (?1 (cdr $0)) (?2 (car $0)) (empty? $0))) : (t0 -> t1) -> (list(t0) -> list(t1)) -> list(t0) -> list(t1) 
utility -3.0899999999999874 (adjusted from 3.049999999999999) probabilistic score -321.0957060622631 structure penalty 20.8 [0m

-284.6566381779924 18.3
[33m 49 sec 1801 pops 32597 utility calculations best found so far:
	 (+ 1) : int -> int 
utility 2.0300000000000207 (adjusted from 2.0299999999999994) probabilistic score -317.95663817799243 structure penalty 18.3 [0m

-284.71866233545285 18.4
[33m 49 sec 1832 pops 33114 utility calculations best found so far:
	 (+ ?1 1) : int -> int 
utility 1.010000000000021 (adjusted from 1.0199999999999996) probabilistic score -318.1186623354528 structure penalty 18.4 [0m

-284.6566381779924 18.4
[33m 50 sec 1835 pops 33149 utility calculations best found so far:
	 (+ 1 ?1) : int -> int 
utility 1.010000000000021 (adjusted from 1.0199999999999996) probabilistic score -318.0566381779924 structure penalty 18.4 [0m

-287.97454412346104 18.6
[33m 50 sec 1841 pops 33236 utility calculations best found so far:
	 (#(lambda (lambda (lambda (if $0 empty (cons $1 $2))))) ?1 ?2 (empty? ?3)) : list(t0) -> t1 -> list(t1) -> list(t1) 
utility 0.9899999999999753 (adjusted from 1.0199999999999996) probabilistic score -321.57454412346107 structure penalty 18.6 [0m

-295.36906893217116 18.5
[31m 50 sec 1861 pops 33565 utility calculations best found so far:
	 (?1 (+ ?2 1)) : int -> (int -> t0) -> t0 
utility -4.049999999999999 (adjusted from 0.009999999999999787) probabilistic score -328.86906893217116 structure penalty 18.5 [0m

-295.30460024287805 18.5
[31m 50 sec 1862 pops 33565 utility calculations best found so far:
	 (?1 (+ 1 ?2)) : int -> (int -> t0) -> t0 
utility -4.049999999999999 (adjusted from 0.009999999999999787) probabilistic score -328.80460024287805 structure penalty 18.5 [0m

-298.2466033955675 18.6
[31m 51 sec 1867 pops 33634 utility calculations best found so far:
	 (#(lambda (lambda (lambda (if $0 empty (cons $1 $2))))) (?1 (cdr ?2)) ?3) : t0 -> list(t1) -> (list(t1) -> list(t0)) -> bool -> list(t0) 
utility -5.12000000000001 (adjusted from 0.009999999999996234) probabilistic score -331.8466033955675 structure penalty 18.6 [0m

-263.9028824612103 21.9
Score can be improved to -300.8028824612103
New library function occurs in 2 MAP solutions:
map increment 	 (lambda (#(lambda (lambda (fix1 $0 (lambda (lambda (#(lambda (lambda (lambda (if $0 empty (cons $1 $2))))) ($1 (cdr $0)) ($3 (car $0)) (empty? $0))))))) (lambda (+ 1 $0)) $0))
map negation 	 (lambda (#(lambda (lambda (fix1 $0 (lambda (lambda (#(lambda (lambda (lambda (if $0 empty (cons $1 $2))))) ($1 (cdr $0)) ($3 (car $0)) (empty? $0))))))) (lambda (- 0 $0)) $0))

constructed 0-step version spaces in 0.0 seconds
Enumerated 384 distinct version spaces
-271.5694353882949 23.1
[31m 30 sec 1099 pops 21333 utility calculations best found so far:
	 (lambda (fix1 $0 ?1)) : ((t0 -> t1) -> t0 -> t1) -> t0 -> t1 
utility -3.039999999999999 (adjusted from 6.149999999999997) probabilistic score -310.6694353882949 structure penalty 23.1 [0m

-243.4460635677867 27.6
[32m 30 sec 1112 pops 21589 utility calculations best found so far:
	 (lambda (fix1 $0 (lambda (lambda (if (empty? $0) ?1 (?2 (car $0) ($1 (cdr $0)))))))) : (t0 -> t1 -> t1) -> t1 -> list(t0) -> t1 
utility -0.03999999999999204 (adjusted from 6.099999999999998) probabilistic score -287.0460635677867 structure penalty 27.6 [0m

-251.32493596186254 27.6
[31m 30 sec 1113 pops 21589 utility calculations best found so far:
	 (lambda (fix1 $0 (lambda (lambda (#(lambda (lambda (lambda (if $0 empty (cons $1 $2))))) ($1 (?1 $0 1)) (?2 $0) (eq? 0 $0)))))) : (int -> t0) -> (int -> int -> int) -> int -> list(t0) 
utility -2.0799999999999983 (adjusted from 6.099999999999998) probabilistic score -294.92493596186256 structure penalty 27.6 [0m

-243.44832486498268 28.6
[31m 33 sec 1220 pops 23640 utility calculations best found so far:
	 (lambda (fix1 $0 (lambda (lambda (?1 (car $0) (if (empty? (cdr $0)) ?2 ($1 (cdr $0)))))))) : t0 -> (t1 -> t0 -> t0) -> list(t1) -> t0 
utility -1.0499999999999918 (adjusted from 5.089999999999998) probabilistic score -288.0483248649827 structure penalty 28.6 [0m

-258.24895291112796 27.7
[31m 33 sec 1221 pops 23640 utility calculations best found so far:
	 (lambda (fix1 $0 (lambda (lambda (#(lambda (lambda (lambda (if $0 empty (cons $1 $2))))) ($1 (?1 $0 1)) (?2 ?3 $0) (eq? 0 $0)))))) : t0 -> (t0 -> int -> t1) -> (int -> int -> int) -> int -> list(t1) 
utility -5.140000000000004 (adjusted from 5.089999999999998) probabilistic score -301.94895291112795 structure penalty 27.7 [0m

-243.4460635677867 27.6
[31m 36 sec 1340 pops 25902 utility calculations best found so far:
	 (fix1 ?1 (lambda (lambda (if (empty? $0) ?2 (?3 (car $0) ($1 (cdr $0))))))) : (t0 -> t1 -> t1) -> t1 -> list(t0) -> t1 
utility -0.03999999999999204 (adjusted from 4.0699999999999985) probabilistic score -287.0460635677867 structure penalty 27.6 [0m

-266.2467967189814 26.5
[31m 36 sec 1341 pops 25902 utility calculations best found so far:
	 (lambda (lambda (if (empty? $0) ?1 (?2 (car $0) ($1 (cdr $0)))))) : (t0 -> t1 -> t2) -> t2 -> (list(t0) -> t1) -> list(t0) -> t2 
utility -6.149999999999993 (adjusted from 4.0699999999999985) probabilistic score -308.7467967189814 structure penalty 26.5 [0m

-251.32493596186254 27.6
[31m 36 sec 1342 pops 25902 utility calculations best found so far:
	 (fix1 ?1 (lambda (lambda (#(lambda (lambda (lambda (if $0 empty (cons $1 $2))))) ($1 (?2 $0 1)) (?3 $0) (eq? 0 $0))))) : (int -> t0) -> (int -> int -> int) -> int -> list(t0) 
utility -2.0799999999999983 (adjusted from 4.0699999999999985) probabilistic score -294.92493596186256 structure penalty 27.6 [0m

-269.901844447024 26.5
[31m 36 sec 1343 pops 25902 utility calculations best found so far:
	 (lambda (lambda (#(lambda (lambda (lambda (if $0 empty (cons $1 $2))))) ($1 (?1 $0 1)) (?2 $0) (eq? 0 $0)))) : (int -> t0) -> (int -> int -> t1) -> (t1 -> list(t0)) -> int -> list(t0) 
utility -8.19 (adjusted from 4.0699999999999985) probabilistic score -312.401844447024 structure penalty 26.5 [0m

-243.44832486498268 28.6
[31m 39 sec 1442 pops 27749 utility calculations best found so far:
	 (fix1 ?1 (lambda (lambda (?2 (car $0) (if (empty? (cdr $0)) ?3 ($1 (cdr $0))))))) : t0 -> (t1 -> t0 -> t0) -> list(t1) -> t0 
utility -1.0499999999999918 (adjusted from 3.0599999999999987) probabilistic score -288.0483248649827 structure penalty 28.6 [0m

-268.02926783024225 27.5
[31m 39 sec 1443 pops 27749 utility calculations best found so far:
	 (lambda (lambda (?1 (car $0) (if (empty? (cdr $0)) ?2 ($1 (cdr $0)))))) : t0 -> (t1 -> t0 -> t2) -> (list(t1) -> t0) -> list(t1) -> t2 
utility -7.159999999999993 (adjusted from 3.0599999999999987) probabilistic score -311.52926783024225 structure penalty 27.5 [0m

-271.38103637886354 26.6
[31m 39 sec 1457 pops 28003 utility calculations best found so far:
	 (?1 (lambda (lambda (if (empty? $0) ?2 (?3 (car $0) ($1 (cdr $0))))))) : (t0 -> t1 -> t2) -> t2 -> (((list(t0) -> t1) -> list(t0) -> t2) -> t3) -> t3 
utility -9.209999999999999 (adjusted from 3.059999999999997) probabilistic score -313.98103637886356 structure penalty 26.6 [0m

-271.4211075882037 26.6
[31m 40 sec 1458 pops 28003 utility calculations best found so far:
	 (?1 (lambda (lambda (#(lambda (lambda (lambda (if $0 empty (cons $1 $2))))) ($1 (?2 $0 1)) (?3 $0) (eq? 0 $0))))) : (int -> t0) -> (int -> int -> t1) -> (((t1 -> list(t0)) -> int -> list(t0)) -> t2) -> t2 
utility -11.149999999999997 (adjusted from 3.059999999999997) probabilistic score -314.02110758820373 structure penalty 26.6 [0m

-269.9650976549289 26.6
[31m 40 sec 1459 pops 28003 utility calculations best found so far:
	 (lambda (lambda (#(lambda (lambda (lambda (if $0 empty (cons $1 $2))))) ($1 (?1 $0 1)) (?2 ?3 $0) (eq? 0 $0)))) : t0 -> (t0 -> int -> t1) -> (int -> int -> t2) -> (t2 -> list(t1)) -> int -> list(t1) 
utility -11.149999999999997 (adjusted from 3.059999999999997) probabilistic score -312.56509765492893 structure penalty 26.6 [0m

-271.3797501219366 27.6
[31m 42 sec 1566 pops 29970 utility calculations best found so far:
	 (?1 (lambda (lambda (?2 (car $0) (if (empty? (cdr $0)) ?3 ($1 (cdr $0))))))) : t0 -> (t1 -> t0 -> t2) -> (((list(t1) -> t0) -> list(t1) -> t2) -> t3) -> t3 
utility -10.219999999999999 (adjusted from 2.049999999999997) probabilistic score -314.9797501219366 structure penalty 27.6 [0m

-269.901844447024 26.5
[31m 42 sec 1581 pops 30248 utility calculations best found so far:
	 (lambda (#(lambda (lambda (lambda (if $0 empty (cons $1 $2))))) (?1 (?2 $0 1)) (?3 $0) (eq? 0 $0))) : (int -> t0) -> (int -> int -> t1) -> (t1 -> list(t0)) -> int -> list(t0) 
utility -8.19 (adjusted from 2.0399999999999974) probabilistic score -312.401844447024 structure penalty 26.5 [0m

-268.41586799906526 26.5
[31m 43 sec 1586 pops 30322 utility calculations best found so far:
	 (lambda (if (empty? $0) ?1 (?2 (car $0) (?3 (cdr $0))))) : (list(t0) -> t1) -> (t0 -> t1 -> t2) -> t2 -> list(t0) -> t2 
utility -6.149999999999993 (adjusted from 2.0399999999999956) probabilistic score -310.91586799906526 structure penalty 26.5 [0m

-260.8613804355533 23.9
[33m 43 sec 1590 pops 30377 utility calculations best found so far:
	 (+ 1) : int -> int 
utility 2.0300000000000065 (adjusted from 2.0299999999999994) probabilistic score -300.7613804355533 structure penalty 23.9 [0m

-260.8613804355533 24.0
[33m 46 sec 1680 pops 32013 utility calculations best found so far:
	 (+ 1 ?1) : int -> int 
utility 1.010000000000007 (adjusted from 1.0199999999999996) probabilistic score -300.8613804355533 structure penalty 24.0 [0m

-263.310343584248 24.0
[33m 47 sec 1730 pops 32923 utility calculations best found so far:
	 (+ ?1 1) : int -> int 
utility 1.7763568394002505e-15 (adjusted from 0.009999999999999787) probabilistic score -303.310343584248 structure penalty 24.0 [0m

-261.5914744545056 25.0
[33m 47 sec 1742 pops 33126 utility calculations best found so far:
	 (if (empty? ?1) 0) : list(t0) -> int -> int 
utility 7.105427357601002e-15 (adjusted from 0.009999999999999787) probabilistic score -302.5914744545056 structure penalty 25.0 [0m

-267.8104223817913 24.0
[33m 47 sec 1744 pops 33144 utility calculations best found so far:
	 (if (empty? ?1)) : list(t0) -> t1 -> t1 -> t1 
utility 1.7763568394002505e-15 (adjusted from 0.009999999999999787) probabilistic score -307.8104223817913 structure penalty 24.0 [0m

-258.80657347177896 25.2
[31m 47 sec 1745 pops 33144 utility calculations best found so far:
	 (#(lambda (lambda (lambda (if $0 empty (cons $1 $2))))) ?1 (car ?2) (empty? ?2)) : list(t0) -> list(t0) -> list(t0) 
utility -0.009999999999996234 (adjusted from 0.009999999999999787) probabilistic score -300.00657347177895 structure penalty 25.2 [0m

-260.21690643187225 25.2
[31m 48 sec 1770 pops 33580 utility calculations best found so far:
	 (#(lambda (lambda (lambda (if $0 empty (cons $1 $2))))) ?1 (car ?2) (empty? ?3)) : list(t0) -> list(t1) -> list(t1) -> list(t1) 
utility -0.020000000000010232 (adjusted from 0.009999999999996234) probabilistic score -301.41690643187223 structure penalty 25.2 [0m

-243.4460635677867 27.6
Score can be improved to -287.0460635677867
New library function occurs in 2 MAP solutions:
sum 	 (lambda (#(lambda (lambda (lambda (fix1 $0 (lambda (lambda (if (empty? $0) $3 ($4 (car $0) ($1 (cdr $0)))))))))) (lambda (lambda (+ $1 $0))) 0 $0))
append constant 0 	 (lambda (#(lambda (lambda (lambda (fix1 $0 (lambda (lambda (if (empty? $0) $3 ($4 (car $0) ($1 (cdr $0)))))))))) (lambda (lambda (cons $1 $0))) (cons 0 empty) $0))

constructed 0-step version spaces in 0.0 seconds
Enumerated 386 distinct version spaces
-229.43643564576587 33.3
[32m 20 sec 731 pops 14974 utility calculations best found so far:
	 (lambda (fix1 $0 (lambda (lambda (#(lambda (lambda (lambda (if $0 empty (cons $1 $2))))) ($1 (?1 $0 1)) (?2 $0) (eq? 0 $0)))))) : (int -> t0) -> (int -> int -> int) -> int -> list(t0) 
utility -2.0799999999999983 (adjusted from 6.099999999999998) probabilistic score -279.7364356457659 structure penalty 33.3 [0m

-236.52769461180043 33.400000000000006
[31m 22 sec 838 pops 17135 utility calculations best found so far:
	 (lambda (fix1 $0 (lambda (lambda (#(lambda (lambda (lambda (if $0 empty (cons $1 $2))))) ($1 (?1 $0 1)) (?2 ?3 $0) (eq? 0 $0)))))) : t0 -> (t0 -> int -> t1) -> (int -> int -> int) -> int -> list(t1) 
utility -5.140000000000004 (adjusted from 5.089999999999998) probabilistic score -286.92769461180046 structure penalty 33.400000000000006 [0m

-250.8700064484317 28.8
[31m 25 sec 935 pops 19071 utility calculations best found so far:
	 (lambda (fix1 $0 ?1)) : ((t0 -> t1) -> t0 -> t1) -> t0 -> t1 
utility -3.039999999999999 (adjusted from 4.109999999999998) probabilistic score -296.6700064484317 structure penalty 28.8 [0m

-229.43643564576587 33.3
[31m 26 sec 990 pops 20216 utility calculations best found so far:
	 (fix1 ?1 (lambda (lambda (#(lambda (lambda (lambda (if $0 empty (cons $1 $2))))) ($1 (?2 $0 1)) (?3 $0) (eq? 0 $0))))) : (int -> t0) -> (int -> int -> int) -> int -> list(t0) 
utility -2.0799999999999983 (adjusted from 4.0699999999999985) probabilistic score -279.7364356457659 structure penalty 33.3 [0m

-248.54720681878976 32.2
[31m 27 sec 991 pops 20216 utility calculations best found so far:
	 (lambda (lambda (#(lambda (lambda (lambda (if $0 empty (cons $1 $2))))) ($1 (?1 $0 1)) (?2 $0) (eq? 0 $0)))) : (int -> t0) -> (int -> int -> t1) -> (t1 -> list(t0)) -> int -> list(t0) 
utility -8.19 (adjusted from 4.0699999999999985) probabilistic score -297.7472068187898 structure penalty 32.2 [0m

-250.03616291759192 32.3
[31m 29 sec 1100 pops 22404 utility calculations best found so far:
	 (?1 (lambda (lambda (#(lambda (lambda (lambda (if $0 empty (cons $1 $2))))) ($1 (?2 $0 1)) (?3 $0) (eq? 0 $0))))) : (int -> t0) -> (int -> int -> t1) -> (((t1 -> list(t0)) -> int -> list(t0)) -> t2) -> t2 
utility -11.149999999999997 (adjusted from 3.059999999999997) probabilistic score -299.33616291759193 structure penalty 32.3 [0m

-248.61405104808 32.3
[31m 29 sec 1101 pops 22404 utility calculations best found so far:
	 (lambda (lambda (#(lambda (lambda (lambda (if $0 empty (cons $1 $2))))) ($1 (?1 $0 1)) (?2 ?3 $0) (eq? 0 $0)))) : t0 -> (t0 -> int -> t1) -> (int -> int -> t2) -> (t2 -> list(t1)) -> int -> list(t1) 
utility -11.149999999999997 (adjusted from 3.059999999999997) probabilistic score -297.91405104808 structure penalty 32.3 [0m

-248.54720681878976 32.2
[31m 32 sec 1224 pops 24854 utility calculations best found so far:
	 (lambda (#(lambda (lambda (lambda (if $0 empty (cons $1 $2))))) (?1 (?2 $0 1)) (?3 $0) (eq? 0 $0))) : (int -> t0) -> (int -> int -> t1) -> (t1 -> list(t0)) -> int -> list(t0) 
utility -8.19 (adjusted from 2.0399999999999974) probabilistic score -297.7472068187898 structure penalty 32.2 [0m

-239.67295426806416 29.6
[33m 33 sec 1232 pops 24990 utility calculations best found so far:
	 (+ 1) : int -> int 
utility 2.0300000000000065 (adjusted from 2.0299999999999994) probabilistic score -286.27295426806415 structure penalty 29.6 [0m

-239.67295426806416 29.7
[33m 35 sec 1316 pops 26617 utility calculations best found so far:
	 (+ 1 ?1) : int -> int 
utility 1.010000000000007 (adjusted from 1.0199999999999996) probabilistic score -286.3729542680642 structure penalty 29.7 [0m

-242.15497429132733 29.7
[33m 36 sec 1365 pops 27574 utility calculations best found so far:
	 (+ ?1 1) : int -> int 
utility 1.7763568394002505e-15 (adjusted from 0.009999999999999787) probabilistic score -288.8549742913273 structure penalty 29.7 [0m

-236.94009148797122 30.9
[31m 36 sec 1376 pops 27770 utility calculations best found so far:
	 (#(lambda (lambda (lambda (if $0 empty (cons $1 $2))))) ?1 (car ?2) (empty? ?2)) : list(t0) -> list(t0) -> list(t0) 
utility -0.009999999999996234 (adjusted from 0.009999999999999787) probabilistic score -284.8400914879712 structure penalty 30.9 [0m

-238.3260381616802 30.9
[31m 37 sec 1394 pops 28102 utility calculations best found so far:
	 (#(lambda (lambda (lambda (if $0 empty (cons $1 $2))))) ?1 (car ?2) (empty? ?3)) : list(t0) -> list(t1) -> list(t1) -> list(t1) 
utility -0.020000000000010232 (adjusted from 0.009999999999996234) probabilistic score -286.2260381616802 structure penalty 30.9 [0m

-229.43643564576587 33.3
Score can be improved to -279.7364356457659
New library function occurs in 2 MAP solutions:
countdown 	 (lambda (#(lambda (lambda (lambda (fix1 $0 (lambda (lambda (#(lambda (lambda (lambda (if $0 empty (cons $1 $2))))) ($1 ($3 $0 1)) ($4 $0) (eq? 0 $0)))))))) (lambda (+ 1 $0)) (lambda (lambda (- $1 $0))) $0))
weird count 	 (lambda (#(lambda (lambda (lambda (fix1 $0 (lambda (lambda (#(lambda (lambda (lambda (if $0 empty (cons $1 $2))))) ($1 ($3 $0 1)) ($4 $0) (eq? 0 $0)))))))) (lambda (- 0 $0)) (lambda (lambda (+ $1 $0))) $0))

constructed 0-step version spaces in 0.0 seconds
Enumerated 387 distinct version spaces
-234.96967620225638 34.5
[31m 28 sec 1045 pops 22435 utility calculations best found so far:
	 (lambda (fix1 $0 ?1)) : ((t0 -> t1) -> t0 -> t1) -> t0 -> t1 
utility -3.039999999999999 (adjusted from 2.0699999999999985) probabilistic score -287.4696762022564 structure penalty 34.5 [0m

-269.98761464629615 33.599999999999994
[31m 31 sec 1156 pops 24780 utility calculations best found so far:
	 (lambda (lambda (?1 $1 $0))) : (t0 -> t1 -> t2) -> t0 -> t1 -> t2 
utility -15.249999999999988 (adjusted from 1.0799999999999983) probabilistic score -321.5876146462962 structure penalty 33.599999999999994 [0m

-233.79367139871223 34.900000000000006
[31m 31 sec 1164 pops 24941 utility calculations best found so far:
	 (lambda (#(lambda (lambda (lambda (fix1 $0 (lambda (lambda (#(lambda (lambda (lambda (if $0 empty (cons $1 $2))))) ($1 ($3 $0 1)) ($4 $0) (eq? 0 $0)))))))) (lambda (?1 $0)) (lambda (lambda (?2 $1 $0))) $0)) : (int -> int -> int) -> (int -> t0) -> int -> list(t0) 
utility -7.119999999999997 (adjusted from 1.0599999999999987) probabilistic score -286.69367139871224 structure penalty 34.900000000000006 [0m

-234.6870450411439 34.5
[31m 31 sec 1168 pops 25006 utility calculations best found so far:
	 (lambda (+ ?1 $0)) : int -> int -> int 
utility -3.039999999999999 (adjusted from 1.049999999999999) probabilistic score -287.1870450411439 structure penalty 34.5 [0m

-234.687040343597 34.5
[31m 32 sec 1190 pops 25467 utility calculations best found so far:
	 (lambda (lambda (+ $1 $0))) : int -> int -> int 
utility -3.039999999999999 (adjusted from 1.0399999999999991) probabilistic score -287.187040343597 structure penalty 34.5 [0m

-229.93847658537425 35.400000000000006
[31m 33 sec 1204 pops 25753 utility calculations best found so far:
	 (lambda (+ 1 $0)) : int -> int 
utility -1.0100000000000033 (adjusted from 1.0299999999999994) probabilistic score -283.3384765853742 structure penalty 35.400000000000006 [0m

-229.82425141124224 35.400000000000006
[31m 33 sec 1211 pops 25882 utility calculations best found so far:
	 (lambda (- 0 $0)) : int -> int 
utility -1.0100000000000033 (adjusted from 1.0299999999999994) probabilistic score -283.2242514112422 structure penalty 35.400000000000006 [0m

-227.568535636355 35.3
[33m 34 sec 1218 pops 26010 utility calculations best found so far:
	 (+ 1) : int -> int 
utility 1.0200000000000014 (adjusted from 1.0199999999999996) probabilistic score -280.868535636355 structure penalty 35.3 [0m

-227.568535636355 35.400000000000006
[33m 36 sec 1304 pops 27808 utility calculations best found so far:
	 (+ 1 ?1) : int -> int 
utility 1.7763568394002505e-15 (adjusted from 0.009999999999999787) probabilistic score -280.968535636355 structure penalty 35.400000000000006 [0m

-221.93790768164925 36.599999999999994
[32m 36 sec 1310 pops 27913 utility calculations best found so far:
	 (#(lambda (lambda (lambda (if $0 empty (cons $1 $2))))) ?1 (car ?2) (empty? ?2)) : list(t0) -> list(t0) -> list(t0) 
utility -0.010000000000010445 (adjusted from 0.009999999999999787) probabilistic score -276.53790768164924 structure penalty 36.599999999999994 [0m

-229.82424591589876 35.3
[33m 36 sec 1321 pops 28115 utility calculations best found so far:
	 (- 0) : int -> int 
utility 0.009999999999996234 (adjusted from 0.009999999999999787) probabilistic score -283.12424591589877 structure penalty 35.3 [0m

-223.57256708379822 36.599999999999994
[31m 37 sec 1332 pops 28321 utility calculations best found so far:
	 (#(lambda (lambda (lambda (if $0 empty (cons $1 $2))))) ?1 (car ?2) (empty? ?3)) : list(t0) -> list(t1) -> list(t1) -> list(t1) 
utility -0.020000000000010232 (adjusted from 0.009999999999996234) probabilistic score -278.1725670837982 structure penalty 36.599999999999994 [0m

-221.93790768164925 36.599999999999994
Score can be improved to -276.53790768164924
New library function occurs in 2 MAP solutions:
take every other 	 (lambda (fix1 $0 (lambda (lambda (#(lambda (lambda (#(lambda (lambda (lambda (if $0 empty (cons $1 $2))))) $0 (car $1) (empty? $1)))) $0 ($1 (cdr (cdr $0))))))))
stutter 	 (lambda (fix1 $0 (lambda (lambda (#(lambda (lambda (#(lambda (lambda (lambda (if $0 empty (cons $1 $2))))) $0 (car $1) (empty? $1)))) $0 (cons (car $0) ($1 (cdr $0))))))))

constructed 0-step version spaces in 0.0 seconds
Enumerated 387 distinct version spaces
-225.95068096589767 37.8
[31m 26 sec 949 pops 21451 utility calculations best found so far:
	 (lambda (fix1 $0 ?1)) : ((t0 -> t1) -> t0 -> t1) -> t0 -> t1 
utility -3.039999999999999 (adjusted from 2.0699999999999985) probabilistic score -282.7506809658977 structure penalty 37.8 [0m

-262.27755175263206 36.900000000000006
[31m 28 sec 1047 pops 23638 utility calculations best found so far:
	 (lambda (lambda (?1 $1 $0))) : (t0 -> t1 -> t2) -> t0 -> t1 -> t2 
utility -15.249999999999988 (adjusted from 1.0799999999999983) probabilistic score -318.1775517526321 structure penalty 36.900000000000006 [0m

-225.81752345939648 38.2
[31m 29 sec 1056 pops 23830 utility calculations best found so far:
	 (lambda (#(lambda (lambda (lambda (fix1 $0 (lambda (lambda (#(lambda (lambda (lambda (if $0 empty (cons $1 $2))))) ($1 ($3 $0 1)) ($4 $0) (eq? 0 $0)))))))) (lambda (?1 $0)) (lambda (lambda (?2 $1 $0))) $0)) : (int -> int -> int) -> (int -> t0) -> int -> list(t0) 
utility -7.119999999999997 (adjusted from 1.0599999999999987) probabilistic score -283.0175234593965 structure penalty 38.2 [0m

-226.93065062490535 37.8
[31m 29 sec 1060 pops 23898 utility calculations best found so far:
	 (lambda (+ ?1 $0)) : int -> int -> int 
utility -3.039999999999999 (adjusted from 1.049999999999999) probabilistic score -283.73065062490537 structure penalty 37.8 [0m

-226.9306468824222 37.8
[31m 30 sec 1082 pops 24380 utility calculations best found so far:
	 (lambda (lambda (+ $1 $0))) : int -> int -> int 
utility -3.039999999999999 (adjusted from 1.0399999999999991) probabilistic score -283.7306468824222 structure penalty 37.8 [0m

-222.17865009758117 38.7
[31m 31 sec 1096 pops 24679 utility calculations best found so far:
	 (lambda (+ 1 $0)) : int -> int 
utility -1.0100000000000033 (adjusted from 1.0299999999999994) probabilistic score -279.87865009758116 structure penalty 38.7 [0m

-222.06475253615207 38.7
[31m 31 sec 1103 pops 24814 utility calculations best found so far:
	 (lambda (- 0 $0)) : int -> int 
utility -1.0099999999999891 (adjusted from 1.0299999999999994) probabilistic score -279.76475253615206 structure penalty 38.7 [0m

-219.80642780688623 38.599999999999994
[33m 32 sec 1112 pops 24991 utility calculations best found so far:
	 (+ 1) : int -> int 
utility 1.0200000000000014 (adjusted from 1.0199999999999996) probabilistic score -277.4064278068862 structure penalty 38.599999999999994 [0m

-219.80642780688623 38.7
[33m 34 sec 1198 pops 26883 utility calculations best found so far:
	 (+ 1 ?1) : int -> int 
utility 1.7763568394002505e-15 (adjusted from 0.009999999999999787) probabilistic score -277.5064278068862 structure penalty 38.7 [0m

-222.06474752085987 38.599999999999994
[33m 34 sec 1212 pops 27162 utility calculations best found so far:
	 (- 0) : int -> int 
utility 0.010000000000010445 (adjusted from 0.009999999999999787) probabilistic score -279.66474752085986 structure penalty 38.599999999999994 [0m

No invention looks promising so we are done
new primitives:
list(t0) -> list(t0) -> list(t0) 	 #(lambda (lambda (#(lambda (lambda (lambda (if $0 empty (cons $1 $2))))) $0 (car $1) (empty? $1))))
(int -> t0) -> (int -> int -> int) -> int -> list(t0) 	 #(lambda (lambda (lambda (fix1 $0 (lambda (lambda (#(lambda (lambda (lambda (if $0 empty (cons $1 $2))))) ($1 ($3 $0 1)) ($4 $0) (eq? 0 $0))))))))
(t0 -> t1 -> t1) -> t1 -> list(t0) -> t1 	 #(lambda (lambda (lambda (fix1 $0 (lambda (lambda (if (empty? $0) $3 ($4 (car $0) ($1 (cdr $0))))))))))
(t0 -> t1) -> list(t0) -> list(t1) 	 #(lambda (lambda (fix1 $0 (lambda (lambda (#(lambda (lambda (lambda (if $0 empty (cons $1 $2))))) ($1 (cdr $0)) ($3 (car $0)) (empty? $0)))))))
list(t0) -> t0 -> bool -> list(t0) 	 #(lambda (lambda (lambda (if $0 empty (cons $1 $2)))))
277.01529574394226 seconds



