WARNING: Could not import torch. This is only okay when doing pypy compression.
WARNING: Could not import np. This is only okay when doing pypy compression.
Failure loading recognition - only acceptable if using pypy 
WARNING: Could not import torch. This is only okay when doing pypy compression.
WARNING: Could not import np. This is only okay when doing pypy compression.
Failure loading recognition - only acceptable if using pypy 
WARNING: Could not import torch. This is only okay when doing pypy compression.
WARNING: Could not import np. This is only okay when doing pypy compression.
Failure to load pregex. This is only acceptable if using pypy
Failure to load pregex. This is only acceptable if using pypy
WARNING: Could not import torch. This is only okay when doing pypy compression.
WARNING: Could not import torch. This is only okay when doing pypy compression.
WARNING: Could not import np. This is only okay when doing pypy compression.
WARNING: Could not import recognition. This is only okay when doing pypy compression.
WARNING: Could not import torch. This is only okay when doing pypy compression.
WARNING: Could not import np. This is only okay when doing pypy compression.
WARNING: Could not import torch. This is only okay when doing pypy compression.
WARNING: Could not import np. This is only okay when doing pypy compression.
DEPRECATION NOTICE: this module (dreamcoder.ec) will be deleted soon, please update your code to import from dreamcoder.dreamcoder instead



RUNNING 0 3
Inducing a grammar from 20 frontiers
-262.84057717030635 52.699999999999996
Starting grammar induction score -338.54057717030634
constructed 0-step version spaces in 0.1 seconds
Enumerated 534 distinct version spaces
-243.70288582806464 58.3
[32m 20 sec 241 pops 6647 utility calculations best found so far:
	 (lambda (lambda (#(lambda (lambda (#(lambda (lambda (lambda (fix1 $2 (lambda (lambda (if (empty? $0) $2 ($3 ($1 (cdr $0)) (car $0))))))))) $1 (lambda (lambda (cons ($2 $0) $1))) empty))) (#(#(lambda (lambda (lambda (#(lambda (lambda (lambda (lambda (fix1 $3 (lambda (lambda (if ($2 $0) empty (cons ($3 $0) ($1 ($4 $0))))))))))) $1 (lambda ($3 $0 1)) (lambda $0) (lambda (eq? $0 $1)))))) (lambda (lambda (+ $1 $0))) 0) (#(lambda (#(lambda (lambda (lambda (fix1 $2 (lambda (lambda (if (empty? $0) $2 ($3 ($1 (cdr $0)) (car $0))))))))) $0 (lambda (lambda (+ 1 $1))) 0)) $0)) (lambda (?1 (#(lambda (lambda (car (#(lambda (lambda (lambda (fix1 $2 (lambda (lambda (if (empty? $0) $2 ($3 ($1 (cdr $0)) (car $0))))))))) (#(#(lambda (lambda (lambda (#(lambda (lambda (lambda (lambda (fix1 $3 (lambda (lambda (if ($2 $0) empty (cons ($3 $0) ($1 ($4 $0))))))))))) $1 (lambda ($3 $0 1)) (lambda $0) (lambda (eq? $0 $1)))))) (lambda (lambda (+ $1 $0))) 0) $1) (lambda (lambda (cdr $1))) $0)))) $0 $2) (#(lambda (lambda (car (#(lambda (lambda (lambda (fix1 $2 (lambda (lambda (if (empty? $0) $2 ($3 ($1 (cdr $0)) (car $0))))))))) (#(#(lambda (lambda (lambda (#(lambda (lambda (lambda (lambda (fix1 $3 (lambda (lambda (if ($2 $0) empty (cons ($3 $0) ($1 ($4 $0))))))))))) $1 (lambda ($3 $0 1)) (lambda $0) (lambda (eq? $0 $1)))))) (lambda (lambda (+ $1 $0))) 0) $1) (lambda (lambda (cdr $1))) $0)))) $0 $1)))))) : (t0 -> t1 -> t2) -> list(t0) -> list(t1) -> list(t2) 
utility -1.060000000000013 (adjusted from 7.109999999999998) probabilistic score -326.0028858280646 structure penalty 58.3 [0m

-243.70288582806464 58.3
[31m 21 sec 242 pops 6647 utility calculations best found so far:
	 (lambda (lambda (#(lambda (lambda (#(lambda (lambda (lambda (fix1 $2 (lambda (lambda (if (empty? $0) $2 ($3 ($1 (cdr $0)) (car $0))))))))) $1 (lambda (lambda (cons ($2 $0) $1))) empty))) (#(#(lambda (lambda (lambda (#(lambda (lambda (lambda (lambda (fix1 $3 (lambda (lambda (if ($2 $0) empty (cons ($3 $0) ($1 ($4 $0))))))))))) $1 (lambda ($3 $0 1)) (lambda $0) (lambda (eq? $0 $1)))))) (lambda (lambda (+ $1 $0))) 0) (#(lambda (#(lambda (lambda (lambda (fix1 $2 (lambda (lambda (if (empty? $0) $2 ($3 ($1 (cdr $0)) (car $0))))))))) $0 (lambda (lambda (+ 1 $1))) 0)) $1)) (lambda (?1 (#(lambda (lambda (car (#(lambda (lambda (lambda (fix1 $2 (lambda (lambda (if (empty? $0) $2 ($3 ($1 (cdr $0)) (car $0))))))))) (#(#(lambda (lambda (lambda (#(lambda (lambda (lambda (lambda (fix1 $3 (lambda (lambda (if ($2 $0) empty (cons ($3 $0) ($1 ($4 $0))))))))))) $1 (lambda ($3 $0 1)) (lambda $0) (lambda (eq? $0 $1)))))) (lambda (lambda (+ $1 $0))) 0) $1) (lambda (lambda (cdr $1))) $0)))) $0 $2) (#(lambda (lambda (car (#(lambda (lambda (lambda (fix1 $2 (lambda (lambda (if (empty? $0) $2 ($3 ($1 (cdr $0)) (car $0))))))))) (#(#(lambda (lambda (lambda (#(lambda (lambda (lambda (lambda (fix1 $3 (lambda (lambda (if ($2 $0) empty (cons ($3 $0) ($1 ($4 $0))))))))))) $1 (lambda ($3 $0 1)) (lambda $0) (lambda (eq? $0 $1)))))) (lambda (lambda (+ $1 $0))) 0) $1) (lambda (lambda (cdr $1))) $0)))) $0 $1)))))) : (t0 -> t1 -> t2) -> list(t0) -> list(t1) -> list(t2) 
utility -1.060000000000013 (adjusted from 7.109999999999998) probabilistic score -326.0028858280646 structure penalty 58.3 [0m

-243.70288582806464 58.3
[31m 25 sec 310 pops 8512 utility calculations best found so far:
	 (lambda (#(lambda (lambda (#(lambda (lambda (lambda (fix1 $2 (lambda (lambda (if (empty? $0) $2 ($3 ($1 (cdr $0)) (car $0))))))))) $1 (lambda (lambda (cons ($2 $0) $1))) empty))) (#(#(lambda (lambda (lambda (#(lambda (lambda (lambda (lambda (fix1 $3 (lambda (lambda (if ($2 $0) empty (cons ($3 $0) ($1 ($4 $0))))))))))) $1 (lambda ($3 $0 1)) (lambda $0) (lambda (eq? $0 $1)))))) (lambda (lambda (+ $1 $0))) 0) (#(lambda (#(lambda (lambda (lambda (fix1 $2 (lambda (lambda (if (empty? $0) $2 ($3 ($1 (cdr $0)) (car $0))))))))) $0 (lambda (lambda (+ 1 $1))) 0)) $0)) (lambda (?1 (#(lambda (lambda (car (#(lambda (lambda (lambda (fix1 $2 (lambda (lambda (if (empty? $0) $2 ($3 ($1 (cdr $0)) (car $0))))))))) (#(#(lambda (lambda (lambda (#(lambda (lambda (lambda (lambda (fix1 $3 (lambda (lambda (if ($2 $0) empty (cons ($3 $0) ($1 ($4 $0))))))))))) $1 (lambda ($3 $0 1)) (lambda $0) (lambda (eq? $0 $1)))))) (lambda (lambda (+ $1 $0))) 0) $1) (lambda (lambda (cdr $1))) $0)))) $0 ?2) (#(lambda (lambda (car (#(lambda (lambda (lambda (fix1 $2 (lambda (lambda (if (empty? $0) $2 ($3 ($1 (cdr $0)) (car $0))))))))) (#(#(lambda (lambda (lambda (#(lambda (lambda (lambda (lambda (fix1 $3 (lambda (lambda (if ($2 $0) empty (cons ($3 $0) ($1 ($4 $0))))))))))) $1 (lambda ($3 $0 1)) (lambda $0) (lambda (eq? $0 $1)))))) (lambda (lambda (+ $1 $0))) 0) $1) (lambda (lambda (cdr $1))) $0)))) $0 $1))))) : list(t0) -> (t0 -> t1 -> t2) -> list(t1) -> list(t2) 
utility -1.060000000000013 (adjusted from 5.079999999999998) probabilistic score -326.0028858280646 structure penalty 58.3 [0m

-248.58914441621502 58.3
[31m 32 sec 418 pops 11446 utility calculations best found so far:
	 (lambda (#(lambda (lambda (#(lambda (lambda (lambda (fix1 $2 (lambda (lambda (if (empty? $0) $2 ($3 ($1 (cdr $0)) (car $0))))))))) $1 (lambda (lambda (cons ($2 $0) $1))) empty))) (#(#(lambda (lambda (lambda (#(lambda (lambda (lambda (lambda (fix1 $3 (lambda (lambda (if ($2 $0) empty (cons ($3 $0) ($1 ($4 $0))))))))))) $1 (lambda ($3 $0 1)) (lambda $0) (lambda (eq? $0 $1)))))) (lambda (lambda (+ $1 $0))) 0) (#(lambda (#(lambda (lambda (lambda (fix1 $2 (lambda (lambda (if (empty? $0) $2 ($3 ($1 (cdr $0)) (car $0))))))))) $0 (lambda (lambda (+ 1 $1))) 0)) ?1)) (lambda (?2 (#(lambda (lambda (car (#(lambda (lambda (lambda (fix1 $2 (lambda (lambda (if (empty? $0) $2 ($3 ($1 (cdr $0)) (car $0))))))))) (#(#(lambda (lambda (lambda (#(lambda (lambda (lambda (lambda (fix1 $3 (lambda (lambda (if ($2 $0) empty (cons ($3 $0) ($1 ($4 $0))))))))))) $1 (lambda ($3 $0 1)) (lambda $0) (lambda (eq? $0 $1)))))) (lambda (lambda (+ $1 $0))) 0) $1) (lambda (lambda (cdr $1))) $0)))) $0 ?3) (#(lambda (lambda (car (#(lambda (lambda (lambda (fix1 $2 (lambda (lambda (if (empty? $0) $2 ($3 ($1 (cdr $0)) (car $0))))))))) (#(#(lambda (lambda (lambda (#(lambda (lambda (lambda (lambda (fix1 $3 (lambda (lambda (if ($2 $0) empty (cons ($3 $0) ($1 ($4 $0))))))))))) $1 (lambda ($3 $0 1)) (lambda $0) (lambda (eq? $0 $1)))))) (lambda (lambda (+ $1 $0))) 0) $1) (lambda (lambda (cdr $1))) $0)))) $0 $1))))) : list(t0) -> (t0 -> t1 -> t2) -> list(t3) -> list(t1) -> list(t2) 
utility -3.0899999999999945 (adjusted from 3.059999999999997) probabilistic score -330.889144416215 structure penalty 58.3 [0m

-267.1614154880521 53.9
[31m 34 sec 453 pops 12357 utility calculations best found so far:
	 (lambda (#(lambda (lambda (#(lambda (lambda (lambda (fix1 $2 (lambda (lambda (if (empty? $0) $2 ($3 ($1 (cdr $0)) (car $0))))))))) $1 (lambda (lambda (cons ($2 $0) $1))) empty))) $0 ?1)) : (t0 -> t1) -> list(t0) -> list(t1) 
utility -3.039999999999999 (adjusted from 2.0699999999999985) probabilistic score -345.0614154880521 structure penalty 53.9 [0m

-267.18793010979556 54.0
[31m 34 sec 459 pops 12499 utility calculations best found so far:
	 (lambda (#(lambda (lambda (#(lambda (lambda (lambda (fix1 $2 (lambda (lambda (if (empty? $0) $2 ($3 ($1 (cdr $0)) (car $0))))))))) $1 (lambda (lambda (cons ($2 $0) $1))) empty))) $0 (lambda (?1 $0)))) : (t0 -> t1) -> list(t0) -> list(t1) 
utility -4.059999999999999 (adjusted from 2.0699999999999985) probabilistic score -345.18793010979556 structure penalty 54.0 [0m

-252.4404160392215 57.3
[31m 37 sec 493 pops 13412 utility calculations best found so far:
	 (lambda (#(lambda (lambda (#(lambda (lambda (lambda (fix1 $2 (lambda (lambda (if (empty? $0) $2 ($3 ($1 (cdr $0)) (car $0))))))))) $1 (lambda (lambda (cons ($2 $0) $1))) empty))) (#(#(lambda (lambda (lambda (#(lambda (lambda (lambda (lambda (fix1 $3 (lambda (lambda (if ($2 $0) empty (cons ($3 $0) ($1 ($4 $0))))))))))) $1 (lambda ($3 $0 1)) (lambda $0) (lambda (eq? $0 $1)))))) (lambda (lambda (+ $1 $0))) 0) ?1) (lambda (?2 (#(lambda (lambda (car (#(lambda (lambda (lambda (fix1 $2 (lambda (lambda (if (empty? $0) $2 ($3 ($1 (cdr $0)) (car $0))))))))) (#(#(lambda (lambda (lambda (#(lambda (lambda (lambda (lambda (fix1 $3 (lambda (lambda (if ($2 $0) empty (cons ($3 $0) ($1 ($4 $0))))))))))) $1 (lambda ($3 $0 1)) (lambda $0) (lambda (eq? $0 $1)))))) (lambda (lambda (+ $1 $0))) 0) $1) (lambda (lambda (cdr $1))) $0)))) $0 ?3) (#(lambda (lambda (car (#(lambda (lambda (lambda (fix1 $2 (lambda (lambda (if (empty? $0) $2 ($3 ($1 (cdr $0)) (car $0))))))))) (#(#(lambda (lambda (lambda (#(lambda (lambda (lambda (lambda (fix1 $3 (lambda (lambda (if ($2 $0) empty (cons ($3 $0) ($1 ($4 $0))))))))))) $1 (lambda ($3 $0 1)) (lambda $0) (lambda (eq? $0 $1)))))) (lambda (lambda (+ $1 $0))) 0) $1) (lambda (lambda (cdr $1))) $0)))) $0 $1))))) : list(t0) -> (t0 -> t1 -> t2) -> int -> list(t1) -> list(t2) 
utility -4.100000000000005 (adjusted from 2.049999999999997) probabilistic score -333.7404160392215 structure penalty 57.3 [0m

-257.9604488644628 56.3
[31m 41 sec 565 pops 15360 utility calculations best found so far:
	 (lambda (#(lambda (lambda (#(lambda (lambda (lambda (fix1 $2 (lambda (lambda (if (empty? $0) $2 ($3 ($1 (cdr $0)) (car $0))))))))) $1 (lambda (lambda (cons ($2 $0) $1))) empty))) ?1 (lambda (?2 (#(lambda (lambda (car (#(lambda (lambda (lambda (fix1 $2 (lambda (lambda (if (empty? $0) $2 ($3 ($1 (cdr $0)) (car $0))))))))) (#(#(lambda (lambda (lambda (#(lambda (lambda (lambda (lambda (fix1 $3 (lambda (lambda (if ($2 $0) empty (cons ($3 $0) ($1 ($4 $0))))))))))) $1 (lambda ($3 $0 1)) (lambda $0) (lambda (eq? $0 $1)))))) (lambda (lambda (+ $1 $0))) 0) $1) (lambda (lambda (cdr $1))) $0)))) $0 ?3) (#(lambda (lambda (car (#(lambda (lambda (lambda (fix1 $2 (lambda (lambda (if (empty? $0) $2 ($3 ($1 (cdr $0)) (car $0))))))))) (#(#(lambda (lambda (lambda (#(lambda (lambda (lambda (lambda (fix1 $3 (lambda (lambda (if ($2 $0) empty (cons ($3 $0) ($1 ($4 $0))))))))))) $1 (lambda ($3 $0 1)) (lambda $0) (lambda (eq? $0 $1)))))) (lambda (lambda (+ $1 $0))) 0) $1) (lambda (lambda (cdr $1))) $0)))) $0 $1))))) : list(t0) -> (t0 -> t1 -> t2) -> list(int) -> list(t1) -> list(t2) 
utility -5.110000000000001 (adjusted from 1.0399999999999974) probabilistic score -338.26044886446283 structure penalty 56.3 [0m

-287.8041685003649 53.1
[31m 45 sec 623 pops 16900 utility calculations best found so far:
	 (lambda (?1 $0 (lambda (?2 $0)))) : (t0 -> t1) -> (t2 -> (t0 -> t1) -> t3) -> t2 -> t3 
utility -12.179999999999984 (adjusted from 0.06999999999999851) probabilistic score -364.9041685003649 structure penalty 53.1 [0m

-268.2067211913398 54.199999999999996
[31m 45 sec 628 pops 17010 utility calculations best found so far:
	 (lambda (#(lambda (lambda (lambda (fix1 $2 (lambda (lambda (if (empty? $0) $2 ($3 ($1 (cdr $0)) (car $0))))))))) $0 (lambda (lambda (?1 $0 $1))) ?2)) : t0 -> (t1 -> t0 -> t0) -> list(t1) -> t0 
utility -6.099999999999998 (adjusted from 0.03999999999999915) probabilistic score -346.4067211913398 structure penalty 54.199999999999996 [0m

-268.0400304361226 53.9
[31m 46 sec 638 pops 17263 utility calculations best found so far:
	 (lambda (+ $0 ?1)) : int -> int -> int 
utility -3.039999999999999 (adjusted from 0.02999999999999936) probabilistic score -345.9400304361226 structure penalty 53.9 [0m

-268.0402460775936 53.9
[31m 47 sec 649 pops 17543 utility calculations best found so far:
	 (lambda (+ ?1 $0)) : int -> int -> int 
utility -3.039999999999999 (adjusted from 0.02999999999999936) probabilistic score -345.9402460775936 structure penalty 53.9 [0m

-268.0659943584332 55.3
[31m 48 sec 655 pops 17683 utility calculations best found so far:
	 (lambda (?1 (lambda (?2 (#(lambda (lambda (car (#(lambda (lambda (lambda (fix1 $2 (lambda (lambda (if (empty? $0) $2 ($3 ($1 (cdr $0)) (car $0))))))))) (#(#(lambda (lambda (lambda (#(lambda (lambda (lambda (lambda (fix1 $3 (lambda (lambda (if ($2 $0) empty (cons ($3 $0) ($1 ($4 $0))))))))))) $1 (lambda ($3 $0 1)) (lambda $0) (lambda (eq? $0 $1)))))) (lambda (lambda (+ $1 $0))) 0) $1) (lambda (lambda (cdr $1))) $0)))) $0 ?3) (#(lambda (lambda (car (#(lambda (lambda (lambda (fix1 $2 (lambda (lambda (if (empty? $0) $2 ($3 ($1 (cdr $0)) (car $0))))))))) (#(#(lambda (lambda (lambda (#(lambda (lambda (lambda (lambda (fix1 $3 (lambda (lambda (if ($2 $0) empty (cons ($3 $0) ($1 ($4 $0))))))))))) $1 (lambda ($3 $0 1)) (lambda $0) (lambda (eq? $0 $1)))))) (lambda (lambda (+ $1 $0))) 0) $1) (lambda (lambda (cdr $1))) $0)))) $0 $1))))) : list(t0) -> (t0 -> t1 -> t2) -> ((int -> t2) -> t3) -> list(t1) -> t3 
utility -8.119999999999997 (adjusted from 0.029999999999997584) probabilistic score -347.3659943584332 structure penalty 55.3 [0m

-268.03122555895294 53.8
[31m 48 sec 660 pops 17795 utility calculations best found so far:
	 (lambda (#(lambda (#(lambda (lambda (lambda (fix1 $2 (lambda (lambda (if (empty? $0) $2 ($3 ($1 (cdr $0)) (car $0))))))))) $0 (lambda (lambda (+ 1 $1))) 0)) $0)) : list(t0) -> int 
utility -2.0199999999999996 (adjusted from 0.019999999999999574) probabilistic score -345.83122555895295 structure penalty 53.8 [0m

-263.383141977937 54.699999999999996
[33m 50 sec 691 pops 18615 utility calculations best found so far:
	 (+ 1) : int -> int 
utility 0.010000000000010445 (adjusted from 0.009999999999999787) probabilistic score -342.083141977937 structure penalty 54.699999999999996 [0m

-257.44491037862576 55.8
[31m 51 sec 699 pops 18800 utility calculations best found so far:
	 (#(lambda (lambda (#(lambda (lambda (lambda (fix1 $2 (lambda (lambda (if (empty? $0) $2 ($3 ($1 (cdr $0)) (car $0))))))))) $1 (lambda (lambda (cons ($2 $0) $1))) empty))) (#(#(lambda (lambda (lambda (#(lambda (lambda (lambda (lambda (fix1 $3 (lambda (lambda (if ($2 $0) empty (cons ($3 $0) ($1 ($4 $0))))))))))) $1 (lambda ($3 $0 1)) (lambda $0) (lambda (eq? $0 $1)))))) (lambda (lambda (+ $1 $0))) 0) (#(lambda (#(lambda (lambda (lambda (fix1 $2 (lambda (lambda (if (empty? $0) $2 ($3 ($1 (cdr $0)) (car $0))))))))) $0 (lambda (lambda (+ 1 $1))) 0)) ?1))) : list(t0) -> (int -> t1) -> list(t1) 
utility -7.105427357601002e-15 (adjusted from 0.009999999999999787) probabilistic score -337.2449103786258 structure penalty 55.8 [0m

-262.8731514430097 54.699999999999996
[33m 51 sec 700 pops 18800 utility calculations best found so far:
	 (cons 0) : list(int) -> list(int) 
utility 0.009999999999996234 (adjusted from 0.009999999999999787) probabilistic score -341.5731514430097 structure penalty 54.699999999999996 [0m

-243.70288582806464 58.3
Score can be improved to -326.0028858280646
New library function occurs in 2 MAP solutions:
zip plus 	 (lambda (lambda (#(lambda (lambda (lambda (#(lambda (lambda (#(lambda (lambda (lambda (fix1 $2 (lambda (lambda (if (empty? $0) $2 ($3 ($1 (cdr $0)) (car $0))))))))) $1 (lambda (lambda (cons ($2 $0) $1))) empty))) (#(#(lambda (lambda (lambda (#(lambda (lambda (lambda (lambda (fix1 $3 (lambda (lambda (if ($2 $0) empty (cons ($3 $0) ($1 ($4 $0))))))))))) $1 (lambda ($3 $0 1)) (lambda $0) (lambda (eq? $0 $1)))))) (lambda (lambda (+ $1 $0))) 0) (#(lambda (#(lambda (lambda (lambda (fix1 $2 (lambda (lambda (if (empty? $0) $2 ($3 ($1 (cdr $0)) (car $0))))))))) $0 (lambda (lambda (+ 1 $1))) 0)) $0)) (lambda ($3 (#(lambda (lambda (car (#(lambda (lambda (lambda (fix1 $2 (lambda (lambda (if (empty? $0) $2 ($3 ($1 (cdr $0)) (car $0))))))))) (#(#(lambda (lambda (lambda (#(lambda (lambda (lambda (lambda (fix1 $3 (lambda (lambda (if ($2 $0) empty (cons ($3 $0) ($1 ($4 $0))))))))))) $1 (lambda ($3 $0 1)) (lambda $0) (lambda (eq? $0 $1)))))) (lambda (lambda (+ $1 $0))) 0) $1) (lambda (lambda (cdr $1))) $0)))) $0 $2) (#(lambda (lambda (car (#(lambda (lambda (lambda (fix1 $2 (lambda (lambda (if (empty? $0) $2 ($3 ($1 (cdr $0)) (car $0))))))))) (#(#(lambda (lambda (lambda (#(lambda (lambda (lambda (lambda (fix1 $3 (lambda (lambda (if ($2 $0) empty (cons ($3 $0) ($1 ($4 $0))))))))))) $1 (lambda ($3 $0 1)) (lambda $0) (lambda (eq? $0 $1)))))) (lambda (lambda (+ $1 $0))) 0) $1) (lambda (lambda (cdr $1))) $0)))) $0 $1))))))) (lambda (lambda (+ $1 $0))) $1 $0)))
zip minus 	 (lambda (lambda (#(lambda (lambda (lambda (#(lambda (lambda (#(lambda (lambda (lambda (fix1 $2 (lambda (lambda (if (empty? $0) $2 ($3 ($1 (cdr $0)) (car $0))))))))) $1 (lambda (lambda (cons ($2 $0) $1))) empty))) (#(#(lambda (lambda (lambda (#(lambda (lambda (lambda (lambda (fix1 $3 (lambda (lambda (if ($2 $0) empty (cons ($3 $0) ($1 ($4 $0))))))))))) $1 (lambda ($3 $0 1)) (lambda $0) (lambda (eq? $0 $1)))))) (lambda (lambda (+ $1 $0))) 0) (#(lambda (#(lambda (lambda (lambda (fix1 $2 (lambda (lambda (if (empty? $0) $2 ($3 ($1 (cdr $0)) (car $0))))))))) $0 (lambda (lambda (+ 1 $1))) 0)) $0)) (lambda ($3 (#(lambda (lambda (car (#(lambda (lambda (lambda (fix1 $2 (lambda (lambda (if (empty? $0) $2 ($3 ($1 (cdr $0)) (car $0))))))))) (#(#(lambda (lambda (lambda (#(lambda (lambda (lambda (lambda (fix1 $3 (lambda (lambda (if ($2 $0) empty (cons ($3 $0) ($1 ($4 $0))))))))))) $1 (lambda ($3 $0 1)) (lambda $0) (lambda (eq? $0 $1)))))) (lambda (lambda (+ $1 $0))) 0) $1) (lambda (lambda (cdr $1))) $0)))) $0 $2) (#(lambda (lambda (car (#(lambda (lambda (lambda (fix1 $2 (lambda (lambda (if (empty? $0) $2 ($3 ($1 (cdr $0)) (car $0))))))))) (#(#(lambda (lambda (lambda (#(lambda (lambda (lambda (lambda (fix1 $3 (lambda (lambda (if ($2 $0) empty (cons ($3 $0) ($1 ($4 $0))))))))))) $1 (lambda ($3 $0 1)) (lambda $0) (lambda (eq? $0 $1)))))) (lambda (lambda (+ $1 $0))) 0) $1) (lambda (lambda (cdr $1))) $0)))) $0 $1))))))) (lambda (lambda (- $1 $0))) $1 $0)))

constructed 0-step version spaces in 0.0 seconds
Enumerated 542 distinct version spaces
-247.01057255907764 59.5
[31m 15 sec 328 pops 9318 utility calculations best found so far:
	 (lambda (#(lambda (lambda (#(lambda (lambda (lambda (fix1 $2 (lambda (lambda (if (empty? $0) $2 ($3 ($1 (cdr $0)) (car $0))))))))) $1 (lambda (lambda (cons ($2 $0) $1))) empty))) $0 ?1)) : (t0 -> t1) -> list(t0) -> list(t1) 
utility -3.039999999999999 (adjusted from 2.0699999999999985) probabilistic score -331.5105725590777 structure penalty 59.5 [0m

-247.36768243367771 59.6
[31m 15 sec 338 pops 9584 utility calculations best found so far:
	 (lambda (#(lambda (lambda (#(lambda (lambda (lambda (fix1 $2 (lambda (lambda (if (empty? $0) $2 ($3 ($1 (cdr $0)) (car $0))))))))) $1 (lambda (lambda (cons ($2 $0) $1))) empty))) $0 (lambda (?1 $0)))) : (t0 -> t1) -> list(t0) -> list(t1) 
utility -4.059999999999999 (adjusted from 2.0699999999999985) probabilistic score -331.96768243367774 structure penalty 59.6 [0m

-246.64543783799388 59.8
[31m 16 sec 343 pops 9705 utility calculations best found so far:
	 (lambda (lambda (#(lambda (lambda (lambda (#(lambda (lambda (#(lambda (lambda (lambda (fix1 $2 (lambda (lambda (if (empty? $0) $2 ($3 ($1 (cdr $0)) (car $0))))))))) $1 (lambda (lambda (cons ($2 $0) $1))) empty))) (#(#(lambda (lambda (lambda (#(lambda (lambda (lambda (lambda (fix1 $3 (lambda (lambda (if ($2 $0) empty (cons ($3 $0) ($1 ($4 $0))))))))))) $1 (lambda ($3 $0 1)) (lambda $0) (lambda (eq? $0 $1)))))) (lambda (lambda (+ $1 $0))) 0) (#(lambda (#(lambda (lambda (lambda (fix1 $2 (lambda (lambda (if (empty? $0) $2 ($3 ($1 (cdr $0)) (car $0))))))))) $0 (lambda (lambda (+ 1 $1))) 0)) $0)) (lambda ($3 (#(lambda (lambda (car (#(lambda (lambda (lambda (fix1 $2 (lambda (lambda (if (empty? $0) $2 ($3 ($1 (cdr $0)) (car $0))))))))) (#(#(lambda (lambda (lambda (#(lambda (lambda (lambda (lambda (fix1 $3 (lambda (lambda (if ($2 $0) empty (cons ($3 $0) ($1 ($4 $0))))))))))) $1 (lambda ($3 $0 1)) (lambda $0) (lambda (eq? $0 $1)))))) (lambda (lambda (+ $1 $0))) 0) $1) (lambda (lambda (cdr $1))) $0)))) $0 $2) (#(lambda (lambda (car (#(lambda (lambda (lambda (fix1 $2 (lambda (lambda (if (empty? $0) $2 ($3 ($1 (cdr $0)) (car $0))))))))) (#(#(lambda (lambda (lambda (#(lambda (lambda (lambda (lambda (fix1 $3 (lambda (lambda (if ($2 $0) empty (cons ($3 $0) ($1 ($4 $0))))))))))) $1 (lambda ($3 $0 1)) (lambda $0) (lambda (eq? $0 $1)))))) (lambda (lambda (+ $1 $0))) 0) $1) (lambda (lambda (cdr $1))) $0)))) $0 $1))))))) (lambda (lambda (?1 $1 $0))) $1 $0))) : (t0 -> t1 -> t2) -> list(t0) -> list(t1) -> list(t2) 
utility -6.099999999999998 (adjusted from 2.0699999999999985) probabilistic score -331.4454378379939 structure penalty 59.8 [0m

-276.3241536852527 58.6
[31m 18 sec 400 pops 11304 utility calculations best found so far:
	 (lambda (lambda (?1 $1 $0))) : (t0 -> t1 -> t2) -> t0 -> t1 -> t2 
utility -11.16999999999999 (adjusted from 1.0799999999999983) probabilistic score -359.92415368525275 structure penalty 58.6 [0m

-248.64961394398676 59.5
[31m 20 sec 426 pops 12024 utility calculations best found so far:
	 (lambda (+ ?1 $0)) : int -> int -> int 
utility -3.039999999999999 (adjusted from 1.049999999999999) probabilistic score -333.14961394398676 structure penalty 59.5 [0m

-248.534135126069 59.5
[31m 21 sec 460 pops 12979 utility calculations best found so far:
	 (lambda (lambda (+ $1 $0))) : int -> int -> int 
utility -3.039999999999999 (adjusted from 1.0399999999999991) probabilistic score -333.03413512606903 structure penalty 59.5 [0m

-268.5503042076249 58.7
[31m 23 sec 510 pops 14355 utility calculations best found so far:
	 (lambda (?1 $0 (lambda (?2 $0)))) : (t0 -> t1) -> (t2 -> (t0 -> t1) -> t3) -> t2 -> t3 
utility -12.179999999999984 (adjusted from 0.06999999999999851) probabilistic score -352.2503042076249 structure penalty 58.7 [0m

-248.5962118205546 59.8
[31m 24 sec 519 pops 14587 utility calculations best found so far:
	 (lambda (#(lambda (lambda (lambda (fix1 $2 (lambda (lambda (if (empty? $0) $2 ($3 ($1 (cdr $0)) (car $0))))))))) $0 (lambda (lambda (?1 $0 $1))) ?2)) : t0 -> (t1 -> t0 -> t0) -> list(t1) -> t0 
utility -6.099999999999998 (adjusted from 0.03999999999999915) probabilistic score -333.3962118205546 structure penalty 59.8 [0m

-246.64543783799388 59.8
[31m 24 sec 525 pops 14731 utility calculations best found so far:
	 (lambda (#(lambda (lambda (lambda (#(lambda (lambda (#(lambda (lambda (lambda (fix1 $2 (lambda (lambda (if (empty? $0) $2 ($3 ($1 (cdr $0)) (car $0))))))))) $1 (lambda (lambda (cons ($2 $0) $1))) empty))) (#(#(lambda (lambda (lambda (#(lambda (lambda (lambda (lambda (fix1 $3 (lambda (lambda (if ($2 $0) empty (cons ($3 $0) ($1 ($4 $0))))))))))) $1 (lambda ($3 $0 1)) (lambda $0) (lambda (eq? $0 $1)))))) (lambda (lambda (+ $1 $0))) 0) (#(lambda (#(lambda (lambda (lambda (fix1 $2 (lambda (lambda (if (empty? $0) $2 ($3 ($1 (cdr $0)) (car $0))))))))) $0 (lambda (lambda (+ 1 $1))) 0)) $0)) (lambda ($3 (#(lambda (lambda (car (#(lambda (lambda (lambda (fix1 $2 (lambda (lambda (if (empty? $0) $2 ($3 ($1 (cdr $0)) (car $0))))))))) (#(#(lambda (lambda (lambda (#(lambda (lambda (lambda (lambda (fix1 $3 (lambda (lambda (if ($2 $0) empty (cons ($3 $0) ($1 ($4 $0))))))))))) $1 (lambda ($3 $0 1)) (lambda $0) (lambda (eq? $0 $1)))))) (lambda (lambda (+ $1 $0))) 0) $1) (lambda (lambda (cdr $1))) $0)))) $0 $2) (#(lambda (lambda (car (#(lambda (lambda (lambda (fix1 $2 (lambda (lambda (if (empty? $0) $2 ($3 ($1 (cdr $0)) (car $0))))))))) (#(#(lambda (lambda (lambda (#(lambda (lambda (lambda (lambda (fix1 $3 (lambda (lambda (if ($2 $0) empty (cons ($3 $0) ($1 ($4 $0))))))))))) $1 (lambda ($3 $0 1)) (lambda $0) (lambda (eq? $0 $1)))))) (lambda (lambda (+ $1 $0))) 0) $1) (lambda (lambda (cdr $1))) $0)))) $0 $1))))))) (lambda (lambda (?1 $1 $0))) ?2 $0)) : list(t0) -> (t0 -> t1 -> t2) -> list(t1) -> list(t2) 
utility -6.099999999999998 (adjusted from 0.03999999999999826) probabilistic score -331.4454378379939 structure penalty 59.8 [0m

-248.4424483904038 59.5
[31m 25 sec 536 pops 15024 utility calculations best found so far:
	 (lambda (+ $0 ?1)) : int -> int -> int 
utility -3.039999999999999 (adjusted from 0.02999999999999936) probabilistic score -332.9424483904038 structure penalty 59.5 [0m

-248.4566954362854 59.6
[31m 25 sec 553 pops 15493 utility calculations best found so far:
	 (?1 (lambda (lambda (+ $1 $0)))) : ((int -> int -> int) -> t0) -> t0 
utility -4.059999999999999 (adjusted from 0.02999999999999936) probabilistic score -333.0566954362854 structure penalty 59.6 [0m

-246.64543783799388 59.6
[31m 26 sec 554 pops 15493 utility calculations best found so far:
	 (lambda (lambda (#(lambda (lambda (lambda (#(lambda (lambda (#(lambda (lambda (lambda (fix1 $2 (lambda (lambda (if (empty? $0) $2 ($3 ($1 (cdr $0)) (car $0))))))))) $1 (lambda (lambda (cons ($2 $0) $1))) empty))) (#(#(lambda (lambda (lambda (#(lambda (lambda (lambda (lambda (fix1 $3 (lambda (lambda (if ($2 $0) empty (cons ($3 $0) ($1 ($4 $0))))))))))) $1 (lambda ($3 $0 1)) (lambda $0) (lambda (eq? $0 $1)))))) (lambda (lambda (+ $1 $0))) 0) (#(lambda (#(lambda (lambda (lambda (fix1 $2 (lambda (lambda (if (empty? $0) $2 ($3 ($1 (cdr $0)) (car $0))))))))) $0 (lambda (lambda (+ 1 $1))) 0)) $0)) (lambda ($3 (#(lambda (lambda (car (#(lambda (lambda (lambda (fix1 $2 (lambda (lambda (if (empty? $0) $2 ($3 ($1 (cdr $0)) (car $0))))))))) (#(#(lambda (lambda (lambda (#(lambda (lambda (lambda (lambda (fix1 $3 (lambda (lambda (if ($2 $0) empty (cons ($3 $0) ($1 ($4 $0))))))))))) $1 (lambda ($3 $0 1)) (lambda $0) (lambda (eq? $0 $1)))))) (lambda (lambda (+ $1 $0))) 0) $1) (lambda (lambda (cdr $1))) $0)))) $0 $2) (#(lambda (lambda (car (#(lambda (lambda (lambda (fix1 $2 (lambda (lambda (if (empty? $0) $2 ($3 ($1 (cdr $0)) (car $0))))))))) (#(#(lambda (lambda (lambda (#(lambda (lambda (lambda (lambda (fix1 $3 (lambda (lambda (if ($2 $0) empty (cons ($3 $0) ($1 ($4 $0))))))))))) $1 (lambda ($3 $0 1)) (lambda $0) (lambda (eq? $0 $1)))))) (lambda (lambda (+ $1 $0))) 0) $1) (lambda (lambda (cdr $1))) $0)))) $0 $1))))))) ?1 $1 $0))) : (t0 -> t1 -> t2) -> list(t0) -> list(t1) -> list(t2) 
utility -4.059999999999999 (adjusted from 0.02999999999999936) probabilistic score -331.2454378379939 structure penalty 59.6 [0m

-246.64543783799388 59.6
[31m 26 sec 555 pops 15493 utility calculations best found so far:
	 (#(lambda (lambda (lambda (#(lambda (lambda (#(lambda (lambda (lambda (fix1 $2 (lambda (lambda (if (empty? $0) $2 ($3 ($1 (cdr $0)) (car $0))))))))) $1 (lambda (lambda (cons ($2 $0) $1))) empty))) (#(#(lambda (lambda (lambda (#(lambda (lambda (lambda (lambda (fix1 $3 (lambda (lambda (if ($2 $0) empty (cons ($3 $0) ($1 ($4 $0))))))))))) $1 (lambda ($3 $0 1)) (lambda $0) (lambda (eq? $0 $1)))))) (lambda (lambda (+ $1 $0))) 0) (#(lambda (#(lambda (lambda (lambda (fix1 $2 (lambda (lambda (if (empty? $0) $2 ($3 ($1 (cdr $0)) (car $0))))))))) $0 (lambda (lambda (+ 1 $1))) 0)) $0)) (lambda ($3 (#(lambda (lambda (car (#(lambda (lambda (lambda (fix1 $2 (lambda (lambda (if (empty? $0) $2 ($3 ($1 (cdr $0)) (car $0))))))))) (#(#(lambda (lambda (lambda (#(lambda (lambda (lambda (lambda (fix1 $3 (lambda (lambda (if ($2 $0) empty (cons ($3 $0) ($1 ($4 $0))))))))))) $1 (lambda ($3 $0 1)) (lambda $0) (lambda (eq? $0 $1)))))) (lambda (lambda (+ $1 $0))) 0) $1) (lambda (lambda (cdr $1))) $0)))) $0 $2) (#(lambda (lambda (car (#(lambda (lambda (lambda (fix1 $2 (lambda (lambda (if (empty? $0) $2 ($3 ($1 (cdr $0)) (car $0))))))))) (#(#(lambda (lambda (lambda (#(lambda (lambda (lambda (lambda (fix1 $3 (lambda (lambda (if ($2 $0) empty (cons ($3 $0) ($1 ($4 $0))))))))))) $1 (lambda ($3 $0 1)) (lambda $0) (lambda (eq? $0 $1)))))) (lambda (lambda (+ $1 $0))) 0) $1) (lambda (lambda (cdr $1))) $0)))) $0 $1))))))) (lambda (lambda (?1 $1 $0)))) : (t0 -> t1 -> t2) -> list(t0) -> list(t1) -> list(t2) 
utility -4.059999999999999 (adjusted from 0.02999999999999936) probabilistic score -331.2454378379939 structure penalty 59.6 [0m

-248.19194626947476 59.4
[31m 27 sec 562 pops 15666 utility calculations best found so far:
	 (lambda (#(lambda (#(lambda (lambda (lambda (fix1 $2 (lambda (lambda (if (empty? $0) $2 ($3 ($1 (cdr $0)) (car $0))))))))) $0 (lambda (lambda (+ 1 $1))) 0)) $0)) : list(t0) -> int 
utility -2.0199999999999996 (adjusted from 0.019999999999999574) probabilistic score -332.59194626947476 structure penalty 59.4 [0m

-243.83234641341744 60.3
[33m 28 sec 589 pops 16404 utility calculations best found so far:
	 (+ 1) : int -> int 
utility 0.010000000000010445 (adjusted from 0.009999999999999787) probabilistic score -329.13234641341745 structure penalty 60.3 [0m

-243.37392980266236 60.3
[33m 28 sec 593 pops 16485 utility calculations best found so far:
	 (cons 0) : list(int) -> list(int) 
utility 0.009999999999996234 (adjusted from 0.009999999999999787) probabilistic score -328.67392980266237 structure penalty 60.3 [0m

No invention looks promising so we are done
new primitives:
(t0 -> t1 -> t2) -> list(t0) -> list(t1) -> list(t2) 	 #(lambda (lambda (lambda (#(lambda (lambda (#(lambda (lambda (lambda (fix1 $2 (lambda (lambda (if (empty? $0) $2 ($3 ($1 (cdr $0)) (car $0))))))))) $1 (lambda (lambda (cons ($2 $0) $1))) empty))) (#(#(lambda (lambda (lambda (#(lambda (lambda (lambda (lambda (fix1 $3 (lambda (lambda (if ($2 $0) empty (cons ($3 $0) ($1 ($4 $0))))))))))) $1 (lambda ($3 $0 1)) (lambda $0) (lambda (eq? $0 $1)))))) (lambda (lambda (+ $1 $0))) 0) (#(lambda (#(lambda (lambda (lambda (fix1 $2 (lambda (lambda (if (empty? $0) $2 ($3 ($1 (cdr $0)) (car $0))))))))) $0 (lambda (lambda (+ 1 $1))) 0)) $0)) (lambda ($3 (#(lambda (lambda (car (#(lambda (lambda (lambda (fix1 $2 (lambda (lambda (if (empty? $0) $2 ($3 ($1 (cdr $0)) (car $0))))))))) (#(#(lambda (lambda (lambda (#(lambda (lambda (lambda (lambda (fix1 $3 (lambda (lambda (if ($2 $0) empty (cons ($3 $0) ($1 ($4 $0))))))))))) $1 (lambda ($3 $0 1)) (lambda $0) (lambda (eq? $0 $1)))))) (lambda (lambda (+ $1 $0))) 0) $1) (lambda (lambda (cdr $1))) $0)))) $0 $2) (#(lambda (lambda (car (#(lambda (lambda (lambda (fix1 $2 (lambda (lambda (if (empty? $0) $2 ($3 ($1 (cdr $0)) (car $0))))))))) (#(#(lambda (lambda (lambda (#(lambda (lambda (lambda (lambda (fix1 $3 (lambda (lambda (if ($2 $0) empty (cons ($3 $0) ($1 ($4 $0))))))))))) $1 (lambda ($3 $0 1)) (lambda $0) (lambda (eq? $0 $1)))))) (lambda (lambda (+ $1 $0))) 0) $1) (lambda (lambda (cdr $1))) $0)))) $0 $1)))))))
83.3357162475586 seconds



