WARNING: Could not import torch. This is only okay when doing pypy compression.
WARNING: Could not import np. This is only okay when doing pypy compression.
Failure loading recognition - only acceptable if using pypy 
WARNING: Could not import torch. This is only okay when doing pypy compression.
WARNING: Could not import np. This is only okay when doing pypy compression.
Failure loading recognition - only acceptable if using pypy 
WARNING: Could not import torch. This is only okay when doing pypy compression.
WARNING: Could not import np. This is only okay when doing pypy compression.
Failure to load pregex. This is only acceptable if using pypy
Failure to load pregex. This is only acceptable if using pypy
WARNING: Could not import torch. This is only okay when doing pypy compression.
WARNING: Could not import torch. This is only okay when doing pypy compression.
WARNING: Could not import np. This is only okay when doing pypy compression.
WARNING: Could not import recognition. This is only okay when doing pypy compression.
WARNING: Could not import torch. This is only okay when doing pypy compression.
WARNING: Could not import np. This is only okay when doing pypy compression.
WARNING: Could not import torch. This is only okay when doing pypy compression.
WARNING: Could not import np. This is only okay when doing pypy compression.
DEPRECATION NOTICE: this module (dreamcoder.ec) will be deleted soon, please update your code to import from dreamcoder.dreamcoder instead



RUNNING 1 3
Inducing a grammar from 20 frontiers
-262.84057717030635 52.699999999999996
Starting grammar induction score -338.54057717030634
constructed 1-step version spaces in 0.3 seconds
Enumerated 16475 distinct version spaces
-243.70288582806464 58.3
[32m 79 sec 393 pops 10823 utility calculations best found so far:
	 (lambda (lambda (#(lambda (lambda (#(lambda (lambda (lambda (fix1 $2 (lambda (lambda (if (empty? $0) $2 ($3 ($1 (cdr $0)) (car $0))))))))) $1 (lambda (lambda (cons ($2 $0) $1))) empty))) (#(#(lambda (lambda (lambda (#(lambda (lambda (lambda (lambda (fix1 $3 (lambda (lambda (if ($2 $0) empty (cons ($3 $0) ($1 ($4 $0))))))))))) $1 (lambda ($3 $0 1)) (lambda $0) (lambda (eq? $0 $1)))))) (lambda (lambda (+ $1 $0))) 0) (#(lambda (#(lambda (lambda (lambda (fix1 $2 (lambda (lambda (if (empty? $0) $2 ($3 ($1 (cdr $0)) (car $0))))))))) $0 (lambda (lambda (+ 1 $1))) 0)) $0)) (lambda (?1 (#(lambda (lambda (car (#(lambda (lambda (lambda (fix1 $2 (lambda (lambda (if (empty? $0) $2 ($3 ($1 (cdr $0)) (car $0))))))))) (#(#(lambda (lambda (lambda (#(lambda (lambda (lambda (lambda (fix1 $3 (lambda (lambda (if ($2 $0) empty (cons ($3 $0) ($1 ($4 $0))))))))))) $1 (lambda ($3 $0 1)) (lambda $0) (lambda (eq? $0 $1)))))) (lambda (lambda (+ $1 $0))) 0) $1) (lambda (lambda (cdr $1))) $0)))) $0 $2) (#(lambda (lambda (car (#(lambda (lambda (lambda (fix1 $2 (lambda (lambda (if (empty? $0) $2 ($3 ($1 (cdr $0)) (car $0))))))))) (#(#(lambda (lambda (lambda (#(lambda (lambda (lambda (lambda (fix1 $3 (lambda (lambda (if ($2 $0) empty (cons ($3 $0) ($1 ($4 $0))))))))))) $1 (lambda ($3 $0 1)) (lambda $0) (lambda (eq? $0 $1)))))) (lambda (lambda (+ $1 $0))) 0) $1) (lambda (lambda (cdr $1))) $0)))) $0 $1)))))) : (t0 -> t1 -> t2) -> list(t0) -> list(t1) -> list(t2) 
utility -1.060000000000013 (adjusted from 7.109999999999998) probabilistic score -326.0028858280646 structure penalty 58.3 [0m

-243.70288582806464 58.3
[31m 80 sec 394 pops 10823 utility calculations best found so far:
	 (lambda (lambda (#(lambda (lambda (#(lambda (lambda (lambda (fix1 $2 (lambda (lambda (if (empty? $0) $2 ($3 ($1 (cdr $0)) (car $0))))))))) $1 (lambda (lambda (cons ($2 $0) $1))) empty))) (#(#(lambda (lambda (lambda (#(lambda (lambda (lambda (lambda (fix1 $3 (lambda (lambda (if ($2 $0) empty (cons ($3 $0) ($1 ($4 $0))))))))))) $1 (lambda ($3 $0 1)) (lambda $0) (lambda (eq? $0 $1)))))) (lambda (lambda (+ $1 $0))) 0) (#(lambda (#(lambda (lambda (lambda (fix1 $2 (lambda (lambda (if (empty? $0) $2 ($3 ($1 (cdr $0)) (car $0))))))))) $0 (lambda (lambda (+ 1 $1))) 0)) $1)) (lambda (?1 (#(lambda (lambda (car (#(lambda (lambda (lambda (fix1 $2 (lambda (lambda (if (empty? $0) $2 ($3 ($1 (cdr $0)) (car $0))))))))) (#(#(lambda (lambda (lambda (#(lambda (lambda (lambda (lambda (fix1 $3 (lambda (lambda (if ($2 $0) empty (cons ($3 $0) ($1 ($4 $0))))))))))) $1 (lambda ($3 $0 1)) (lambda $0) (lambda (eq? $0 $1)))))) (lambda (lambda (+ $1 $0))) 0) $1) (lambda (lambda (cdr $1))) $0)))) $0 $2) (#(lambda (lambda (car (#(lambda (lambda (lambda (fix1 $2 (lambda (lambda (if (empty? $0) $2 ($3 ($1 (cdr $0)) (car $0))))))))) (#(#(lambda (lambda (lambda (#(lambda (lambda (lambda (lambda (fix1 $3 (lambda (lambda (if ($2 $0) empty (cons ($3 $0) ($1 ($4 $0))))))))))) $1 (lambda ($3 $0 1)) (lambda $0) (lambda (eq? $0 $1)))))) (lambda (lambda (+ $1 $0))) 0) $1) (lambda (lambda (cdr $1))) $0)))) $0 $1)))))) : (t0 -> t1 -> t2) -> list(t0) -> list(t1) -> list(t2) 
utility -1.060000000000013 (adjusted from 7.109999999999998) probabilistic score -326.0028858280646 structure penalty 58.3 [0m

-243.70288582806464 58.3
[31m 96 sec 496 pops 13643 utility calculations best found so far:
	 (lambda (#(lambda (lambda (#(lambda (lambda (lambda (fix1 $2 (lambda (lambda (if (empty? $0) $2 ($3 ($1 (cdr $0)) (car $0))))))))) $1 (lambda (lambda (cons ($2 $0) $1))) empty))) (#(#(lambda (lambda (lambda (#(lambda (lambda (lambda (lambda (fix1 $3 (lambda (lambda (if ($2 $0) empty (cons ($3 $0) ($1 ($4 $0))))))))))) $1 (lambda ($3 $0 1)) (lambda $0) (lambda (eq? $0 $1)))))) (lambda (lambda (+ $1 $0))) 0) (#(lambda (#(lambda (lambda (lambda (fix1 $2 (lambda (lambda (if (empty? $0) $2 ($3 ($1 (cdr $0)) (car $0))))))))) $0 (lambda (lambda (+ 1 $1))) 0)) $0)) (lambda (?1 (#(lambda (lambda (car (#(lambda (lambda (lambda (fix1 $2 (lambda (lambda (if (empty? $0) $2 ($3 ($1 (cdr $0)) (car $0))))))))) (#(#(lambda (lambda (lambda (#(lambda (lambda (lambda (lambda (fix1 $3 (lambda (lambda (if ($2 $0) empty (cons ($3 $0) ($1 ($4 $0))))))))))) $1 (lambda ($3 $0 1)) (lambda $0) (lambda (eq? $0 $1)))))) (lambda (lambda (+ $1 $0))) 0) $1) (lambda (lambda (cdr $1))) $0)))) $0 ?2) (#(lambda (lambda (car (#(lambda (lambda (lambda (fix1 $2 (lambda (lambda (if (empty? $0) $2 ($3 ($1 (cdr $0)) (car $0))))))))) (#(#(lambda (lambda (lambda (#(lambda (lambda (lambda (lambda (fix1 $3 (lambda (lambda (if ($2 $0) empty (cons ($3 $0) ($1 ($4 $0))))))))))) $1 (lambda ($3 $0 1)) (lambda $0) (lambda (eq? $0 $1)))))) (lambda (lambda (+ $1 $0))) 0) $1) (lambda (lambda (cdr $1))) $0)))) $0 $1))))) : list(t0) -> (t0 -> t1 -> t2) -> list(t1) -> list(t2) 
utility -1.060000000000013 (adjusted from 5.079999999999998) probabilistic score -326.0028858280646 structure penalty 58.3 [0m

-244.51381326832893 58.2
[31m 113 sec 619 pops 17020 utility calculations best found so far:
	 (lambda (#(lambda (lambda (#(lambda (lambda (lambda (fix1 $2 (lambda (lambda (if (empty? $0) $2 ($3 ($1 (cdr $0)) (car $0))))))))) $1 (lambda (lambda (cons ($2 $0) $1))) empty))) (#(#(lambda (lambda (lambda (#(lambda (lambda (lambda (lambda (fix1 $3 (lambda (lambda (if ($2 $0) empty (cons ($3 $0) ($1 ($4 $0))))))))))) $1 (lambda ($3 $0 1)) (lambda $0) (lambda (eq? $0 $1)))))) (lambda (lambda (+ $1 $0))) 0) (#(lambda (#(lambda (lambda (lambda (fix1 $2 (lambda (lambda (if (empty? $0) $2 ($3 ($1 (cdr $0)) (car $0))))))))) $0 (lambda (lambda (+ 1 $1))) 0)) $0)) (lambda (?1 (#(lambda (lambda (car (#(lambda (lambda (lambda (fix1 $2 (lambda (lambda (if (empty? $0) $2 ($3 ($1 (cdr $0)) (car $0))))))))) (#(#(lambda (lambda (lambda (#(lambda (lambda (lambda (lambda (fix1 $3 (lambda (lambda (if ($2 $0) empty (cons ($3 $0) ($1 ($4 $0))))))))))) $1 (lambda ($3 $0 1)) (lambda $0) (lambda (eq? $0 $1)))))) (lambda (lambda (+ $1 $0))) 0) $1) (lambda (lambda (cdr $1))) $0)))) $0) (#(lambda (lambda (car (#(lambda (lambda (lambda (fix1 $2 (lambda (lambda (if (empty? $0) $2 ($3 ($1 (cdr $0)) (car $0))))))))) (#(#(lambda (lambda (lambda (#(lambda (lambda (lambda (lambda (fix1 $3 (lambda (lambda (if ($2 $0) empty (cons ($3 $0) ($1 ($4 $0))))))))))) $1 (lambda ($3 $0 1)) (lambda $0) (lambda (eq? $0 $1)))))) (lambda (lambda (+ $1 $0))) 0) $1) (lambda (lambda (cdr $1))) $0)))) $0 $1))))) : ((list(t0) -> t0) -> t1 -> t2) -> list(t1) -> list(t2) 
utility -0.04000000000001336 (adjusted from 4.049999999999999) probabilistic score -326.7138132683289 structure penalty 58.2 [0m

-267.27146103789994 54.0
[31m 117 sec 641 pops 17604 utility calculations best found so far:
	 (lambda (#(lambda (lambda (#(lambda (lambda (lambda (fix1 $2 (lambda (lambda (if (empty? $0) $2 ($3 ($1 (cdr $0)) (car $0))))))))) $1 (lambda (lambda (cons ($2 $0) $1))) empty))) $0 (lambda (?1 $0)))) : (t0 -> t1) -> list(t0) -> list(t1) 
utility -4.059999999999999 (adjusted from 3.089999999999998) probabilistic score -345.27146103789994 structure penalty 54.0 [0m

-248.58914441621508 58.3
[31m 123 sec 693 pops 19007 utility calculations best found so far:
	 (lambda (#(lambda (lambda (#(lambda (lambda (lambda (fix1 $2 (lambda (lambda (if (empty? $0) $2 ($3 ($1 (cdr $0)) (car $0))))))))) $1 (lambda (lambda (cons ($2 $0) $1))) empty))) (#(#(lambda (lambda (lambda (#(lambda (lambda (lambda (lambda (fix1 $3 (lambda (lambda (if ($2 $0) empty (cons ($3 $0) ($1 ($4 $0))))))))))) $1 (lambda ($3 $0 1)) (lambda $0) (lambda (eq? $0 $1)))))) (lambda (lambda (+ $1 $0))) 0) (#(lambda (#(lambda (lambda (lambda (fix1 $2 (lambda (lambda (if (empty? $0) $2 ($3 ($1 (cdr $0)) (car $0))))))))) $0 (lambda (lambda (+ 1 $1))) 0)) ?1)) (lambda (?2 (#(lambda (lambda (car (#(lambda (lambda (lambda (fix1 $2 (lambda (lambda (if (empty? $0) $2 ($3 ($1 (cdr $0)) (car $0))))))))) (#(#(lambda (lambda (lambda (#(lambda (lambda (lambda (lambda (fix1 $3 (lambda (lambda (if ($2 $0) empty (cons ($3 $0) ($1 ($4 $0))))))))))) $1 (lambda ($3 $0 1)) (lambda $0) (lambda (eq? $0 $1)))))) (lambda (lambda (+ $1 $0))) 0) $1) (lambda (lambda (cdr $1))) $0)))) $0 ?3) (#(lambda (lambda (car (#(lambda (lambda (lambda (fix1 $2 (lambda (lambda (if (empty? $0) $2 ($3 ($1 (cdr $0)) (car $0))))))))) (#(#(lambda (lambda (lambda (#(lambda (lambda (lambda (lambda (fix1 $3 (lambda (lambda (if ($2 $0) empty (cons ($3 $0) ($1 ($4 $0))))))))))) $1 (lambda ($3 $0 1)) (lambda $0) (lambda (eq? $0 $1)))))) (lambda (lambda (+ $1 $0))) 0) $1) (lambda (lambda (cdr $1))) $0)))) $0 $1))))) : list(t0) -> (t0 -> t1 -> t2) -> list(t3) -> list(t1) -> list(t2) 
utility -3.0899999999999945 (adjusted from 3.059999999999997) probabilistic score -330.88914441621506 structure penalty 58.3 [0m

-250.40612687590362 57.2
[31m 130 sec 747 pops 20470 utility calculations best found so far:
	 (lambda (#(lambda (lambda (#(lambda (lambda (lambda (fix1 $2 (lambda (lambda (if (empty? $0) $2 ($3 ($1 (cdr $0)) (car $0))))))))) $1 (lambda (lambda (cons ($2 $0) $1))) empty))) (#(#(lambda (lambda (lambda (#(lambda (lambda (lambda (lambda (fix1 $3 (lambda (lambda (if ($2 $0) empty (cons ($3 $0) ($1 ($4 $0))))))))))) $1 (lambda ($3 $0 1)) (lambda $0) (lambda (eq? $0 $1)))))) (lambda (lambda (+ $1 $0))) 0) (#(lambda (#(lambda (lambda (lambda (fix1 $2 (lambda (lambda (if (empty? $0) $2 ($3 ($1 (cdr $0)) (car $0))))))))) $0 (lambda (lambda (+ 1 $1))) 0)) $0)) (lambda (?1 $0 (#(lambda (lambda (car (#(lambda (lambda (lambda (fix1 $2 (lambda (lambda (if (empty? $0) $2 ($3 ($1 (cdr $0)) (car $0))))))))) (#(#(lambda (lambda (lambda (#(lambda (lambda (lambda (lambda (fix1 $3 (lambda (lambda (if ($2 $0) empty (cons ($3 $0) ($1 ($4 $0))))))))))) $1 (lambda ($3 $0 1)) (lambda $0) (lambda (eq? $0 $1)))))) (lambda (lambda (+ $1 $0))) 0) $1) (lambda (lambda (cdr $1))) $0)))) $0 $1))))) : (int -> t0 -> t1) -> list(t0) -> list(t1) 
utility -1.0499999999999954 (adjusted from 3.039999999999999) probabilistic score -331.6061268759036 structure penalty 57.2 [0m

-250.48428478995297 58.3
[31m 132 sec 748 pops 20470 utility calculations best found so far:
	 (lambda (#(lambda (lambda (#(lambda (lambda (lambda (fix1 $2 (lambda (lambda (if (empty? $0) $2 ($3 ($1 (cdr $0)) (car $0))))))))) $1 (lambda (lambda (cons ($2 $0) $1))) empty))) (#(#(lambda (lambda (lambda (#(lambda (lambda (lambda (lambda (fix1 $3 (lambda (lambda (if ($2 $0) empty (cons ($3 $0) ($1 ($4 $0))))))))))) $1 (lambda ($3 $0 1)) (lambda $0) (lambda (eq? $0 $1)))))) (lambda (lambda (+ $1 $0))) 0) (#(lambda (#(lambda (lambda (lambda (fix1 $2 (lambda (lambda (if (empty? $0) $2 ($3 ($1 (cdr $0)) (car $0))))))))) $0 (lambda (lambda (+ 1 $1))) 0)) $0)) (lambda (?1 (?2 (#(lambda (lambda (car (#(lambda (lambda (lambda (fix1 $2 (lambda (lambda (if (empty? $0) $2 ($3 ($1 (cdr $0)) (car $0))))))))) (#(#(lambda (lambda (lambda (#(lambda (lambda (lambda (lambda (fix1 $3 (lambda (lambda (if ($2 $0) empty (cons ($3 $0) ($1 ($4 $0))))))))))) $1 (lambda ($3 $0 1)) (lambda $0) (lambda (eq? $0 $1)))))) (lambda (lambda (+ $1 $0))) 0) $1) (lambda (lambda (cdr $1))) $0)))) $0)) (#(lambda (lambda (car (#(lambda (lambda (lambda (fix1 $2 (lambda (lambda (if (empty? $0) $2 ($3 ($1 (cdr $0)) (car $0))))))))) (#(#(lambda (lambda (lambda (#(lambda (lambda (lambda (lambda (fix1 $3 (lambda (lambda (if ($2 $0) empty (cons ($3 $0) ($1 ($4 $0))))))))))) $1 (lambda ($3 $0 1)) (lambda $0) (lambda (eq? $0 $1)))))) (lambda (lambda (+ $1 $0))) 0) $1) (lambda (lambda (cdr $1))) $0)))) $0 $1))))) : ((list(t0) -> t0) -> t1) -> (t1 -> t2 -> t3) -> list(t2) -> list(t3) 
utility -3.100000000000005 (adjusted from 3.039999999999999) probabilistic score -332.78428478995295 structure penalty 58.3 [0m

-267.1614154880521 53.9
[31m 137 sec 778 pops 21267 utility calculations best found so far:
	 (lambda (#(lambda (lambda (#(lambda (lambda (lambda (fix1 $2 (lambda (lambda (if (empty? $0) $2 ($3 ($1 (cdr $0)) (car $0))))))))) $1 (lambda (lambda (cons ($2 $0) $1))) empty))) $0 ?1)) : (t0 -> t1) -> list(t0) -> list(t1) 
utility -3.039999999999999 (adjusted from 2.0699999999999985) probabilistic score -345.0614154880521 structure penalty 53.9 [0m

-252.4404160392215 57.3
[31m 142 sec 827 pops 22597 utility calculations best found so far:
	 (lambda (#(lambda (lambda (#(lambda (lambda (lambda (fix1 $2 (lambda (lambda (if (empty? $0) $2 ($3 ($1 (cdr $0)) (car $0))))))))) $1 (lambda (lambda (cons ($2 $0) $1))) empty))) (#(#(lambda (lambda (lambda (#(lambda (lambda (lambda (lambda (fix1 $3 (lambda (lambda (if ($2 $0) empty (cons ($3 $0) ($1 ($4 $0))))))))))) $1 (lambda ($3 $0 1)) (lambda $0) (lambda (eq? $0 $1)))))) (lambda (lambda (+ $1 $0))) 0) ?1) (lambda (?2 (#(lambda (lambda (car (#(lambda (lambda (lambda (fix1 $2 (lambda (lambda (if (empty? $0) $2 ($3 ($1 (cdr $0)) (car $0))))))))) (#(#(lambda (lambda (lambda (#(lambda (lambda (lambda (lambda (fix1 $3 (lambda (lambda (if ($2 $0) empty (cons ($3 $0) ($1 ($4 $0))))))))))) $1 (lambda ($3 $0 1)) (lambda $0) (lambda (eq? $0 $1)))))) (lambda (lambda (+ $1 $0))) 0) $1) (lambda (lambda (cdr $1))) $0)))) $0 ?3) (#(lambda (lambda (car (#(lambda (lambda (lambda (fix1 $2 (lambda (lambda (if (empty? $0) $2 ($3 ($1 (cdr $0)) (car $0))))))))) (#(#(lambda (lambda (lambda (#(lambda (lambda (lambda (lambda (fix1 $3 (lambda (lambda (if ($2 $0) empty (cons ($3 $0) ($1 ($4 $0))))))))))) $1 (lambda ($3 $0 1)) (lambda $0) (lambda (eq? $0 $1)))))) (lambda (lambda (+ $1 $0))) 0) $1) (lambda (lambda (cdr $1))) $0)))) $0 $1))))) : list(t0) -> (t0 -> t1 -> t2) -> int -> list(t1) -> list(t2) 
utility -4.100000000000005 (adjusted from 2.049999999999997) probabilistic score -333.7404160392215 structure penalty 57.3 [0m

-249.4001675592351 58.2
[31m 147 sec 865 pops 23617 utility calculations best found so far:
	 (lambda (#(lambda (lambda (#(lambda (lambda (lambda (fix1 $2 (lambda (lambda (if (empty? $0) $2 ($3 ($1 (cdr $0)) (car $0))))))))) $1 (lambda (lambda (cons ($2 $0) $1))) empty))) (#(#(lambda (lambda (lambda (#(lambda (lambda (lambda (lambda (fix1 $3 (lambda (lambda (if ($2 $0) empty (cons ($3 $0) ($1 ($4 $0))))))))))) $1 (lambda ($3 $0 1)) (lambda $0) (lambda (eq? $0 $1)))))) (lambda (lambda (+ $1 $0))) 0) (#(lambda (#(lambda (lambda (lambda (fix1 $2 (lambda (lambda (if (empty? $0) $2 ($3 ($1 (cdr $0)) (car $0))))))))) $0 (lambda (lambda (+ 1 $1))) 0)) ?1)) (lambda (?2 (#(lambda (lambda (car (#(lambda (lambda (lambda (fix1 $2 (lambda (lambda (if (empty? $0) $2 ($3 ($1 (cdr $0)) (car $0))))))))) (#(#(lambda (lambda (lambda (#(lambda (lambda (lambda (lambda (fix1 $3 (lambda (lambda (if ($2 $0) empty (cons ($3 $0) ($1 ($4 $0))))))))))) $1 (lambda ($3 $0 1)) (lambda $0) (lambda (eq? $0 $1)))))) (lambda (lambda (+ $1 $0))) 0) $1) (lambda (lambda (cdr $1))) $0)))) $0) (#(lambda (lambda (car (#(lambda (lambda (lambda (fix1 $2 (lambda (lambda (if (empty? $0) $2 ($3 ($1 (cdr $0)) (car $0))))))))) (#(#(lambda (lambda (lambda (#(lambda (lambda (lambda (lambda (fix1 $3 (lambda (lambda (if ($2 $0) empty (cons ($3 $0) ($1 ($4 $0))))))))))) $1 (lambda ($3 $0 1)) (lambda $0) (lambda (eq? $0 $1)))))) (lambda (lambda (+ $1 $0))) 0) $1) (lambda (lambda (cdr $1))) $0)))) $0 $1))))) : ((list(t0) -> t0) -> t1 -> t2) -> list(t3) -> list(t1) -> list(t2) 
utility -2.069999999999995 (adjusted from 2.0299999999999994) probabilistic score -331.6001675592351 structure penalty 58.2 [0m

-257.9604488644629 56.3
[31m 157 sec 945 pops 25792 utility calculations best found so far:
	 (lambda (#(lambda (lambda (#(lambda (lambda (lambda (fix1 $2 (lambda (lambda (if (empty? $0) $2 ($3 ($1 (cdr $0)) (car $0))))))))) $1 (lambda (lambda (cons ($2 $0) $1))) empty))) ?1 (lambda (?2 (#(lambda (lambda (car (#(lambda (lambda (lambda (fix1 $2 (lambda (lambda (if (empty? $0) $2 ($3 ($1 (cdr $0)) (car $0))))))))) (#(#(lambda (lambda (lambda (#(lambda (lambda (lambda (lambda (fix1 $3 (lambda (lambda (if ($2 $0) empty (cons ($3 $0) ($1 ($4 $0))))))))))) $1 (lambda ($3 $0 1)) (lambda $0) (lambda (eq? $0 $1)))))) (lambda (lambda (+ $1 $0))) 0) $1) (lambda (lambda (cdr $1))) $0)))) $0 ?3) (#(lambda (lambda (car (#(lambda (lambda (lambda (fix1 $2 (lambda (lambda (if (empty? $0) $2 ($3 ($1 (cdr $0)) (car $0))))))))) (#(#(lambda (lambda (lambda (#(lambda (lambda (lambda (lambda (fix1 $3 (lambda (lambda (if ($2 $0) empty (cons ($3 $0) ($1 ($4 $0))))))))))) $1 (lambda ($3 $0 1)) (lambda $0) (lambda (eq? $0 $1)))))) (lambda (lambda (+ $1 $0))) 0) $1) (lambda (lambda (cdr $1))) $0)))) $0 $1))))) : list(t0) -> (t0 -> t1 -> t2) -> list(int) -> list(t1) -> list(t2) 
utility -5.110000000000001 (adjusted from 1.0399999999999974) probabilistic score -338.2604488644629 structure penalty 56.3 [0m

-255.3332460984965 57.2
[31m 171 sec 1030 pops 28096 utility calculations best found so far:
	 (lambda (#(lambda (lambda (#(lambda (lambda (lambda (fix1 $2 (lambda (lambda (if (empty? $0) $2 ($3 ($1 (cdr $0)) (car $0))))))))) $1 (lambda (lambda (cons ($2 $0) $1))) empty))) (#(#(lambda (lambda (lambda (#(lambda (lambda (lambda (lambda (fix1 $3 (lambda (lambda (if ($2 $0) empty (cons ($3 $0) ($1 ($4 $0))))))))))) $1 (lambda ($3 $0 1)) (lambda $0) (lambda (eq? $0 $1)))))) (lambda (lambda (+ $1 $0))) 0) (#(lambda (#(lambda (lambda (lambda (fix1 $2 (lambda (lambda (if (empty? $0) $2 ($3 ($1 (cdr $0)) (car $0))))))))) $0 (lambda (lambda (+ 1 $1))) 0)) ?1)) (lambda (?2 $0 (#(lambda (lambda (car (#(lambda (lambda (lambda (fix1 $2 (lambda (lambda (if (empty? $0) $2 ($3 ($1 (cdr $0)) (car $0))))))))) (#(#(lambda (lambda (lambda (#(lambda (lambda (lambda (lambda (fix1 $3 (lambda (lambda (if ($2 $0) empty (cons ($3 $0) ($1 ($4 $0))))))))))) $1 (lambda ($3 $0 1)) (lambda $0) (lambda (eq? $0 $1)))))) (lambda (lambda (+ $1 $0))) 0) $1) (lambda (lambda (cdr $1))) $0)))) $0 $1))))) : (int -> t0 -> t1) -> list(t2) -> list(t0) -> list(t1) 
utility -3.0800000000000054 (adjusted from 1.0199999999999996) probabilistic score -336.5332460984965 structure penalty 57.2 [0m

-253.25279480338614 57.2
[31m 171 sec 1031 pops 28096 utility calculations best found so far:
	 (lambda (#(lambda (lambda (#(lambda (lambda (lambda (fix1 $2 (lambda (lambda (if (empty? $0) $2 ($3 ($1 (cdr $0)) (car $0))))))))) $1 (lambda (lambda (cons ($2 $0) $1))) empty))) (#(#(lambda (lambda (lambda (#(lambda (lambda (lambda (lambda (fix1 $3 (lambda (lambda (if ($2 $0) empty (cons ($3 $0) ($1 ($4 $0))))))))))) $1 (lambda ($3 $0 1)) (lambda $0) (lambda (eq? $0 $1)))))) (lambda (lambda (+ $1 $0))) 0) ?1) (lambda (?2 (#(lambda (lambda (car (#(lambda (lambda (lambda (fix1 $2 (lambda (lambda (if (empty? $0) $2 ($3 ($1 (cdr $0)) (car $0))))))))) (#(#(lambda (lambda (lambda (#(lambda (lambda (lambda (lambda (fix1 $3 (lambda (lambda (if ($2 $0) empty (cons ($3 $0) ($1 ($4 $0))))))))))) $1 (lambda ($3 $0 1)) (lambda $0) (lambda (eq? $0 $1)))))) (lambda (lambda (+ $1 $0))) 0) $1) (lambda (lambda (cdr $1))) $0)))) $0) (#(lambda (lambda (car (#(lambda (lambda (lambda (fix1 $2 (lambda (lambda (if (empty? $0) $2 ($3 ($1 (cdr $0)) (car $0))))))))) (#(#(lambda (lambda (lambda (#(lambda (lambda (lambda (lambda (fix1 $3 (lambda (lambda (if ($2 $0) empty (cons ($3 $0) ($1 ($4 $0))))))))))) $1 (lambda ($3 $0 1)) (lambda $0) (lambda (eq? $0 $1)))))) (lambda (lambda (+ $1 $0))) 0) $1) (lambda (lambda (cdr $1))) $0)))) $0 $1))))) : ((list(t0) -> t0) -> t1 -> t2) -> int -> list(t1) -> list(t2) 
utility -3.0800000000000054 (adjusted from 1.0199999999999996) probabilistic score -334.45279480338615 structure penalty 57.2 [0m

-255.3534918214706 58.3
[31m 173 sec 1044 pops 28427 utility calculations best found so far:
	 (lambda (#(lambda (lambda (#(lambda (lambda (lambda (fix1 $2 (lambda (lambda (if (empty? $0) $2 ($3 ($1 (cdr $0)) (car $0))))))))) $1 (lambda (lambda (cons ($2 $0) $1))) empty))) (#(#(lambda (lambda (lambda (#(lambda (lambda (lambda (lambda (fix1 $3 (lambda (lambda (if ($2 $0) empty (cons ($3 $0) ($1 ($4 $0))))))))))) $1 (lambda ($3 $0 1)) (lambda $0) (lambda (eq? $0 $1)))))) (lambda (lambda (+ $1 $0))) 0) (#(lambda (#(lambda (lambda (lambda (fix1 $2 (lambda (lambda (if (empty? $0) $2 ($3 ($1 (cdr $0)) (car $0))))))))) $0 (lambda (lambda (+ 1 $1))) 0)) ?1)) (lambda (?2 (?3 (#(lambda (lambda (car (#(lambda (lambda (lambda (fix1 $2 (lambda (lambda (if (empty? $0) $2 ($3 ($1 (cdr $0)) (car $0))))))))) (#(#(lambda (lambda (lambda (#(lambda (lambda (lambda (lambda (fix1 $3 (lambda (lambda (if ($2 $0) empty (cons ($3 $0) ($1 ($4 $0))))))))))) $1 (lambda ($3 $0 1)) (lambda $0) (lambda (eq? $0 $1)))))) (lambda (lambda (+ $1 $0))) 0) $1) (lambda (lambda (cdr $1))) $0)))) $0)) (#(lambda (lambda (car (#(lambda (lambda (lambda (fix1 $2 (lambda (lambda (if (empty? $0) $2 ($3 ($1 (cdr $0)) (car $0))))))))) (#(#(lambda (lambda (lambda (#(lambda (lambda (lambda (lambda (fix1 $3 (lambda (lambda (if ($2 $0) empty (cons ($3 $0) ($1 ($4 $0))))))))))) $1 (lambda ($3 $0 1)) (lambda $0) (lambda (eq? $0 $1)))))) (lambda (lambda (+ $1 $0))) 0) $1) (lambda (lambda (cdr $1))) $0)))) $0 $1))))) : ((list(t0) -> t0) -> t1) -> (t1 -> t2 -> t3) -> list(t4) -> list(t2) -> list(t3) 
utility -5.130000000000001 (adjusted from 1.0199999999999978) probabilistic score -337.6534918214706 structure penalty 58.3 [0m

-245.81636971404015 57.0
[33m 177 sec 1071 pops 29145 utility calculations best found so far:
	 (#(lambda (lambda (#(lambda (lambda (lambda (fix1 $2 (lambda (lambda (if (empty? $0) $2 ($3 ($1 (cdr $0)) (car $0))))))))) $1 (lambda (lambda (cons ($2 $0) $1))) empty))) (#(#(lambda (lambda (lambda (#(lambda (lambda (lambda (lambda (fix1 $3 (lambda (lambda (if ($2 $0) empty (cons ($3 $0) ($1 ($4 $0))))))))))) $1 (lambda ($3 $0 1)) (lambda $0) (lambda (eq? $0 $1)))))) (lambda (lambda (+ $1 $0))) 0) (#(lambda (#(lambda (lambda (lambda (fix1 $2 (lambda (lambda (if (empty? $0) $2 ($3 ($1 (cdr $0)) (car $0))))))))) $0 (lambda (lambda (+ 1 $1))) 0)) ?1)) (lambda (?2 (#(lambda (lambda (car (#(lambda (lambda (lambda (fix1 $2 (lambda (lambda (if (empty? $0) $2 ($3 ($1 (cdr $0)) (car $0))))))))) (#(#(lambda (lambda (lambda (#(lambda (lambda (lambda (lambda (fix1 $3 (lambda (lambda (if ($2 $0) empty (cons ($3 $0) ($1 ($4 $0))))))))))) $1 (lambda ($3 $0 1)) (lambda $0) (lambda (eq? $0 $1)))))) (lambda (lambda (+ $1 $0))) 0) $1) (lambda (lambda (cdr $1))) $0)))) $0)))) : ((list(t0) -> t0) -> t1) -> list(t2) -> list(t1) 
utility 0.989999999999986 (adjusted from 1.0099999999999998) probabilistic score -326.81636971404015 structure penalty 57.0 [0m

-309.8859830128471 53.1
[31m 182 sec 1106 pops 30072 utility calculations best found so far:
	 (lambda (?1 $0 (lambda (?2 $0)))) : (t0 -> t1) -> (t2 -> (t0 -> t1) -> t3) -> t2 -> t3 
utility -19.309999999999995 (adjusted from 0.08999999999999808) probabilistic score -386.9859830128471 structure penalty 53.1 [0m

-268.2067211913398 54.199999999999996
[31m 184 sec 1111 pops 30184 utility calculations best found so far:
	 (lambda (#(lambda (lambda (lambda (fix1 $2 (lambda (lambda (if (empty? $0) $2 ($3 ($1 (cdr $0)) (car $0))))))))) $0 (lambda (lambda (?1 $0 $1))) ?2)) : t0 -> (t1 -> t0 -> t0) -> list(t1) -> t0 
utility -6.099999999999998 (adjusted from 0.03999999999999915) probabilistic score -346.4067211913398 structure penalty 54.199999999999996 [0m

-268.0400304361226 53.9
[31m 185 sec 1122 pops 30463 utility calculations best found so far:
	 (lambda (+ $0 ?1)) : int -> int -> int 
utility -3.039999999999999 (adjusted from 0.02999999999999936) probabilistic score -345.9400304361226 structure penalty 53.9 [0m

-268.0312255589529 53.8
[31m 189 sec 1148 pops 31149 utility calculations best found so far:
	 (lambda (#(lambda (#(lambda (lambda (lambda (fix1 $2 (lambda (lambda (if (empty? $0) $2 ($3 ($1 (cdr $0)) (car $0))))))))) $0 (lambda (lambda (+ 1 $1))) 0)) $0)) : list(t0) -> int 
utility -2.0199999999999996 (adjusted from 0.019999999999999574) probabilistic score -345.8312255589529 structure penalty 53.8 [0m

-263.383141977937 54.699999999999996
[33m 192 sec 1179 pops 31963 utility calculations best found so far:
	 (+ 1) : int -> int 
utility 0.010000000000010445 (adjusted from 0.009999999999999787) probabilistic score -342.083141977937 structure penalty 54.699999999999996 [0m

-257.44491037862576 55.8
[31m 194 sec 1192 pops 32287 utility calculations best found so far:
	 (#(lambda (lambda (#(lambda (lambda (lambda (fix1 $2 (lambda (lambda (if (empty? $0) $2 ($3 ($1 (cdr $0)) (car $0))))))))) $1 (lambda (lambda (cons ($2 $0) $1))) empty))) (#(#(lambda (lambda (lambda (#(lambda (lambda (lambda (lambda (fix1 $3 (lambda (lambda (if ($2 $0) empty (cons ($3 $0) ($1 ($4 $0))))))))))) $1 (lambda ($3 $0 1)) (lambda $0) (lambda (eq? $0 $1)))))) (lambda (lambda (+ $1 $0))) 0) (#(lambda (#(lambda (lambda (lambda (fix1 $2 (lambda (lambda (if (empty? $0) $2 ($3 ($1 (cdr $0)) (car $0))))))))) $0 (lambda (lambda (+ 1 $1))) 0)) ?1))) : list(t0) -> (int -> t1) -> list(t1) 
utility -7.105427357601002e-15 (adjusted from 0.009999999999999787) probabilistic score -337.2449103786258 structure penalty 55.8 [0m

-262.8731514430097 54.699999999999996
[33m 195 sec 1193 pops 32287 utility calculations best found so far:
	 (cons 0) : list(int) -> list(int) 
utility 0.009999999999996234 (adjusted from 0.009999999999999787) probabilistic score -341.5731514430097 structure penalty 54.699999999999996 [0m

-243.70288582806464 58.3
Score can be improved to -326.0028858280646
New library function occurs in 2 MAP solutions:
zip plus 	 (lambda (lambda (#(lambda (lambda (lambda (#(lambda (lambda (#(lambda (lambda (lambda (fix1 $2 (lambda (lambda (if (empty? $0) $2 ($3 ($1 (cdr $0)) (car $0))))))))) $1 (lambda (lambda (cons ($2 $0) $1))) empty))) (#(#(lambda (lambda (lambda (#(lambda (lambda (lambda (lambda (fix1 $3 (lambda (lambda (if ($2 $0) empty (cons ($3 $0) ($1 ($4 $0))))))))))) $1 (lambda ($3 $0 1)) (lambda $0) (lambda (eq? $0 $1)))))) (lambda (lambda (+ $1 $0))) 0) (#(lambda (#(lambda (lambda (lambda (fix1 $2 (lambda (lambda (if (empty? $0) $2 ($3 ($1 (cdr $0)) (car $0))))))))) $0 (lambda (lambda (+ 1 $1))) 0)) $0)) (lambda ($3 (#(lambda (lambda (car (#(lambda (lambda (lambda (fix1 $2 (lambda (lambda (if (empty? $0) $2 ($3 ($1 (cdr $0)) (car $0))))))))) (#(#(lambda (lambda (lambda (#(lambda (lambda (lambda (lambda (fix1 $3 (lambda (lambda (if ($2 $0) empty (cons ($3 $0) ($1 ($4 $0))))))))))) $1 (lambda ($3 $0 1)) (lambda $0) (lambda (eq? $0 $1)))))) (lambda (lambda (+ $1 $0))) 0) $1) (lambda (lambda (cdr $1))) $0)))) $0 $2) (#(lambda (lambda (car (#(lambda (lambda (lambda (fix1 $2 (lambda (lambda (if (empty? $0) $2 ($3 ($1 (cdr $0)) (car $0))))))))) (#(#(lambda (lambda (lambda (#(lambda (lambda (lambda (lambda (fix1 $3 (lambda (lambda (if ($2 $0) empty (cons ($3 $0) ($1 ($4 $0))))))))))) $1 (lambda ($3 $0 1)) (lambda $0) (lambda (eq? $0 $1)))))) (lambda (lambda (+ $1 $0))) 0) $1) (lambda (lambda (cdr $1))) $0)))) $0 $1))))))) (lambda (lambda (+ $1 $0))) $1 $0)))
zip minus 	 (lambda (lambda (#(lambda (lambda (lambda (#(lambda (lambda (#(lambda (lambda (lambda (fix1 $2 (lambda (lambda (if (empty? $0) $2 ($3 ($1 (cdr $0)) (car $0))))))))) $1 (lambda (lambda (cons ($2 $0) $1))) empty))) (#(#(lambda (lambda (lambda (#(lambda (lambda (lambda (lambda (fix1 $3 (lambda (lambda (if ($2 $0) empty (cons ($3 $0) ($1 ($4 $0))))))))))) $1 (lambda ($3 $0 1)) (lambda $0) (lambda (eq? $0 $1)))))) (lambda (lambda (+ $1 $0))) 0) (#(lambda (#(lambda (lambda (lambda (fix1 $2 (lambda (lambda (if (empty? $0) $2 ($3 ($1 (cdr $0)) (car $0))))))))) $0 (lambda (lambda (+ 1 $1))) 0)) $0)) (lambda ($3 (#(lambda (lambda (car (#(lambda (lambda (lambda (fix1 $2 (lambda (lambda (if (empty? $0) $2 ($3 ($1 (cdr $0)) (car $0))))))))) (#(#(lambda (lambda (lambda (#(lambda (lambda (lambda (lambda (fix1 $3 (lambda (lambda (if ($2 $0) empty (cons ($3 $0) ($1 ($4 $0))))))))))) $1 (lambda ($3 $0 1)) (lambda $0) (lambda (eq? $0 $1)))))) (lambda (lambda (+ $1 $0))) 0) $1) (lambda (lambda (cdr $1))) $0)))) $0 $2) (#(lambda (lambda (car (#(lambda (lambda (lambda (fix1 $2 (lambda (lambda (if (empty? $0) $2 ($3 ($1 (cdr $0)) (car $0))))))))) (#(#(lambda (lambda (lambda (#(lambda (lambda (lambda (lambda (fix1 $3 (lambda (lambda (if ($2 $0) empty (cons ($3 $0) ($1 ($4 $0))))))))))) $1 (lambda ($3 $0 1)) (lambda $0) (lambda (eq? $0 $1)))))) (lambda (lambda (+ $1 $0))) 0) $1) (lambda (lambda (cdr $1))) $0)))) $0 $1))))))) (lambda (lambda (- $1 $0))) $1 $0)))

constructed 1-step version spaces in 0.2 seconds
Enumerated 16485 distinct version spaces
-247.24340015862168 59.6
[31m 77 sec 389 pops 11071 utility calculations best found so far:
	 (lambda (#(lambda (lambda (#(lambda (lambda (lambda (fix1 $2 (lambda (lambda (if (empty? $0) $2 ($3 ($1 (cdr $0)) (car $0))))))))) $1 (lambda (lambda (cons ($2 $0) $1))) empty))) $0 (lambda (?1 $0)))) : (t0 -> t1) -> list(t0) -> list(t1) 
utility -4.059999999999999 (adjusted from 3.089999999999998) probabilistic score -331.8434001586217 structure penalty 59.6 [0m

-247.01057255907764 59.5
[31m 86 sec 477 pops 13541 utility calculations best found so far:
	 (lambda (#(lambda (lambda (#(lambda (lambda (lambda (fix1 $2 (lambda (lambda (if (empty? $0) $2 ($3 ($1 (cdr $0)) (car $0))))))))) $1 (lambda (lambda (cons ($2 $0) $1))) empty))) $0 ?1)) : (t0 -> t1) -> list(t0) -> list(t1) 
utility -3.039999999999999 (adjusted from 2.0699999999999985) probabilistic score -331.5105725590777 structure penalty 59.5 [0m

-246.64543783799388 59.8
[31m 87 sec 491 pops 13927 utility calculations best found so far:
	 (lambda (lambda (#(lambda (lambda (lambda (#(lambda (lambda (#(lambda (lambda (lambda (fix1 $2 (lambda (lambda (if (empty? $0) $2 ($3 ($1 (cdr $0)) (car $0))))))))) $1 (lambda (lambda (cons ($2 $0) $1))) empty))) (#(#(lambda (lambda (lambda (#(lambda (lambda (lambda (lambda (fix1 $3 (lambda (lambda (if ($2 $0) empty (cons ($3 $0) ($1 ($4 $0))))))))))) $1 (lambda ($3 $0 1)) (lambda $0) (lambda (eq? $0 $1)))))) (lambda (lambda (+ $1 $0))) 0) (#(lambda (#(lambda (lambda (lambda (fix1 $2 (lambda (lambda (if (empty? $0) $2 ($3 ($1 (cdr $0)) (car $0))))))))) $0 (lambda (lambda (+ 1 $1))) 0)) $0)) (lambda ($3 (#(lambda (lambda (car (#(lambda (lambda (lambda (fix1 $2 (lambda (lambda (if (empty? $0) $2 ($3 ($1 (cdr $0)) (car $0))))))))) (#(#(lambda (lambda (lambda (#(lambda (lambda (lambda (lambda (fix1 $3 (lambda (lambda (if ($2 $0) empty (cons ($3 $0) ($1 ($4 $0))))))))))) $1 (lambda ($3 $0 1)) (lambda $0) (lambda (eq? $0 $1)))))) (lambda (lambda (+ $1 $0))) 0) $1) (lambda (lambda (cdr $1))) $0)))) $0 $2) (#(lambda (lambda (car (#(lambda (lambda (lambda (fix1 $2 (lambda (lambda (if (empty? $0) $2 ($3 ($1 (cdr $0)) (car $0))))))))) (#(#(lambda (lambda (lambda (#(lambda (lambda (lambda (lambda (fix1 $3 (lambda (lambda (if ($2 $0) empty (cons ($3 $0) ($1 ($4 $0))))))))))) $1 (lambda ($3 $0 1)) (lambda $0) (lambda (eq? $0 $1)))))) (lambda (lambda (+ $1 $0))) 0) $1) (lambda (lambda (cdr $1))) $0)))) $0 $1))))))) (lambda (lambda (?1 $1 $0))) $1 $0))) : (t0 -> t1 -> t2) -> list(t0) -> list(t1) -> list(t2) 
utility -6.099999999999998 (adjusted from 2.0699999999999985) probabilistic score -331.4454378379939 structure penalty 59.8 [0m

-276.1346810757128 58.6
[31m 96 sec 571 pops 16201 utility calculations best found so far:
	 (lambda (lambda (?1 $1 $0))) : (t0 -> t1 -> t2) -> t0 -> t1 -> t2 
utility -11.16999999999999 (adjusted from 1.089999999999998) probabilistic score -359.73468107571284 structure penalty 58.6 [0m

-248.64961394398674 59.5
[31m 105 sec 602 pops 17066 utility calculations best found so far:
	 (lambda (+ ?1 $0)) : int -> int -> int 
utility -3.039999999999999 (adjusted from 1.049999999999999) probabilistic score -333.14961394398676 structure penalty 59.5 [0m

-248.534135126069 59.5
[31m 108 sec 639 pops 18105 utility calculations best found so far:
	 (lambda (lambda (+ $1 $0))) : int -> int -> int 
utility -3.039999999999999 (adjusted from 1.0399999999999991) probabilistic score -333.03413512606903 structure penalty 59.5 [0m

-290.8694995249702 58.7
[31m 116 sec 717 pops 20293 utility calculations best found so far:
	 (lambda (?1 $0 (lambda (?2 $0)))) : (t0 -> t1) -> (t2 -> (t0 -> t1) -> t3) -> t2 -> t3 
utility -19.30999999999998 (adjusted from 0.08999999999999808) probabilistic score -374.5694995249702 structure penalty 58.7 [0m

-248.59621182055452 59.8
[31m 118 sec 732 pops 20692 utility calculations best found so far:
	 (lambda (#(lambda (lambda (lambda (fix1 $2 (lambda (lambda (if (empty? $0) $2 ($3 ($1 (cdr $0)) (car $0))))))))) $0 (lambda (lambda (?1 $0 $1))) ?2)) : t0 -> (t1 -> t0 -> t0) -> list(t1) -> t0 
utility -6.099999999999998 (adjusted from 0.03999999999999915) probabilistic score -333.3962118205545 structure penalty 59.8 [0m

-246.64543783799388 59.8
[31m 119 sec 740 pops 20891 utility calculations best found so far:
	 (lambda (#(lambda (lambda (lambda (#(lambda (lambda (#(lambda (lambda (lambda (fix1 $2 (lambda (lambda (if (empty? $0) $2 ($3 ($1 (cdr $0)) (car $0))))))))) $1 (lambda (lambda (cons ($2 $0) $1))) empty))) (#(#(lambda (lambda (lambda (#(lambda (lambda (lambda (lambda (fix1 $3 (lambda (lambda (if ($2 $0) empty (cons ($3 $0) ($1 ($4 $0))))))))))) $1 (lambda ($3 $0 1)) (lambda $0) (lambda (eq? $0 $1)))))) (lambda (lambda (+ $1 $0))) 0) (#(lambda (#(lambda (lambda (lambda (fix1 $2 (lambda (lambda (if (empty? $0) $2 ($3 ($1 (cdr $0)) (car $0))))))))) $0 (lambda (lambda (+ 1 $1))) 0)) $0)) (lambda ($3 (#(lambda (lambda (car (#(lambda (lambda (lambda (fix1 $2 (lambda (lambda (if (empty? $0) $2 ($3 ($1 (cdr $0)) (car $0))))))))) (#(#(lambda (lambda (lambda (#(lambda (lambda (lambda (lambda (fix1 $3 (lambda (lambda (if ($2 $0) empty (cons ($3 $0) ($1 ($4 $0))))))))))) $1 (lambda ($3 $0 1)) (lambda $0) (lambda (eq? $0 $1)))))) (lambda (lambda (+ $1 $0))) 0) $1) (lambda (lambda (cdr $1))) $0)))) $0 $2) (#(lambda (lambda (car (#(lambda (lambda (lambda (fix1 $2 (lambda (lambda (if (empty? $0) $2 ($3 ($1 (cdr $0)) (car $0))))))))) (#(#(lambda (lambda (lambda (#(lambda (lambda (lambda (lambda (fix1 $3 (lambda (lambda (if ($2 $0) empty (cons ($3 $0) ($1 ($4 $0))))))))))) $1 (lambda ($3 $0 1)) (lambda $0) (lambda (eq? $0 $1)))))) (lambda (lambda (+ $1 $0))) 0) $1) (lambda (lambda (cdr $1))) $0)))) $0 $1))))))) (lambda (lambda (?1 $1 $0))) ?2 $0)) : list(t0) -> (t0 -> t1 -> t2) -> list(t1) -> list(t2) 
utility -6.099999999999998 (adjusted from 0.03999999999999826) probabilistic score -331.4454378379939 structure penalty 59.8 [0m

-248.4424483904037 59.5
[31m 121 sec 750 pops 21149 utility calculations best found so far:
	 (lambda (+ $0 ?1)) : int -> int -> int 
utility -3.039999999999999 (adjusted from 0.02999999999999936) probabilistic score -332.9424483904037 structure penalty 59.5 [0m

-246.64543783799388 59.6
[31m 124 sec 774 pops 21817 utility calculations best found so far:
	 (lambda (lambda (#(lambda (lambda (lambda (#(lambda (lambda (#(lambda (lambda (lambda (fix1 $2 (lambda (lambda (if (empty? $0) $2 ($3 ($1 (cdr $0)) (car $0))))))))) $1 (lambda (lambda (cons ($2 $0) $1))) empty))) (#(#(lambda (lambda (lambda (#(lambda (lambda (lambda (lambda (fix1 $3 (lambda (lambda (if ($2 $0) empty (cons ($3 $0) ($1 ($4 $0))))))))))) $1 (lambda ($3 $0 1)) (lambda $0) (lambda (eq? $0 $1)))))) (lambda (lambda (+ $1 $0))) 0) (#(lambda (#(lambda (lambda (lambda (fix1 $2 (lambda (lambda (if (empty? $0) $2 ($3 ($1 (cdr $0)) (car $0))))))))) $0 (lambda (lambda (+ 1 $1))) 0)) $0)) (lambda ($3 (#(lambda (lambda (car (#(lambda (lambda (lambda (fix1 $2 (lambda (lambda (if (empty? $0) $2 ($3 ($1 (cdr $0)) (car $0))))))))) (#(#(lambda (lambda (lambda (#(lambda (lambda (lambda (lambda (fix1 $3 (lambda (lambda (if ($2 $0) empty (cons ($3 $0) ($1 ($4 $0))))))))))) $1 (lambda ($3 $0 1)) (lambda $0) (lambda (eq? $0 $1)))))) (lambda (lambda (+ $1 $0))) 0) $1) (lambda (lambda (cdr $1))) $0)))) $0 $2) (#(lambda (lambda (car (#(lambda (lambda (lambda (fix1 $2 (lambda (lambda (if (empty? $0) $2 ($3 ($1 (cdr $0)) (car $0))))))))) (#(#(lambda (lambda (lambda (#(lambda (lambda (lambda (lambda (fix1 $3 (lambda (lambda (if ($2 $0) empty (cons ($3 $0) ($1 ($4 $0))))))))))) $1 (lambda ($3 $0 1)) (lambda $0) (lambda (eq? $0 $1)))))) (lambda (lambda (+ $1 $0))) 0) $1) (lambda (lambda (cdr $1))) $0)))) $0 $1))))))) ?1 $1 $0))) : (t0 -> t1 -> t2) -> list(t0) -> list(t1) -> list(t2) 
utility -4.059999999999999 (adjusted from 0.02999999999999936) probabilistic score -331.2454378379939 structure penalty 59.6 [0m

-246.64543783799388 59.6
[31m 124 sec 775 pops 21817 utility calculations best found so far:
	 (#(lambda (lambda (lambda (#(lambda (lambda (#(lambda (lambda (lambda (fix1 $2 (lambda (lambda (if (empty? $0) $2 ($3 ($1 (cdr $0)) (car $0))))))))) $1 (lambda (lambda (cons ($2 $0) $1))) empty))) (#(#(lambda (lambda (lambda (#(lambda (lambda (lambda (lambda (fix1 $3 (lambda (lambda (if ($2 $0) empty (cons ($3 $0) ($1 ($4 $0))))))))))) $1 (lambda ($3 $0 1)) (lambda $0) (lambda (eq? $0 $1)))))) (lambda (lambda (+ $1 $0))) 0) (#(lambda (#(lambda (lambda (lambda (fix1 $2 (lambda (lambda (if (empty? $0) $2 ($3 ($1 (cdr $0)) (car $0))))))))) $0 (lambda (lambda (+ 1 $1))) 0)) $0)) (lambda ($3 (#(lambda (lambda (car (#(lambda (lambda (lambda (fix1 $2 (lambda (lambda (if (empty? $0) $2 ($3 ($1 (cdr $0)) (car $0))))))))) (#(#(lambda (lambda (lambda (#(lambda (lambda (lambda (lambda (fix1 $3 (lambda (lambda (if ($2 $0) empty (cons ($3 $0) ($1 ($4 $0))))))))))) $1 (lambda ($3 $0 1)) (lambda $0) (lambda (eq? $0 $1)))))) (lambda (lambda (+ $1 $0))) 0) $1) (lambda (lambda (cdr $1))) $0)))) $0 $2) (#(lambda (lambda (car (#(lambda (lambda (lambda (fix1 $2 (lambda (lambda (if (empty? $0) $2 ($3 ($1 (cdr $0)) (car $0))))))))) (#(#(lambda (lambda (lambda (#(lambda (lambda (lambda (lambda (fix1 $3 (lambda (lambda (if ($2 $0) empty (cons ($3 $0) ($1 ($4 $0))))))))))) $1 (lambda ($3 $0 1)) (lambda $0) (lambda (eq? $0 $1)))))) (lambda (lambda (+ $1 $0))) 0) $1) (lambda (lambda (cdr $1))) $0)))) $0 $1))))))) (lambda (lambda (?1 $1 $0)))) : (t0 -> t1 -> t2) -> list(t0) -> list(t1) -> list(t2) 
utility -4.059999999999999 (adjusted from 0.02999999999999936) probabilistic score -331.2454378379939 structure penalty 59.6 [0m

-248.19194626947473 59.4
[31m 126 sec 790 pops 22221 utility calculations best found so far:
	 (lambda (#(lambda (#(lambda (lambda (lambda (fix1 $2 (lambda (lambda (if (empty? $0) $2 ($3 ($1 (cdr $0)) (car $0))))))))) $0 (lambda (lambda (+ 1 $1))) 0)) $0)) : list(t0) -> int 
utility -2.0199999999999996 (adjusted from 0.019999999999999574) probabilistic score -332.5919462694747 structure penalty 59.4 [0m

-243.83234641341744 60.3
[33m 130 sec 838 pops 23563 utility calculations best found so far:
	 (+ 1) : int -> int 
utility 0.010000000000010445 (adjusted from 0.009999999999999787) probabilistic score -329.13234641341745 structure penalty 60.3 [0m

-243.37392980266236 60.3
[33m 131 sec 845 pops 23730 utility calculations best found so far:
	 (cons 0) : list(int) -> list(int) 
utility 0.009999999999996234 (adjusted from 0.009999999999999787) probabilistic score -328.67392980266237 structure penalty 60.3 [0m

No invention looks promising so we are done
new primitives:
(t0 -> t1 -> t2) -> list(t0) -> list(t1) -> list(t2) 	 #(lambda (lambda (lambda (#(lambda (lambda (#(lambda (lambda (lambda (fix1 $2 (lambda (lambda (if (empty? $0) $2 ($3 ($1 (cdr $0)) (car $0))))))))) $1 (lambda (lambda (cons ($2 $0) $1))) empty))) (#(#(lambda (lambda (lambda (#(lambda (lambda (lambda (lambda (fix1 $3 (lambda (lambda (if ($2 $0) empty (cons ($3 $0) ($1 ($4 $0))))))))))) $1 (lambda ($3 $0 1)) (lambda $0) (lambda (eq? $0 $1)))))) (lambda (lambda (+ $1 $0))) 0) (#(lambda (#(lambda (lambda (lambda (fix1 $2 (lambda (lambda (if (empty? $0) $2 ($3 ($1 (cdr $0)) (car $0))))))))) $0 (lambda (lambda (+ 1 $1))) 0)) $0)) (lambda ($3 (#(lambda (lambda (car (#(lambda (lambda (lambda (fix1 $2 (lambda (lambda (if (empty? $0) $2 ($3 ($1 (cdr $0)) (car $0))))))))) (#(#(lambda (lambda (lambda (#(lambda (lambda (lambda (lambda (fix1 $3 (lambda (lambda (if ($2 $0) empty (cons ($3 $0) ($1 ($4 $0))))))))))) $1 (lambda ($3 $0 1)) (lambda $0) (lambda (eq? $0 $1)))))) (lambda (lambda (+ $1 $0))) 0) $1) (lambda (lambda (cdr $1))) $0)))) $0 $2) (#(lambda (lambda (car (#(lambda (lambda (lambda (fix1 $2 (lambda (lambda (if (empty? $0) $2 ($3 ($1 (cdr $0)) (car $0))))))))) (#(#(lambda (lambda (lambda (#(lambda (lambda (lambda (lambda (fix1 $3 (lambda (lambda (if ($2 $0) empty (cons ($3 $0) ($1 ($4 $0))))))))))) $1 (lambda ($3 $0 1)) (lambda $0) (lambda (eq? $0 $1)))))) (lambda (lambda (+ $1 $0))) 0) $1) (lambda (lambda (cdr $1))) $0)))) $0 $1)))))))
342.07996916770935 seconds



