WARNING: Could not import torch. This is only okay when doing pypy compression.
WARNING: Could not import np. This is only okay when doing pypy compression.
Failure loading recognition - only acceptable if using pypy 
WARNING: Could not import torch. This is only okay when doing pypy compression.
WARNING: Could not import np. This is only okay when doing pypy compression.
Failure loading recognition - only acceptable if using pypy 
WARNING: Could not import torch. This is only okay when doing pypy compression.
WARNING: Could not import np. This is only okay when doing pypy compression.
Failure to load pregex. This is only acceptable if using pypy
Failure to load pregex. This is only acceptable if using pypy
WARNING: Could not import torch. This is only okay when doing pypy compression.
WARNING: Could not import torch. This is only okay when doing pypy compression.
WARNING: Could not import np. This is only okay when doing pypy compression.
WARNING: Could not import recognition. This is only okay when doing pypy compression.
WARNING: Could not import torch. This is only okay when doing pypy compression.
WARNING: Could not import np. This is only okay when doing pypy compression.
WARNING: Could not import torch. This is only okay when doing pypy compression.
WARNING: Could not import np. This is only okay when doing pypy compression.
DEPRECATION NOTICE: this module (dreamcoder.ec) will be deleted soon, please update your code to import from dreamcoder.dreamcoder instead



RUNNING 1 1
Inducing a grammar from 16 frontiers
-271.5638803863509 26.9
Starting grammar induction score -314.46388038635087
constructed 1-step version spaces in 0.3 seconds
Enumerated 19043 distinct version spaces
[32m 134 sec 779 pops 15967 utility calculations best found so far:
	 (#(lambda (lambda (lambda (lambda (fix1 $3 (lambda (lambda (if ($2 $0) empty (cons ($3 $0) ($1 ($4 $0))))))))))) ?1 (lambda (?2 $0 1)) (lambda $0) (lambda (eq? $0 ?3))) : int -> (int -> int -> int) -> int -> list(int) 
utility 9.189999999999992 (adjusted from 9.189999999999992) probabilistic score 0.0 structure penalty 30.5 [0m

[33m 149 sec 944 pops 19298 utility calculations best found so far:
	 (lambda (+ 1 $0)) : int -> int 
utility 7.119999999999997 (adjusted from 7.119999999999997) probabilistic score 0.0 structure penalty 29.0 [0m

[33m 154 sec 985 pops 20113 utility calculations best found so far:
	 (?1 (lambda (?2 $0 1)) (lambda $0) (lambda (eq? $0 ?3))) : int -> (t0 -> int -> t1) -> ((t0 -> t1) -> (t2 -> t2) -> (int -> bool) -> t3) -> t3 
utility 6.159999999999993 (adjusted from 6.159999999999993) probabilistic score 0.0 structure penalty 29.5 [0m

[33m 155 sec 992 pops 20236 utility calculations best found so far:
	 (#(lambda (lambda (lambda (lambda (fix1 $3 (lambda (lambda (if ($2 $0) empty (cons ($3 $0) ($1 ($4 $0))))))))))) ?1 (lambda (?2 $0 1)) (lambda $0)) : (t0 -> int -> t0) -> t0 -> (t0 -> bool) -> list(t0) 
utility 6.129999999999997 (adjusted from 6.129999999999997) probabilistic score 0.0 structure penalty 29.3 [0m

[33m 161 sec 1051 pops 21425 utility calculations best found so far:
	 (#(lambda (lambda (lambda (lambda (fix1 $3 (lambda (lambda (if ($2 $0) empty (cons ($3 $0) ($1 ($4 $0))))))))))) ?1 (lambda (?2 $0 1)) (lambda $0) ?3) : (t0 -> bool) -> (t0 -> int -> t0) -> t0 -> list(t0) 
utility 5.119999999999994 (adjusted from 5.119999999999994) probabilistic score 0.0 structure penalty 29.4 [0m

[33m 175 sec 1158 pops 23593 utility calculations best found so far:
	 (+ 1 ?1) : int -> int 
utility 4.049999999999999 (adjusted from 4.049999999999999) probabilistic score 0.0 structure penalty 29.0 [0m

[33m 176 sec 1170 pops 23816 utility calculations best found so far:
	 (lambda (#(lambda (lambda (lambda (lambda (fix1 $3 (lambda (lambda (if ($2 $0) empty (cons ($3 $0) ($1 ($4 $0))))))))))) $0 (lambda (?1 $0)) (lambda (?2 $0)) ?3)) : (t0 -> bool) -> (t0 -> t1) -> (t0 -> t0) -> t0 -> list(t1) 
utility 3.109999999999996 (adjusted from 3.109999999999996) probabilistic score 0.0 structure penalty 28.5 [0m

[33m 176 sec 1171 pops 23816 utility calculations best found so far:
	 (lambda (#(lambda (lambda (lambda (fix1 $2 (lambda (lambda (if (empty? $0) $2 ($3 ($1 (cdr $0)) (car $0))))))))) $0 ?1 ?2)) : t0 -> (t0 -> t1 -> t0) -> list(t1) -> t0 
utility 3.099999999999998 (adjusted from 3.099999999999998) probabilistic score 0.0 structure penalty 28.2 [0m

[33m 185 sec 1249 pops 25383 utility calculations best found so far:
	 (?1 (lambda (?2 $0 1)) (lambda $0) ?3) : t0 -> (t1 -> int -> t2) -> ((t1 -> t2) -> (t3 -> t3) -> t0 -> t4) -> t4 
utility 2.0899999999999963 (adjusted from 2.0899999999999963) probabilistic score 0.0 structure penalty 28.4 [0m

[33m 185 sec 1250 pops 25383 utility calculations best found so far:
	 (lambda (#(lambda (lambda (lambda (lambda (fix1 $3 (lambda (lambda (if ($2 $0) empty (cons ($3 $0) ($1 ($4 $0))))))))))) $0 ?1 (lambda (?2 $0)) ?3)) : (t0 -> bool) -> (t0 -> t1) -> (t0 -> t0) -> t0 -> list(t1) 
utility 2.0899999999999963 (adjusted from 2.0899999999999963) probabilistic score 0.0 structure penalty 28.4 [0m

[33m 185 sec 1252 pops 25404 utility calculations best found so far:
	 (lambda (#(lambda (lambda (lambda (fix1 $2 (lambda (lambda (if (empty? $0) $2 ($3 ($1 (cdr $0)) (car $0))))))))) $0 (lambda (?1 $0)) ?2)) : t0 -> (t0 -> t1 -> t0) -> list(t1) -> t0 
utility 2.0799999999999983 (adjusted from 2.0799999999999983) probabilistic score 0.0 structure penalty 28.3 [0m

[33m 186 sec 1255 pops 25444 utility calculations best found so far:
	 (lambda (?1 $0 1)) : (t0 -> int -> t1) -> t0 -> t1 
utility 2.0699999999999985 (adjusted from 2.0699999999999985) probabilistic score 0.0 structure penalty 28.099999999999998 [0m

[33m 186 sec 1266 pops 25655 utility calculations best found so far:
	 (?1 ?2 (lambda (+ 1 $0)) ?3) : t0 -> t1 -> (t1 -> (int -> int) -> t0 -> t2) -> t2 
utility 2.059999999999995 (adjusted from 2.059999999999995) probabilistic score 0.0 structure penalty 29.3 [0m

[33m 187 sec 1267 pops 25655 utility calculations best found so far:
	 (#(lambda (lambda (lambda (lambda (fix1 $3 (lambda (lambda (if ($2 $0) empty (cons ($3 $0) ($1 ($4 $0))))))))))) ?1 (lambda (?2 $0 1)) ?3) : (t0 -> t1) -> (t0 -> int -> t0) -> t0 -> (t0 -> bool) -> list(t1) 
utility 2.0599999999999934 (adjusted from 2.0599999999999934) probabilistic score 0.0 structure penalty 29.3 [0m

[33m 187 sec 1271 pops 25717 utility calculations best found so far:
	 (lambda (#(lambda (lambda (lambda (fix1 $2 (lambda (lambda (if (empty? $0) $2 ($3 ($1 (cdr $0)) (car $0))))))))) $0 ?1 empty)) : (list(t0) -> t1 -> list(t0)) -> list(t1) -> list(t0) 
utility 2.049999999999999 (adjusted from 2.049999999999999) probabilistic score 0.0 structure penalty 29.099999999999998 [0m

[33m 187 sec 1272 pops 25717 utility calculations best found so far:
	 (lambda (#(lambda (lambda (lambda (fix1 $2 (lambda (lambda (if (empty? $0) $2 ($3 ($1 (cdr $0)) (car $0))))))))) $0 ?1 0)) : (int -> t0 -> int) -> list(t0) -> int 
utility 2.049999999999999 (adjusted from 2.049999999999999) probabilistic score 0.0 structure penalty 29.099999999999998 [0m

[33m 187 sec 1275 pops 25757 utility calculations best found so far:
	 (#(lambda (lambda (lambda (lambda (fix1 $3 (lambda (lambda (if ($2 $0) empty (cons ($3 $0) ($1 ($4 $0))))))))))) ?1 (lambda (+ 1 $0)) ?2 ?3) : (int -> bool) -> (int -> t0) -> int -> list(t0) 
utility 2.049999999999997 (adjusted from 2.049999999999997) probabilistic score 0.0 structure penalty 30.3 [0m

[33m 187 sec 1276 pops 25757 utility calculations best found so far:
	 (#(lambda (lambda (lambda (lambda (fix1 $3 (lambda (lambda (if ($2 $0) empty (cons ($3 $0) ($1 ($4 $0))))))))))) ?1 (lambda (+ $0 1)) ?2 ?3) : (int -> bool) -> (int -> t0) -> int -> list(t0) 
utility 2.049999999999997 (adjusted from 2.049999999999997) probabilistic score 0.0 structure penalty 30.3 [0m

[33m 189 sec 1299 pops 26208 utility calculations best found so far:
	 (?1 #(lambda (lambda (lambda (lambda (fix1 $3 (lambda (lambda (if ($2 $0) empty (cons ($3 $0) ($1 ($4 $0))))))))))) (lambda (+ 1 $0)) ?2) : t0 -> ((t1 -> (t1 -> t1) -> (t1 -> t2) -> (t1 -> bool) -> list(t2)) -> (int -> int) -> t0 -> t3) -> t3 
utility 2.0199999999999996 (adjusted from 2.0199999999999996) probabilistic score 0.0 structure penalty 30.2 [0m

[33m 190 sec 1307 pops 26350 utility calculations best found so far:
	 (#(lambda (lambda (lambda (lambda (fix1 $3 (lambda (lambda (if ($2 $0) empty (cons ($3 $0) ($1 ($4 $0))))))))))) ?1 (lambda (?2 $0)) (lambda $0)) : (t0 -> t0) -> t0 -> (t0 -> bool) -> list(t0) 
utility 1.0599999999999987 (adjusted from 1.0599999999999987) probabilistic score 0.0 structure penalty 28.3 [0m

[33m 191 sec 1309 pops 26371 utility calculations best found so far:
	 (lambda (#(lambda (lambda (#(lambda (lambda (lambda (fix1 $2 (lambda (lambda (if (empty? $0) $2 ($3 ($1 (cdr $0)) (car $0))))))))) $1 (lambda (lambda (cons ($2 $0) $1))) empty))) $0 ?1)) : (t0 -> t1) -> list(t0) -> list(t1) 
utility 1.049999999999999 (adjusted from 1.049999999999999) probabilistic score 0.0 structure penalty 28.099999999999998 [0m

[33m 192 sec 1329 pops 26768 utility calculations best found so far:
	 (lambda (#(lambda (lambda (lambda (fix1 $2 (lambda (lambda (if (empty? $0) $2 ($3 ($1 (cdr $0)) (car $0))))))))) $0 (lambda (?1 $0)) empty)) : (list(t0) -> t1 -> list(t0)) -> list(t1) -> list(t0) 
utility 1.0299999999999994 (adjusted from 1.0299999999999994) probabilistic score 0.0 structure penalty 29.2 [0m

[33m 192 sec 1330 pops 26768 utility calculations best found so far:
	 (lambda (#(lambda (lambda (lambda (fix1 $2 (lambda (lambda (if (empty? $0) $2 ($3 ($1 (cdr $0)) (car $0))))))))) $0 (lambda (?1 $0)) 0)) : (int -> t0 -> int) -> list(t0) -> int 
utility 1.0299999999999994 (adjusted from 1.0299999999999994) probabilistic score 0.0 structure penalty 29.2 [0m

[33m 196 sec 1371 pops 27583 utility calculations best found so far:
	 (lambda (#(lambda (lambda (lambda (lambda (fix1 $3 (lambda (lambda (if ($2 $0) empty (cons ($3 $0) ($1 ($4 $0))))))))))) $0 (lambda (?1 $0)) ?2 ?3)) : (t0 -> bool) -> (t0 -> t1) -> (t0 -> t0) -> t0 -> list(t1) 
utility 0.049999999999998046 (adjusted from 0.049999999999998046) probabilistic score 0.0 structure penalty 28.4 [0m

[33m 196 sec 1372 pops 27583 utility calculations best found so far:
	 (#(lambda (lambda (lambda (lambda (fix1 $3 (lambda (lambda (if ($2 $0) empty (cons ($3 $0) ($1 ($4 $0))))))))))) ?1 (lambda (?2 $0)) (lambda $0) ?3) : (t0 -> bool) -> (t0 -> t0) -> t0 -> list(t0) 
utility 0.04999999999999716 (adjusted from 0.04999999999999716) probabilistic score 0.0 structure penalty 28.4 [0m

[33m 198 sec 1391 pops 27953 utility calculations best found so far:
	 (?1 (lambda (+ 1 $0)) ?2) : t0 -> ((int -> int) -> t0 -> t1) -> t1 
utility 0.009999999999999787 (adjusted from 0.009999999999999787) probabilistic score 0.0 structure penalty 29.2 [0m

Utility can be improved by 9.189999999999992
New library function occurs in 4 MAP solutions:
countdown 	 (lambda (#(lambda (lambda (lambda (#(lambda (lambda (lambda (lambda (fix1 $3 (lambda (lambda (if ($2 $0) empty (cons ($3 $0) ($1 ($4 $0))))))))))) $0 (lambda ($2 $0 1)) (lambda $0) (lambda (eq? $0 $3)))))) 1 - (+ $0 1)))
weird count 	 (lambda (#(lambda (lambda (lambda (#(lambda (lambda (lambda (lambda (fix1 $3 (lambda (lambda (if ($2 $0) empty (cons ($3 $0) ($1 ($4 $0))))))))))) $0 (lambda ($2 $0 1)) (lambda $0) (lambda (eq? $0 $3)))))) 0 - (- 0 $0)))
range 	 (lambda (#(lambda (lambda (lambda (#(lambda (lambda (lambda (lambda (fix1 $3 (lambda (lambda (if ($2 $0) empty (cons ($3 $0) ($1 ($4 $0))))))))))) $0 (lambda ($2 $0 1)) (lambda $0) (lambda (eq? $0 $3)))))) $0 + (- $0 $0)))
range inclusive 	 (lambda (#(lambda (lambda (lambda (#(lambda (lambda (lambda (lambda (fix1 $3 (lambda (lambda (if ($2 $0) empty (cons ($3 $0) ($1 ($4 $0))))))))))) $0 (lambda ($2 $0 1)) (lambda $0) (lambda (eq? $0 $3)))))) (+ $0 1) + 0))

constructed 1-step version spaces in 0.2 seconds
Enumerated 18848 distinct version spaces
[32m 105 sec 666 pops 14630 utility calculations best found so far:
	 (lambda (#(lambda (lambda (lambda (fix1 $2 (lambda (lambda (if (empty? $0) $2 ($3 ($1 (cdr $0)) (car $0))))))))) $0 (lambda (lambda (if (?1 $0 ?2) $1 (cons $0 $1)))) empty)) : t0 -> (t1 -> t0 -> bool) -> list(t1) -> list(t1) 
utility 5.089999999999998 (adjusted from 5.089999999999998) probabilistic score 0.0 structure penalty 35.2 [0m

[33m 118 sec 815 pops 17857 utility calculations best found so far:
	 (lambda (#(lambda (lambda (lambda (fix1 $2 (lambda (lambda (if (empty? $0) $2 ($3 ($1 (cdr $0)) (car $0))))))))) $0 ?1 ?2)) : t0 -> (t0 -> t1 -> t0) -> list(t1) -> t0 
utility 3.099999999999998 (adjusted from 3.099999999999998) probabilistic score 0.0 structure penalty 31.8 [0m

[33m 124 sec 895 pops 19566 utility calculations best found so far:
	 (lambda (#(lambda (lambda (lambda (fix1 $2 (lambda (lambda (if (empty? $0) $2 ($3 ($1 (cdr $0)) (car $0))))))))) $0 (lambda (?1 $0)) ?2)) : t0 -> (t0 -> t1 -> t0) -> list(t1) -> t0 
utility 2.0799999999999983 (adjusted from 2.0799999999999983) probabilistic score 0.0 structure penalty 31.9 [0m

[33m 124 sec 899 pops 19633 utility calculations best found so far:
	 (lambda (#(lambda (lambda (#(lambda (lambda (lambda (fix1 $2 (lambda (lambda (if (empty? $0) $2 ($3 ($1 (cdr $0)) (car $0))))))))) $1 (lambda (lambda (cons ($2 $0) $1))) empty))) $0 (lambda (?1 $0)))) : (t0 -> t1) -> list(t0) -> list(t1) 
utility 2.0699999999999985 (adjusted from 2.0699999999999985) probabilistic score 0.0 structure penalty 31.8 [0m

[33m 125 sec 910 pops 19850 utility calculations best found so far:
	 (lambda (#(lambda (lambda (lambda (fix1 $2 (lambda (lambda (if (empty? $0) $2 ($3 ($1 (cdr $0)) (car $0))))))))) $0 ?1 empty)) : (list(t0) -> t1 -> list(t0)) -> list(t1) -> list(t0) 
utility 2.049999999999999 (adjusted from 2.049999999999999) probabilistic score 0.0 structure penalty 32.7 [0m

[33m 125 sec 911 pops 19850 utility calculations best found so far:
	 (lambda (#(lambda (lambda (lambda (fix1 $2 (lambda (lambda (if (empty? $0) $2 ($3 ($1 (cdr $0)) (car $0))))))))) $0 ?1 0)) : (int -> t0 -> int) -> list(t0) -> int 
utility 2.049999999999999 (adjusted from 2.049999999999999) probabilistic score 0.0 structure penalty 32.7 [0m

[33m 131 sec 965 pops 21012 utility calculations best found so far:
	 (lambda (#(lambda (lambda (#(lambda (lambda (lambda (fix1 $2 (lambda (lambda (if (empty? $0) $2 ($3 ($1 (cdr $0)) (car $0))))))))) $1 (lambda (lambda (cons ($2 $0) $1))) empty))) $0 ?1)) : (t0 -> t1) -> list(t0) -> list(t1) 
utility 1.049999999999999 (adjusted from 1.049999999999999) probabilistic score 0.0 structure penalty 31.7 [0m

[33m 136 sec 985 pops 21431 utility calculations best found so far:
	 (lambda (#(lambda (lambda (lambda (fix1 $2 (lambda (lambda (if (empty? $0) $2 ($3 ($1 (cdr $0)) (car $0))))))))) $0 (lambda (?1 $0)) empty)) : (list(t0) -> t1 -> list(t0)) -> list(t1) -> list(t0) 
utility 1.0299999999999994 (adjusted from 1.0299999999999994) probabilistic score 0.0 structure penalty 32.8 [0m

[33m 137 sec 986 pops 21431 utility calculations best found so far:
	 (lambda (#(lambda (lambda (lambda (fix1 $2 (lambda (lambda (if (empty? $0) $2 ($3 ($1 (cdr $0)) (car $0))))))))) $0 (lambda (?1 $0)) 0)) : (int -> t0 -> int) -> list(t0) -> int 
utility 1.0299999999999994 (adjusted from 1.0299999999999994) probabilistic score 0.0 structure penalty 32.8 [0m

[33m 141 sec 1039 pops 22545 utility calculations best found so far:
	 (lambda (?1 $0 ?2 0)) : t0 -> (t1 -> t0 -> int -> t2) -> t1 -> t2 
utility 0.03999999999999915 (adjusted from 0.03999999999999915) probabilistic score 0.0 structure penalty 31.8 [0m

[33m 141 sec 1044 pops 22633 utility calculations best found so far:
	 (lambda (#(lambda (lambda (lambda (lambda (fix1 $3 (lambda (lambda (if ($2 $0) empty (cons ($3 $0) ($1 ($4 $0))))))))))) $0 (lambda (?1 $0)) (lambda (car $0)) ?2)) : (list(t0) -> bool) -> (list(t0) -> list(t0)) -> list(t0) -> list(t0) 
utility 0.02999999999999936 (adjusted from 0.02999999999999936) probabilistic score 0.0 structure penalty 33.0 [0m

[33m 141 sec 1045 pops 22633 utility calculations best found so far:
	 (lambda (#(lambda (lambda (lambda (lambda (fix1 $3 (lambda (lambda (if ($2 $0) empty (cons ($3 $0) ($1 ($4 $0))))))))))) $0 ?1 (lambda (car $0)) ?2)) : (list(t0) -> bool) -> (list(t0) -> list(t0)) -> list(t0) -> list(t0) 
utility 0.02999999999999936 (adjusted from 0.02999999999999936) probabilistic score 0.0 structure penalty 32.9 [0m

Utility can be improved by 5.089999999999998
New library function occurs in 2 MAP solutions:
remove 0s 	 (#(lambda (lambda (lambda (#(lambda (lambda (lambda (fix1 $2 (lambda (lambda (if (empty? $0) $2 ($3 ($1 (cdr $0)) (car $0))))))))) $0 (lambda (lambda (if ($3 $0 $4) $1 (cons $0 $1)))) empty)))) 0 eq?)
remove non-positives 	 (#(lambda (lambda (lambda (#(lambda (lambda (lambda (fix1 $2 (lambda (lambda (if (empty? $0) $2 ($3 ($1 (cdr $0)) (car $0))))))))) $0 (lambda (lambda (if ($3 $0 $4) $1 (cons $0 $1)))) empty)))) 1 gt?)

constructed 1-step version spaces in 0.1 seconds
Enumerated 18593 distinct version spaces
[32m 85 sec 553 pops 12587 utility calculations best found so far:
	 (lambda (#(lambda (lambda (lambda (fix1 $2 (lambda (lambda (if (empty? $0) $2 ($3 ($1 (cdr $0)) (car $0))))))))) $0 (lambda (lambda (+ $1 1))) 0)) : list(t0) -> int 
utility 4.079999999999998 (adjusted from 4.079999999999998) probabilistic score 0.0 structure penalty 39.4 [0m

[33m 85 sec 558 pops 12683 utility calculations best found so far:
	 (lambda (#(lambda (lambda (lambda (fix1 $2 (lambda (lambda (if (empty? $0) $2 ($3 ($1 (cdr $0)) (car $0))))))))) $0 (lambda (lambda (+ 1 $1))) 0)) : list(t0) -> int 
utility 4.079999999999998 (adjusted from 4.079999999999998) probabilistic score 0.0 structure penalty 39.4 [0m

[33m 95 sec 676 pops 15319 utility calculations best found so far:
	 (lambda (#(lambda (lambda (#(lambda (lambda (lambda (fix1 $2 (lambda (lambda (if (empty? $0) $2 ($3 ($1 (cdr $0)) (car $0))))))))) $1 (lambda (lambda (cons ($2 $0) $1))) empty))) $0 (lambda (?1 $0)))) : (t0 -> t1) -> list(t0) -> list(t1) 
utility 2.0699999999999985 (adjusted from 2.0699999999999985) probabilistic score 0.0 structure penalty 36.5 [0m

[33m 96 sec 689 pops 15591 utility calculations best found so far:
	 (lambda (#(lambda (lambda (lambda (fix1 $2 (lambda (lambda (if (empty? $0) $2 ($3 ($1 (cdr $0)) (car $0))))))))) $0 ?1 0)) : (int -> t0 -> int) -> list(t0) -> int 
utility 2.049999999999999 (adjusted from 2.049999999999999) probabilistic score 0.0 structure penalty 37.4 [0m

[33m 98 sec 714 pops 16145 utility calculations best found so far:
	 (+ 1) : int -> int 
utility 2.0299999999999994 (adjusted from 2.0299999999999994) probabilistic score 0.0 structure penalty 37.2 [0m

[33m 100 sec 728 pops 16436 utility calculations best found so far:
	 (lambda (#(lambda (lambda (lambda (fix1 $2 (lambda (lambda (if (empty? $0) $2 ($3 ($1 (cdr $0)) (car $0))))))))) $0 ?1 ?2)) : t0 -> (t0 -> t1 -> t0) -> list(t1) -> t0 
utility 1.0599999999999987 (adjusted from 1.0599999999999987) probabilistic score 0.0 structure penalty 36.5 [0m

[33m 100 sec 734 pops 16546 utility calculations best found so far:
	 (lambda (#(lambda (lambda (#(lambda (lambda (lambda (fix1 $2 (lambda (lambda (if (empty? $0) $2 ($3 ($1 (cdr $0)) (car $0))))))))) $1 (lambda (lambda (cons ($2 $0) $1))) empty))) $0 ?1)) : (t0 -> t1) -> list(t0) -> list(t1) 
utility 1.049999999999999 (adjusted from 1.049999999999999) probabilistic score 0.0 structure penalty 36.4 [0m

[33m 101 sec 749 pops 16872 utility calculations best found so far:
	 (#(lambda (lambda (lambda (fix1 $2 (lambda (lambda (if (empty? $0) $2 ($3 ($1 (cdr $0)) (car $0))))))))) ?1 (lambda (lambda (+ $1 1)))) : list(t0) -> int -> int 
utility 1.0399999999999991 (adjusted from 1.0399999999999991) probabilistic score 0.0 structure penalty 38.4 [0m

[33m 103 sec 762 pops 17144 utility calculations best found so far:
	 (lambda (#(lambda (lambda (lambda (fix1 $2 (lambda (lambda (if (empty? $0) $2 ($3 ($1 (cdr $0)) (car $0))))))))) $0 (lambda (?1 $0)) 0)) : (int -> t0 -> int) -> list(t0) -> int 
utility 1.0299999999999994 (adjusted from 1.0299999999999994) probabilistic score 0.0 structure penalty 37.5 [0m

[33m 104 sec 785 pops 17641 utility calculations best found so far:
	 (+ 1 ?1) : int -> int 
utility 1.0199999999999996 (adjusted from 1.0199999999999996) probabilistic score 0.0 structure penalty 37.3 [0m

[33m 106 sec 807 pops 18112 utility calculations best found so far:
	 (lambda (?1 $0 ?2 0)) : t0 -> (t1 -> t0 -> int -> t2) -> t1 -> t2 
utility 0.03999999999999915 (adjusted from 0.03999999999999915) probabilistic score 0.0 structure penalty 36.5 [0m

[33m 107 sec 808 pops 18112 utility calculations best found so far:
	 (lambda (#(lambda (lambda (lambda (fix1 $2 (lambda (lambda (if (empty? $0) $2 ($3 ($1 (cdr $0)) (car $0))))))))) $0 (lambda (?1 $0)) ?2)) : t0 -> (t0 -> t1 -> t0) -> list(t1) -> t0 
utility 0.03999999999999915 (adjusted from 0.03999999999999915) probabilistic score 0.0 structure penalty 36.599999999999994 [0m

[33m 109 sec 810 pops 18136 utility calculations best found so far:
	 (lambda (#(lambda (lambda (lambda (fix1 $2 (lambda (lambda (if (empty? $0) $2 ($3 ($1 (cdr $0)) (car $0))))))))) $0 (lambda (lambda (?1 $0 $1))) ?2)) : t0 -> (t1 -> t0 -> t0) -> list(t1) -> t0 
utility 0.03999999999999915 (adjusted from 0.03999999999999915) probabilistic score 0.0 structure penalty 36.7 [0m

[33m 111 sec 814 pops 18204 utility calculations best found so far:
	 (lambda (#(lambda (lambda (lambda (lambda (fix1 $3 (lambda (lambda (if ($2 $0) empty (cons ($3 $0) ($1 ($4 $0))))))))))) $0 (lambda (?1 $0)) (lambda (car $0)) ?2)) : (list(t0) -> bool) -> (list(t0) -> list(t0)) -> list(t0) -> list(t0) 
utility 0.02999999999999936 (adjusted from 0.02999999999999936) probabilistic score 0.0 structure penalty 37.7 [0m

[33m 111 sec 815 pops 18204 utility calculations best found so far:
	 (lambda (#(lambda (lambda (lambda (lambda (fix1 $3 (lambda (lambda (if ($2 $0) empty (cons ($3 $0) ($1 ($4 $0))))))))))) $0 ?1 (lambda (car $0)) ?2)) : (list(t0) -> bool) -> (list(t0) -> list(t0)) -> list(t0) -> list(t0) 
utility 0.02999999999999936 (adjusted from 0.02999999999999936) probabilistic score 0.0 structure penalty 37.599999999999994 [0m

Utility can be improved by 4.079999999999998
New library function occurs in 2 MAP solutions:
length int 	 #(lambda (#(lambda (lambda (lambda (fix1 $2 (lambda (lambda (if (empty? $0) $2 ($3 ($1 (cdr $0)) (car $0))))))))) $0 (lambda (lambda (+ $1 1))) 0))
map length 	 (lambda (#(lambda (lambda (#(lambda (lambda (lambda (fix1 $2 (lambda (lambda (if (empty? $0) $2 ($3 ($1 (cdr $0)) (car $0))))))))) $1 (lambda (lambda (cons ($2 $0) $1))) empty))) $0 #(lambda (#(lambda (lambda (lambda (fix1 $2 (lambda (lambda (if (empty? $0) $2 ($3 ($1 (cdr $0)) (car $0))))))))) $0 (lambda (lambda (+ $1 1))) 0))))

constructed 1-step version spaces in 0.1 seconds
Enumerated 18468 distinct version spaces
[32m 98 sec 720 pops 17040 utility calculations best found so far:
	 (lambda (#(lambda (lambda (#(lambda (lambda (lambda (fix1 $2 (lambda (lambda (if (empty? $0) $2 ($3 ($1 (cdr $0)) (car $0))))))))) $1 (lambda (lambda (cons ($2 $0) $1))) empty))) $0 ?1)) : (t0 -> t1) -> list(t0) -> list(t1) 
utility 1.049999999999999 (adjusted from 1.049999999999999) probabilistic score 0.0 structure penalty 40.6 [0m

[33m 98 sec 727 pops 17176 utility calculations best found so far:
	 (lambda (#(lambda (lambda (#(lambda (lambda (lambda (fix1 $2 (lambda (lambda (if (empty? $0) $2 ($3 ($1 (cdr $0)) (car $0))))))))) $1 (lambda (lambda (cons ($2 $0) $1))) empty))) $0 (lambda (?1 $0)))) : (t0 -> t1) -> list(t0) -> list(t1) 
utility 1.049999999999999 (adjusted from 1.049999999999999) probabilistic score 0.0 structure penalty 40.7 [0m

[33m 107 sec 846 pops 19919 utility calculations best found so far:
	 (lambda (#(lambda (lambda (lambda (fix1 $2 (lambda (lambda (if (empty? $0) $2 ($3 ($1 (cdr $0)) (car $0))))))))) $0 (lambda (lambda (?1 $0 $1))) ?2)) : t0 -> (t1 -> t0 -> t0) -> list(t1) -> t0 
utility 0.03999999999999915 (adjusted from 0.03999999999999915) probabilistic score 0.0 structure penalty 40.9 [0m

[33m 108 sec 851 pops 20013 utility calculations best found so far:
	 (lambda (#(lambda (lambda (lambda (lambda (fix1 $3 (lambda (lambda (if ($2 $0) empty (cons ($3 $0) ($1 ($4 $0))))))))))) $0 (lambda (?1 $0)) (lambda (car $0)) ?2)) : (list(t0) -> bool) -> (list(t0) -> list(t0)) -> list(t0) -> list(t0) 
utility 0.02999999999999936 (adjusted from 0.02999999999999936) probabilistic score 0.0 structure penalty 41.9 [0m

[33m 108 sec 852 pops 20013 utility calculations best found so far:
	 (lambda (#(lambda (lambda (lambda (lambda (fix1 $3 (lambda (lambda (if ($2 $0) empty (cons ($3 $0) ($1 ($4 $0))))))))))) $0 ?1 (lambda (car $0)) ?2)) : (list(t0) -> bool) -> (list(t0) -> list(t0)) -> list(t0) -> list(t0) 
utility 0.02999999999999936 (adjusted from 0.02999999999999936) probabilistic score 0.0 structure penalty 41.8 [0m

[33m 111 sec 881 pops 20663 utility calculations best found so far:
	 (+ 1) : int -> int 
utility 0.009999999999999787 (adjusted from 0.009999999999999787) probabilistic score 0.0 structure penalty 41.4 [0m

[33m 111 sec 883 pops 20686 utility calculations best found so far:
	 (+ ?1 1) : int -> int 
utility 0.009999999999999787 (adjusted from 0.009999999999999787) probabilistic score 0.0 structure penalty 41.5 [0m

Utility can be improved by 1.049999999999999
New library function occurs in 4 MAP solutions:
map length 	 (#(lambda (lambda (#(lambda (lambda (#(lambda (lambda (lambda (fix1 $2 (lambda (lambda (if (empty? $0) $2 ($3 ($1 (cdr $0)) (car $0))))))))) $1 (lambda (lambda (cons ($2 $0) $1))) empty))) $0 $1))) #(lambda (#(lambda (lambda (lambda (fix1 $2 (lambda (lambda (if (empty? $0) $2 ($3 ($1 (cdr $0)) (car $0))))))))) $0 (lambda (lambda (+ $1 1))) 0)))
map double 	 (#(lambda (lambda (#(lambda (lambda (#(lambda (lambda (lambda (fix1 $2 (lambda (lambda (if (empty? $0) $2 ($3 ($1 (cdr $0)) (car $0))))))))) $1 (lambda (lambda (cons ($2 $0) $1))) empty))) $0 $1))) (lambda (+ $0 $0)))
map increment 	 (#(lambda (lambda (#(lambda (lambda (#(lambda (lambda (lambda (fix1 $2 (lambda (lambda (if (empty? $0) $2 ($3 ($1 (cdr $0)) (car $0))))))))) $1 (lambda (lambda (cons ($2 $0) $1))) empty))) $0 $1))) (lambda (+ $0 1)))
map negation 	 (#(lambda (lambda (#(lambda (lambda (#(lambda (lambda (lambda (fix1 $2 (lambda (lambda (if (empty? $0) $2 ($3 ($1 (cdr $0)) (car $0))))))))) $1 (lambda (lambda (cons ($2 $0) $1))) empty))) $0 $1))) (lambda (- $0 (+ $0 $0))))

constructed 1-step version spaces in 0.1 seconds
Enumerated 17550 distinct version spaces
[32m 116 sec 877 pops 21592 utility calculations best found so far:
	 (lambda (#(lambda (lambda (lambda (fix1 $2 (lambda (lambda (if (empty? $0) $2 ($3 ($1 (cdr $0)) (car $0))))))))) $0 (lambda (lambda (?1 $0 $1))) ?2)) : t0 -> (t1 -> t0 -> t0) -> list(t1) -> t0 
utility 0.03999999999999915 (adjusted from 0.03999999999999915) probabilistic score 0.0 structure penalty 42.1 [0m

[33m 116 sec 883 pops 21715 utility calculations best found so far:
	 (lambda (#(lambda (lambda (lambda (lambda (fix1 $3 (lambda (lambda (if ($2 $0) empty (cons ($3 $0) ($1 ($4 $0))))))))))) $0 (lambda (?1 $0)) (lambda (car $0)) ?2)) : (list(t0) -> bool) -> (list(t0) -> list(t0)) -> list(t0) -> list(t0) 
utility 0.02999999999999936 (adjusted from 0.02999999999999936) probabilistic score 0.0 structure penalty 43.1 [0m

[33m 116 sec 884 pops 21715 utility calculations best found so far:
	 (lambda (#(lambda (lambda (lambda (lambda (fix1 $3 (lambda (lambda (if ($2 $0) empty (cons ($3 $0) ($1 ($4 $0))))))))))) $0 ?1 (lambda (car $0)) ?2)) : (list(t0) -> bool) -> (list(t0) -> list(t0)) -> list(t0) -> list(t0) 
utility 0.02999999999999936 (adjusted from 0.02999999999999936) probabilistic score 0.0 structure penalty 43.0 [0m

[33m 120 sec 943 pops 23116 utility calculations best found so far:
	 (+ 1) : int -> int 
utility 0.009999999999999787 (adjusted from 0.009999999999999787) probabilistic score 0.0 structure penalty 42.6 [0m

[33m 121 sec 945 pops 23140 utility calculations best found so far:
	 (+ ?1 1) : int -> int 
utility 0.009999999999999787 (adjusted from 0.009999999999999787) probabilistic score 0.0 structure penalty 42.7 [0m

Utility can be improved by 0.03999999999999915
New library function occurs in 2 MAP solutions:
sum 	 (#(lambda (lambda (lambda (#(lambda (lambda (lambda (fix1 $2 (lambda (lambda (if (empty? $0) $2 ($3 ($1 (cdr $0)) (car $0))))))))) $0 (lambda (lambda ($3 $0 $1))) $2)))) 0 +)
append constant 0 	 (#(lambda (lambda (lambda (#(lambda (lambda (lambda (fix1 $2 (lambda (lambda (if (empty? $0) $2 ($3 ($1 (cdr $0)) (car $0))))))))) $0 (lambda (lambda ($3 $0 $1))) $2)))) (cons (- 1 1) empty) cons)

constructed 1-step version spaces in 0.1 seconds
Enumerated 17057 distinct version spaces
[32m 89 sec 749 pops 19025 utility calculations best found so far:
	 (lambda (#(lambda (lambda (lambda (lambda (fix1 $3 (lambda (lambda (if ($2 $0) empty (cons ($3 $0) ($1 ($4 $0))))))))))) $0 (lambda (?1 $0)) (lambda (car $0)) ?2)) : (list(t0) -> bool) -> (list(t0) -> list(t0)) -> list(t0) -> list(t0) 
utility 0.02999999999999936 (adjusted from 0.02999999999999936) probabilistic score 0.0 structure penalty 44.6 [0m

[33m 89 sec 750 pops 19025 utility calculations best found so far:
	 (lambda (#(lambda (lambda (lambda (lambda (fix1 $3 (lambda (lambda (if ($2 $0) empty (cons ($3 $0) ($1 ($4 $0))))))))))) $0 ?1 (lambda (car $0)) ?2)) : (list(t0) -> bool) -> (list(t0) -> list(t0)) -> list(t0) -> list(t0) 
utility 0.02999999999999936 (adjusted from 0.02999999999999936) probabilistic score 0.0 structure penalty 44.5 [0m

[33m 93 sec 804 pops 20344 utility calculations best found so far:
	 (+ 1) : int -> int 
utility 0.009999999999999787 (adjusted from 0.009999999999999787) probabilistic score 0.0 structure penalty 44.1 [0m

[33m 93 sec 808 pops 20419 utility calculations best found so far:
	 (+ ?1 1) : int -> int 
utility 0.009999999999999787 (adjusted from 0.009999999999999787) probabilistic score 0.0 structure penalty 44.2 [0m

Utility can be improved by 0.02999999999999936
New library function occurs in 2 MAP solutions:
take every other 	 (#(lambda (lambda (lambda (#(lambda (lambda (lambda (lambda (fix1 $3 (lambda (lambda (if ($2 $0) empty (cons ($3 $0) ($1 ($4 $0))))))))))) $0 (lambda ($2 $0)) (lambda (car $0)) $2)))) (lambda (empty? $0)) (lambda (cdr (cdr $0))))
drop last element 	 (#(lambda (lambda (lambda (#(lambda (lambda (lambda (lambda (fix1 $3 (lambda (lambda (if ($2 $0) empty (cons ($3 $0) ($1 ($4 $0))))))))))) $0 (lambda ($2 $0)) (lambda (car $0)) $2)))) (lambda (empty? (cdr $0))) (lambda (#(lambda (lambda (#(lambda (lambda (lambda (fix1 $2 (lambda (lambda (if (empty? $0) $2 ($3 ($1 (cdr $0)) (car $0))))))))) $1 (lambda (lambda (cons ($2 $0) $1))) empty))) (cdr $0) (lambda $0))))

constructed 1-step version spaces in 0.1 seconds
Enumerated 16425 distinct version spaces
[32m 48 sec 366 pops 9563 utility calculations best found so far:
	 (+ 1) : int -> int 
utility 0.009999999999999787 (adjusted from 0.009999999999999787) probabilistic score 0.0 structure penalty 46.6 [0m

[33m 48 sec 367 pops 9563 utility calculations best found so far:
	 (+ ?1 1) : int -> int 
utility 0.009999999999999787 (adjusted from 0.009999999999999787) probabilistic score 0.0 structure penalty 46.7 [0m

[33m 49 sec 374 pops 9717 utility calculations best found so far:
	 (- 0) : int -> int 
utility 0.009999999999999787 (adjusted from 0.009999999999999787) probabilistic score 0.0 structure penalty 46.6 [0m

[33m 49 sec 375 pops 9717 utility calculations best found so far:
	 (#(lambda (lambda (lambda (#(lambda (lambda (lambda (lambda (fix1 $3 (lambda (lambda (if ($2 $0) empty (cons ($3 $0) ($1 ($4 $0))))))))))) $0 (lambda ($2 $0 1)) (lambda $0) (lambda (eq? $0 $3)))))) ?1 + 0) : int -> list(int) 
utility 0.009999999999999787 (adjusted from 0.009999999999999787) probabilistic score 0.0 structure penalty 47.7 [0m

Utility can be improved by 0.009999999999999787
New library function occurs in 2 MAP solutions:
countdown 	 (lambda (#(lambda (lambda (lambda (#(lambda (lambda (lambda (lambda (fix1 $3 (lambda (lambda (if ($2 $0) empty (cons ($3 $0) ($1 ($4 $0))))))))))) $0 (lambda ($2 $0 1)) (lambda $0) (lambda (eq? $0 $3)))))) 1 - (#(+ 1) $0)))
map increment 	 (#(lambda (lambda (#(lambda (lambda (#(lambda (lambda (lambda (fix1 $2 (lambda (lambda (if (empty? $0) $2 ($3 ($1 (cdr $0)) (car $0))))))))) $1 (lambda (lambda (cons ($2 $0) $1))) empty))) $0 $1))) (lambda (#(+ 1) $0)))

constructed 1-step version spaces in 0.1 seconds
Enumerated 15805 distinct version spaces
[32m 49 sec 352 pops 9549 utility calculations best found so far:
	 (- 0) : int -> int 
utility 0.009999999999999787 (adjusted from 0.009999999999999787) probabilistic score 0.0 structure penalty 48.6 [0m

[33m 49 sec 353 pops 9549 utility calculations best found so far:
	 (#(lambda (lambda (lambda (#(lambda (lambda (lambda (lambda (fix1 $3 (lambda (lambda (if ($2 $0) empty (cons ($3 $0) ($1 ($4 $0))))))))))) $0 (lambda ($2 $0 1)) (lambda $0) (lambda (eq? $0 $3)))))) ?1 + 0) : int -> list(int) 
utility 0.009999999999999787 (adjusted from 0.009999999999999787) probabilistic score 0.0 structure penalty 49.7 [0m

Utility can be improved by 0.009999999999999787
New library function occurs in 2 MAP solutions:
weird count 	 (lambda (#(lambda (lambda (lambda (#(lambda (lambda (lambda (lambda (fix1 $3 (lambda (lambda (if ($2 $0) empty (cons ($3 $0) ($1 ($4 $0))))))))))) $0 (lambda ($2 $0 1)) (lambda $0) (lambda (eq? $0 $3)))))) 0 - (#(- 0) $0)))
map negation 	 (#(lambda (lambda (#(lambda (lambda (#(lambda (lambda (lambda (fix1 $2 (lambda (lambda (if (empty? $0) $2 ($3 ($1 (cdr $0)) (car $0))))))))) $1 (lambda (lambda (cons ($2 $0) $1))) empty))) $0 $1))) (lambda (#(- 0) $0)))

constructed 1-step version spaces in 0.1 seconds
Enumerated 15428 distinct version spaces
[32m 45 sec 312 pops 8780 utility calculations best found so far:
	 (#(lambda (lambda (lambda (#(lambda (lambda (lambda (lambda (fix1 $3 (lambda (lambda (if ($2 $0) empty (cons ($3 $0) ($1 ($4 $0))))))))))) $0 (lambda ($2 $0 1)) (lambda $0) (lambda (eq? $0 $3)))))) ?1 + 0) : int -> list(int) 
utility 0.009999999999999787 (adjusted from 0.009999999999999787) probabilistic score 0.0 structure penalty 51.7 [0m

Utility can be improved by 0.009999999999999787
New library function occurs in 2 MAP solutions:
range 	 (lambda (#(lambda (#(lambda (lambda (lambda (#(lambda (lambda (lambda (lambda (fix1 $3 (lambda (lambda (if ($2 $0) empty (cons ($3 $0) ($1 ($4 $0))))))))))) $0 (lambda ($2 $0 1)) (lambda $0) (lambda (eq? $0 $3)))))) $0 + 0)) $0))
range inclusive 	 (lambda (#(lambda (#(lambda (lambda (lambda (#(lambda (lambda (lambda (lambda (fix1 $3 (lambda (lambda (if ($2 $0) empty (cons ($3 $0) ($1 ($4 $0))))))))))) $0 (lambda ($2 $0 1)) (lambda $0) (lambda (eq? $0 $3)))))) $0 + 0)) (+ $0 1)))

constructed 1-step version spaces in 0.1 seconds
Enumerated 15326 distinct version spaces
No invention looks promising so we are done
new primitives:
int -> list(int) 	 #(lambda (#(lambda (lambda (lambda (#(lambda (lambda (lambda (lambda (fix1 $3 (lambda (lambda (if ($2 $0) empty (cons ($3 $0) ($1 ($4 $0))))))))))) $0 (lambda ($2 $0 1)) (lambda $0) (lambda (eq? $0 $3)))))) $0 + 0))
int -> int 	 #(- 0)
int -> int 	 #(+ 1)
(list(t0) -> bool) -> (list(t0) -> list(t0)) -> list(t0) -> list(t0) 	 #(lambda (lambda (lambda (#(lambda (lambda (lambda (lambda (fix1 $3 (lambda (lambda (if ($2 $0) empty (cons ($3 $0) ($1 ($4 $0))))))))))) $0 (lambda ($2 $0)) (lambda (car $0)) $2))))
t0 -> (t1 -> t0 -> t0) -> list(t1) -> t0 	 #(lambda (lambda (lambda (#(lambda (lambda (lambda (fix1 $2 (lambda (lambda (if (empty? $0) $2 ($3 ($1 (cdr $0)) (car $0))))))))) $0 (lambda (lambda ($3 $0 $1))) $2))))
(t0 -> t1) -> list(t0) -> list(t1) 	 #(lambda (lambda (#(lambda (lambda (#(lambda (lambda (lambda (fix1 $2 (lambda (lambda (if (empty? $0) $2 ($3 ($1 (cdr $0)) (car $0))))))))) $1 (lambda (lambda (cons ($2 $0) $1))) empty))) $0 $1)))
list(t0) -> int 	 #(lambda (#(lambda (lambda (lambda (fix1 $2 (lambda (lambda (if (empty? $0) $2 ($3 ($1 (cdr $0)) (car $0))))))))) $0 (lambda (lambda (+ $1 1))) 0))
t0 -> (t1 -> t0 -> bool) -> list(t1) -> list(t1) 	 #(lambda (lambda (lambda (#(lambda (lambda (lambda (fix1 $2 (lambda (lambda (if (empty? $0) $2 ($3 ($1 (cdr $0)) (car $0))))))))) $0 (lambda (lambda (if ($3 $0 $4) $1 (cons $0 $1)))) empty))))
int -> (int -> int -> int) -> int -> list(int) 	 #(lambda (lambda (lambda (#(lambda (lambda (lambda (lambda (fix1 $3 (lambda (lambda (if ($2 $0) empty (cons ($3 $0) ($1 ($4 $0))))))))))) $0 (lambda ($2 $0 1)) (lambda $0) (lambda (eq? $0 $3))))))
988.081876039505 seconds



